{"C:\\Users\\sn4ke\\dev\\activos\\finanzas-snake\\src\\constants\\index.ts": {"path":"C:\\Users\\sn4ke\\dev\\activos\\finanzas-snake\\src\\constants\\index.ts","statementMap":{"0":{"start":{"line":4,"column":28},"end":{"line":9,"column":null}},"1":{"start":{"line":14,"column":28},"end":{"line":24,"column":null}},"2":{"start":{"line":29,"column":32},"end":{"line":29,"column":null}}},"fnMap":{},"branchMap":{},"s":{"0":4,"1":4,"2":4},"f":{},"b":{},"meta":{"lastBranch":0,"lastFunction":0,"lastStatement":3,"seen":{"s:4:28:9:Infinity":0,"s:14:28:24:Infinity":1,"s:29:32:29:Infinity":2}}}
,"C:\\Users\\sn4ke\\dev\\activos\\finanzas-snake\\src\\context\\FinanzasContext.tsx": {"path":"C:\\Users\\sn4ke\\dev\\activos\\finanzas-snake\\src\\context\\FinanzasContext.tsx","statementMap":{"0":{"start":{"line":239,"column":13},"end":{"line":239,"column":null}},"1":{"start":{"line":241,"column":13},"end":{"line":2256,"column":null}},"2":{"start":{"line":242,"column":28},"end":{"line":242,"column":null}},"3":{"start":{"line":245,"column":19},"end":{"line":245,"column":null}},"4":{"start":{"line":245,"column":50},"end":{"line":245,"column":109}},"5":{"start":{"line":246,"column":19},"end":{"line":246,"column":null}},"6":{"start":{"line":246,"column":50},"end":{"line":246,"column":109}},"7":{"start":{"line":247,"column":18},"end":{"line":247,"column":null}},"8":{"start":{"line":250,"column":18},"end":{"line":255,"column":null}},"9":{"start":{"line":251,"column":2},"end":{"line":253,"column":null}},"10":{"start":{"line":252,"column":3},"end":{"line":252,"column":null}},"11":{"start":{"line":254,"column":2},"end":{"line":254,"column":null}},"12":{"start":{"line":256,"column":24},"end":{"line":261,"column":null}},"13":{"start":{"line":257,"column":2},"end":{"line":259,"column":null}},"14":{"start":{"line":258,"column":3},"end":{"line":258,"column":null}},"15":{"start":{"line":260,"column":2},"end":{"line":260,"column":null}},"16":{"start":{"line":262,"column":23},"end":{"line":262,"column":null}},"17":{"start":{"line":264,"column":18},"end":{"line":264,"column":null}},"18":{"start":{"line":264,"column":33},"end":{"line":264,"column":84}},"19":{"start":{"line":267,"column":19},"end":{"line":267,"column":null}},"20":{"start":{"line":268,"column":18},"end":{"line":280,"column":null}},"21":{"start":{"line":281,"column":19},"end":{"line":281,"column":null}},"22":{"start":{"line":283,"column":17},"end":{"line":283,"column":null}},"23":{"start":{"line":283,"column":31},"end":{"line":283,"column":80}},"24":{"start":{"line":285,"column":23},"end":{"line":294,"column":null}},"25":{"start":{"line":286,"column":23},"end":{"line":286,"column":null}},"26":{"start":{"line":287,"column":8},"end":{"line":287,"column":null}},"27":{"start":{"line":288,"column":2},"end":{"line":292,"column":null}},"28":{"start":{"line":289,"column":18},"end":{"line":289,"column":null}},"29":{"start":{"line":289,"column":44},"end":{"line":289,"column":68}},"30":{"start":{"line":290,"column":3},"end":{"line":290,"column":null}},"31":{"start":{"line":290,"column":15},"end":{"line":290,"column":null}},"32":{"start":{"line":291,"column":3},"end":{"line":291,"column":null}},"33":{"start":{"line":293,"column":2},"end":{"line":293,"column":null}},"34":{"start":{"line":296,"column":22},"end":{"line":296,"column":null}},"35":{"start":{"line":296,"column":41},"end":{"line":296,"column":100}},"36":{"start":{"line":297,"column":15},"end":{"line":297,"column":null}},"37":{"start":{"line":297,"column":27},"end":{"line":297,"column":71}},"38":{"start":{"line":298,"column":19},"end":{"line":298,"column":null}},"39":{"start":{"line":299,"column":30},"end":{"line":299,"column":null}},"40":{"start":{"line":302,"column":16},"end":{"line":314,"column":null}},"41":{"start":{"line":316,"column":18},"end":{"line":330,"column":null}},"42":{"start":{"line":331,"column":23},"end":{"line":331,"column":null}},"43":{"start":{"line":334,"column":24},"end":{"line":334,"column":null}},"44":{"start":{"line":335,"column":21},"end":{"line":339,"column":null}},"45":{"start":{"line":342,"column":18},"end":{"line":342,"column":null}},"46":{"start":{"line":343,"column":19},"end":{"line":343,"column":null}},"47":{"start":{"line":344,"column":21},"end":{"line":344,"column":null}},"48":{"start":{"line":345,"column":22},"end":{"line":345,"column":null}},"49":{"start":{"line":346,"column":22},"end":{"line":346,"column":null}},"50":{"start":{"line":347,"column":25},"end":{"line":347,"column":null}},"51":{"start":{"line":348,"column":26},"end":{"line":348,"column":null}},"52":{"start":{"line":349,"column":30},"end":{"line":349,"column":null}},"53":{"start":{"line":350,"column":26},"end":{"line":355,"column":null}},"54":{"start":{"line":358,"column":39},"end":{"line":358,"column":null}},"55":{"start":{"line":359,"column":27},"end":{"line":363,"column":null}},"56":{"start":{"line":366,"column":22},"end":{"line":366,"column":null}},"57":{"start":{"line":366,"column":41},"end":{"line":366,"column":78}},"58":{"start":{"line":367,"column":24},"end":{"line":367,"column":null}},"59":{"start":{"line":368,"column":22},"end":{"line":368,"column":null}},"60":{"start":{"line":368,"column":41},"end":{"line":368,"column":87}},"61":{"start":{"line":369,"column":19},"end":{"line":369,"column":null}},"62":{"start":{"line":370,"column":17},"end":{"line":370,"column":null}},"63":{"start":{"line":371,"column":20},"end":{"line":371,"column":null}},"64":{"start":{"line":372,"column":21},"end":{"line":372,"column":null}},"65":{"start":{"line":373,"column":23},"end":{"line":373,"column":null}},"66":{"start":{"line":376,"column":1},"end":{"line":378,"column":null}},"67":{"start":{"line":377,"column":2},"end":{"line":377,"column":null}},"68":{"start":{"line":377,"column":36},"end":{"line":377,"column":64}},"69":{"start":{"line":380,"column":1},"end":{"line":382,"column":null}},"70":{"start":{"line":381,"column":2},"end":{"line":381,"column":null}},"71":{"start":{"line":384,"column":1},"end":{"line":386,"column":null}},"72":{"start":{"line":385,"column":2},"end":{"line":385,"column":null}},"73":{"start":{"line":388,"column":1},"end":{"line":390,"column":null}},"74":{"start":{"line":389,"column":2},"end":{"line":389,"column":null}},"75":{"start":{"line":392,"column":1},"end":{"line":394,"column":null}},"76":{"start":{"line":393,"column":2},"end":{"line":393,"column":null}},"77":{"start":{"line":396,"column":1},"end":{"line":398,"column":null}},"78":{"start":{"line":397,"column":2},"end":{"line":397,"column":null}},"79":{"start":{"line":400,"column":1},"end":{"line":402,"column":null}},"80":{"start":{"line":401,"column":2},"end":{"line":401,"column":null}},"81":{"start":{"line":404,"column":1},"end":{"line":406,"column":null}},"82":{"start":{"line":405,"column":2},"end":{"line":405,"column":null}},"83":{"start":{"line":408,"column":1},"end":{"line":410,"column":null}},"84":{"start":{"line":409,"column":2},"end":{"line":409,"column":null}},"85":{"start":{"line":412,"column":1},"end":{"line":422,"column":null}},"86":{"start":{"line":413,"column":2},"end":{"line":421,"column":null}},"87":{"start":{"line":414,"column":22},"end":{"line":414,"column":null}},"88":{"start":{"line":414,"column":43},"end":{"line":414,"column":62}},"89":{"start":{"line":415,"column":3},"end":{"line":420,"column":null}},"90":{"start":{"line":415,"column":24},"end":{"line":420,"column":5}},"91":{"start":{"line":417,"column":54},"end":{"line":417,"column":77}},"92":{"start":{"line":418,"column":62},"end":{"line":418,"column":89}},"93":{"start":{"line":419,"column":58},"end":{"line":419,"column":83}},"94":{"start":{"line":425,"column":1},"end":{"line":458,"column":null}},"95":{"start":{"line":426,"column":2},"end":{"line":426,"column":null}},"96":{"start":{"line":426,"column":28},"end":{"line":426,"column":null}},"97":{"start":{"line":427,"column":17},"end":{"line":427,"column":null}},"98":{"start":{"line":427,"column":45},"end":{"line":427,"column":75}},"99":{"start":{"line":428,"column":22},"end":{"line":428,"column":null}},"100":{"start":{"line":429,"column":23},"end":{"line":429,"column":null}},"101":{"start":{"line":431,"column":2},"end":{"line":457,"column":null}},"102":{"start":{"line":432,"column":26},"end":{"line":432,"column":null}},"103":{"start":{"line":433,"column":25},"end":{"line":433,"column":null}},"104":{"start":{"line":434,"column":14},"end":{"line":434,"column":null}},"105":{"start":{"line":435,"column":3},"end":{"line":454,"column":null}},"106":{"start":{"line":436,"column":22},"end":{"line":436,"column":null}},"107":{"start":{"line":437,"column":4},"end":{"line":437,"column":null}},"108":{"start":{"line":438,"column":4},"end":{"line":441,"column":null}},"109":{"start":{"line":444,"column":31},"end":{"line":446,"column":null}},"110":{"start":{"line":445,"column":12},"end":{"line":445,"column":null}},"111":{"start":{"line":447,"column":19},"end":{"line":452,"column":null}},"112":{"start":{"line":447,"column":50},"end":{"line":452,"column":6}},"113":{"start":{"line":453,"column":4},"end":{"line":453,"column":null}},"114":{"start":{"line":455,"column":3},"end":{"line":455,"column":null}},"115":{"start":{"line":456,"column":3},"end":{"line":456,"column":null}},"116":{"start":{"line":461,"column":7},"end":{"line":461,"column":null}},"117":{"start":{"line":463,"column":26},"end":{"line":472,"column":null}},"118":{"start":{"line":474,"column":22},"end":{"line":474,"column":null}},"119":{"start":{"line":475,"column":23},"end":{"line":475,"column":null}},"120":{"start":{"line":476,"column":34},"end":{"line":476,"column":null}},"121":{"start":{"line":477,"column":27},"end":{"line":477,"column":null}},"122":{"start":{"line":478,"column":31},"end":{"line":478,"column":null}},"123":{"start":{"line":479,"column":31},"end":{"line":479,"column":null}},"124":{"start":{"line":481,"column":30},"end":{"line":481,"column":null}},"125":{"start":{"line":481,"column":57},"end":{"line":481,"column":97}},"126":{"start":{"line":483,"column":7},"end":{"line":483,"column":null}},"127":{"start":{"line":483,"column":36},"end":{"line":483,"column":null}},"128":{"start":{"line":485,"column":26},"end":{"line":487,"column":null}},"129":{"start":{"line":486,"column":17},"end":{"line":486,"column":68}},"130":{"start":{"line":487,"column":22},"end":{"line":487,"column":58}},"131":{"start":{"line":489,"column":23},"end":{"line":491,"column":null}},"132":{"start":{"line":490,"column":17},"end":{"line":490,"column":68}},"133":{"start":{"line":491,"column":22},"end":{"line":491,"column":58}},"134":{"start":{"line":493,"column":27},"end":{"line":495,"column":null}},"135":{"start":{"line":494,"column":17},"end":{"line":494,"column":69}},"136":{"start":{"line":495,"column":22},"end":{"line":495,"column":58}},"137":{"start":{"line":497,"column":24},"end":{"line":499,"column":null}},"138":{"start":{"line":498,"column":17},"end":{"line":498,"column":69}},"139":{"start":{"line":499,"column":22},"end":{"line":499,"column":58}},"140":{"start":{"line":502,"column":23},"end":{"line":510,"column":null}},"141":{"start":{"line":503,"column":8},"end":{"line":503,"column":null}},"142":{"start":{"line":504,"column":2},"end":{"line":504,"column":null}},"143":{"start":{"line":504,"column":29},"end":{"line":504,"column":null}},"144":{"start":{"line":505,"column":2},"end":{"line":508,"column":null}},"145":{"start":{"line":506,"column":9},"end":{"line":506,"column":null}},"146":{"start":{"line":507,"column":3},"end":{"line":507,"column":null}},"147":{"start":{"line":509,"column":2},"end":{"line":509,"column":null}},"148":{"start":{"line":513,"column":22},"end":{"line":515,"column":null}},"149":{"start":{"line":514,"column":17},"end":{"line":514,"column":84}},"150":{"start":{"line":515,"column":22},"end":{"line":515,"column":48}},"151":{"start":{"line":517,"column":22},"end":{"line":519,"column":null}},"152":{"start":{"line":518,"column":17},"end":{"line":518,"column":84}},"153":{"start":{"line":519,"column":22},"end":{"line":519,"column":48}},"154":{"start":{"line":521,"column":7},"end":{"line":521,"column":null}},"155":{"start":{"line":524,"column":7},"end":{"line":524,"column":null}},"156":{"start":{"line":525,"column":22},"end":{"line":525,"column":null}},"157":{"start":{"line":525,"column":74},"end":{"line":525,"column":82}},"158":{"start":{"line":528,"column":34},"end":{"line":530,"column":null}},"159":{"start":{"line":529,"column":3},"end":{"line":529,"column":null}},"160":{"start":{"line":531,"column":31},"end":{"line":531,"column":null}},"161":{"start":{"line":531,"column":75},"end":{"line":531,"column":94}},"162":{"start":{"line":533,"column":7},"end":{"line":533,"column":null}},"163":{"start":{"line":534,"column":27},"end":{"line":534,"column":null}},"164":{"start":{"line":536,"column":39},"end":{"line":538,"column":null}},"165":{"start":{"line":537,"column":2},"end":{"line":537,"column":null}},"166":{"start":{"line":540,"column":31},"end":{"line":543,"column":null}},"167":{"start":{"line":541,"column":8},"end":{"line":541,"column":null}},"168":{"start":{"line":542,"column":2},"end":{"line":542,"column":null}},"169":{"start":{"line":545,"column":7},"end":{"line":549,"column":null}},"170":{"start":{"line":551,"column":37},"end":{"line":551,"column":null}},"171":{"start":{"line":552,"column":34},"end":{"line":552,"column":null}},"172":{"start":{"line":555,"column":7},"end":{"line":572,"column":null}},"173":{"start":{"line":556,"column":2},"end":{"line":556,"column":null}},"174":{"start":{"line":557,"column":2},"end":{"line":559,"column":null}},"175":{"start":{"line":558,"column":3},"end":{"line":558,"column":null}},"176":{"start":{"line":561,"column":8},"end":{"line":561,"column":null}},"177":{"start":{"line":561,"column":90},"end":{"line":561,"column":121}},"178":{"start":{"line":563,"column":22},"end":{"line":563,"column":null}},"179":{"start":{"line":564,"column":28},"end":{"line":568,"column":null}},"180":{"start":{"line":569,"column":2},"end":{"line":569,"column":null}},"181":{"start":{"line":570,"column":2},"end":{"line":570,"column":null}},"182":{"start":{"line":571,"column":2},"end":{"line":571,"column":null}},"183":{"start":{"line":574,"column":7},"end":{"line":587,"column":null}},"184":{"start":{"line":575,"column":2},"end":{"line":586,"column":null}},"185":{"start":{"line":576,"column":3},"end":{"line":576,"column":null}},"186":{"start":{"line":577,"column":3},"end":{"line":577,"column":null}},"187":{"start":{"line":578,"column":3},"end":{"line":578,"column":null}},"188":{"start":{"line":579,"column":3},"end":{"line":583,"column":null}},"189":{"start":{"line":584,"column":3},"end":{"line":584,"column":null}},"190":{"start":{"line":585,"column":3},"end":{"line":585,"column":null}},"191":{"start":{"line":589,"column":7},"end":{"line":621,"column":null}},"192":{"start":{"line":590,"column":2},"end":{"line":590,"column":null}},"193":{"start":{"line":590,"column":28},"end":{"line":590,"column":null}},"194":{"start":{"line":591,"column":17},"end":{"line":591,"column":null}},"195":{"start":{"line":591,"column":45},"end":{"line":591,"column":75}},"196":{"start":{"line":592,"column":22},"end":{"line":592,"column":null}},"197":{"start":{"line":593,"column":8},"end":{"line":593,"column":null}},"198":{"start":{"line":595,"column":2},"end":{"line":598,"column":null}},"199":{"start":{"line":595,"column":26},"end":{"line":595,"column":47}},"200":{"start":{"line":596,"column":3},"end":{"line":596,"column":null}},"201":{"start":{"line":597,"column":3},"end":{"line":597,"column":null}},"202":{"start":{"line":600,"column":28},"end":{"line":603,"column":null}},"203":{"start":{"line":606,"column":31},"end":{"line":608,"column":null}},"204":{"start":{"line":607,"column":10},"end":{"line":607,"column":null}},"205":{"start":{"line":609,"column":17},"end":{"line":614,"column":null}},"206":{"start":{"line":609,"column":50},"end":{"line":614,"column":4}},"207":{"start":{"line":616,"column":2},"end":{"line":616,"column":null}},"208":{"start":{"line":617,"column":2},"end":{"line":619,"column":null}},"209":{"start":{"line":618,"column":3},"end":{"line":618,"column":null}},"210":{"start":{"line":618,"column":29},"end":{"line":618,"column":49}},"211":{"start":{"line":620,"column":2},"end":{"line":620,"column":null}},"212":{"start":{"line":623,"column":7},"end":{"line":707,"column":null}},"213":{"start":{"line":624,"column":2},"end":{"line":624,"column":null}},"214":{"start":{"line":625,"column":2},"end":{"line":625,"column":null}},"215":{"start":{"line":625,"column":38},"end":{"line":625,"column":null}},"216":{"start":{"line":627,"column":8},"end":{"line":634,"column":null}},"217":{"start":{"line":628,"column":19},"end":{"line":628,"column":null}},"218":{"start":{"line":628,"column":40},"end":{"line":628,"column":55}},"219":{"start":{"line":629,"column":17},"end":{"line":629,"column":null}},"220":{"start":{"line":629,"column":38},"end":{"line":629,"column":51}},"221":{"start":{"line":630,"column":3},"end":{"line":632,"column":null}},"222":{"start":{"line":631,"column":4},"end":{"line":631,"column":null}},"223":{"start":{"line":631,"column":39},"end":{"line":631,"column":null}},"224":{"start":{"line":633,"column":3},"end":{"line":633,"column":null}},"225":{"start":{"line":636,"column":8},"end":{"line":641,"column":null}},"226":{"start":{"line":637,"column":3},"end":{"line":639,"column":null}},"227":{"start":{"line":638,"column":4},"end":{"line":638,"column":null}},"228":{"start":{"line":640,"column":3},"end":{"line":640,"column":null}},"229":{"start":{"line":643,"column":8},"end":{"line":656,"column":null}},"230":{"start":{"line":644,"column":3},"end":{"line":646,"column":null}},"231":{"start":{"line":645,"column":4},"end":{"line":645,"column":null}},"232":{"start":{"line":647,"column":3},"end":{"line":654,"column":null}},"233":{"start":{"line":648,"column":16},"end":{"line":648,"column":null}},"234":{"start":{"line":648,"column":37},"end":{"line":648,"column":62}},"235":{"start":{"line":649,"column":4},"end":{"line":653,"column":null}},"236":{"start":{"line":650,"column":5},"end":{"line":650,"column":null}},"237":{"start":{"line":650,"column":32},"end":{"line":650,"column":null}},"238":{"start":{"line":651,"column":5},"end":{"line":651,"column":null}},"239":{"start":{"line":651,"column":32},"end":{"line":651,"column":null}},"240":{"start":{"line":652,"column":5},"end":{"line":652,"column":null}},"241":{"start":{"line":655,"column":3},"end":{"line":655,"column":null}},"242":{"start":{"line":658,"column":18},"end":{"line":658,"column":null}},"243":{"start":{"line":659,"column":25},"end":{"line":659,"column":null}},"244":{"start":{"line":660,"column":26},"end":{"line":660,"column":null}},"245":{"start":{"line":661,"column":29},"end":{"line":674,"column":null}},"246":{"start":{"line":676,"column":24},"end":{"line":676,"column":null}},"247":{"start":{"line":679,"column":2},"end":{"line":698,"column":null}},"248":{"start":{"line":680,"column":24},"end":{"line":680,"column":null}},"249":{"start":{"line":681,"column":19},"end":{"line":681,"column":null}},"250":{"start":{"line":682,"column":24},"end":{"line":685,"column":null}},"251":{"start":{"line":683,"column":16},"end":{"line":683,"column":23}},"252":{"start":{"line":684,"column":19},"end":{"line":684,"column":35}},"253":{"start":{"line":687,"column":43},"end":{"line":687,"column":null}},"254":{"start":{"line":688,"column":3},"end":{"line":696,"column":null}},"255":{"start":{"line":689,"column":20},"end":{"line":689,"column":null}},"256":{"start":{"line":690,"column":4},"end":{"line":695,"column":null}},"257":{"start":{"line":697,"column":3},"end":{"line":697,"column":null}},"258":{"start":{"line":700,"column":2},"end":{"line":700,"column":null}},"259":{"start":{"line":701,"column":2},"end":{"line":706,"column":null}},"260":{"start":{"line":709,"column":7},"end":{"line":725,"column":null}},"261":{"start":{"line":710,"column":2},"end":{"line":710,"column":null}},"262":{"start":{"line":711,"column":2},"end":{"line":723,"column":null}},"263":{"start":{"line":724,"column":2},"end":{"line":724,"column":null}},"264":{"start":{"line":727,"column":7},"end":{"line":871,"column":null}},"265":{"start":{"line":728,"column":2},"end":{"line":728,"column":null}},"266":{"start":{"line":729,"column":2},"end":{"line":729,"column":null}},"267":{"start":{"line":729,"column":56},"end":{"line":729,"column":null}},"268":{"start":{"line":731,"column":24},"end":{"line":731,"column":null}},"269":{"start":{"line":732,"column":17},"end":{"line":732,"column":null}},"270":{"start":{"line":733,"column":23},"end":{"line":733,"column":null}},"271":{"start":{"line":735,"column":8},"end":{"line":742,"column":null}},"272":{"start":{"line":736,"column":19},"end":{"line":736,"column":null}},"273":{"start":{"line":736,"column":40},"end":{"line":736,"column":55}},"274":{"start":{"line":737,"column":17},"end":{"line":737,"column":null}},"275":{"start":{"line":737,"column":38},"end":{"line":737,"column":51}},"276":{"start":{"line":738,"column":3},"end":{"line":740,"column":null}},"277":{"start":{"line":739,"column":4},"end":{"line":739,"column":null}},"278":{"start":{"line":739,"column":39},"end":{"line":739,"column":null}},"279":{"start":{"line":741,"column":3},"end":{"line":741,"column":null}},"280":{"start":{"line":744,"column":8},"end":{"line":749,"column":null}},"281":{"start":{"line":745,"column":3},"end":{"line":747,"column":null}},"282":{"start":{"line":746,"column":4},"end":{"line":746,"column":null}},"283":{"start":{"line":748,"column":3},"end":{"line":748,"column":null}},"284":{"start":{"line":751,"column":8},"end":{"line":764,"column":null}},"285":{"start":{"line":752,"column":3},"end":{"line":754,"column":null}},"286":{"start":{"line":753,"column":4},"end":{"line":753,"column":null}},"287":{"start":{"line":755,"column":3},"end":{"line":762,"column":null}},"288":{"start":{"line":756,"column":16},"end":{"line":756,"column":null}},"289":{"start":{"line":756,"column":37},"end":{"line":756,"column":64}},"290":{"start":{"line":757,"column":4},"end":{"line":761,"column":null}},"291":{"start":{"line":758,"column":5},"end":{"line":758,"column":null}},"292":{"start":{"line":758,"column":32},"end":{"line":758,"column":null}},"293":{"start":{"line":759,"column":5},"end":{"line":759,"column":null}},"294":{"start":{"line":759,"column":32},"end":{"line":759,"column":null}},"295":{"start":{"line":760,"column":5},"end":{"line":760,"column":null}},"296":{"start":{"line":763,"column":3},"end":{"line":763,"column":null}},"297":{"start":{"line":766,"column":25},"end":{"line":766,"column":null}},"298":{"start":{"line":767,"column":26},"end":{"line":767,"column":null}},"299":{"start":{"line":768,"column":24},"end":{"line":777,"column":null}},"300":{"start":{"line":779,"column":20},"end":{"line":779,"column":null}},"301":{"start":{"line":780,"column":25},"end":{"line":780,"column":null}},"302":{"start":{"line":782,"column":2},"end":{"line":868,"column":null}},"303":{"start":{"line":783,"column":20},"end":{"line":839,"column":null}},"304":{"start":{"line":784,"column":21},"end":{"line":784,"column":null}},"305":{"start":{"line":786,"column":4},"end":{"line":837,"column":null}},"306":{"start":{"line":787,"column":5},"end":{"line":826,"column":null}},"307":{"start":{"line":788,"column":6},"end":{"line":797,"column":null}},"308":{"start":{"line":789,"column":7},"end":{"line":796,"column":null}},"309":{"start":{"line":798,"column":12},"end":{"line":826,"column":null}},"310":{"start":{"line":800,"column":7},"end":{"line":801,"column":null}},"311":{"start":{"line":802,"column":6},"end":{"line":812,"column":null}},"312":{"start":{"line":803,"column":55},"end":{"line":803,"column":null}},"313":{"start":{"line":804,"column":7},"end":{"line":811,"column":null}},"314":{"start":{"line":813,"column":12},"end":{"line":826,"column":null}},"315":{"start":{"line":814,"column":30},"end":{"line":814,"column":null}},"316":{"start":{"line":815,"column":6},"end":{"line":825,"column":null}},"317":{"start":{"line":816,"column":55},"end":{"line":816,"column":null}},"318":{"start":{"line":817,"column":7},"end":{"line":824,"column":null}},"319":{"start":{"line":828,"column":5},"end":{"line":836,"column":null}},"320":{"start":{"line":829,"column":6},"end":{"line":835,"column":null}},"321":{"start":{"line":838,"column":4},"end":{"line":838,"column":null}},"322":{"start":{"line":841,"column":3},"end":{"line":865,"column":null}},"323":{"start":{"line":842,"column":25},"end":{"line":842,"column":null}},"324":{"start":{"line":843,"column":20},"end":{"line":843,"column":null}},"325":{"start":{"line":844,"column":25},"end":{"line":847,"column":null}},"326":{"start":{"line":845,"column":17},"end":{"line":845,"column":24}},"327":{"start":{"line":846,"column":20},"end":{"line":846,"column":36}},"328":{"start":{"line":849,"column":44},"end":{"line":849,"column":null}},"329":{"start":{"line":850,"column":4},"end":{"line":863,"column":null}},"330":{"start":{"line":851,"column":21},"end":{"line":851,"column":null}},"331":{"start":{"line":852,"column":5},"end":{"line":862,"column":null}},"332":{"start":{"line":852,"column":33},"end":{"line":852,"column":49}},"333":{"start":{"line":853,"column":6},"end":{"line":861,"column":null}},"334":{"start":{"line":864,"column":4},"end":{"line":864,"column":null}},"335":{"start":{"line":867,"column":3},"end":{"line":867,"column":null}},"336":{"start":{"line":870,"column":2},"end":{"line":870,"column":null}},"337":{"start":{"line":873,"column":7},"end":{"line":896,"column":null}},"338":{"start":{"line":874,"column":19},"end":{"line":874,"column":null}},"339":{"start":{"line":874,"column":44},"end":{"line":874,"column":55}},"340":{"start":{"line":875,"column":2},"end":{"line":875,"column":null}},"341":{"start":{"line":875,"column":17},"end":{"line":875,"column":null}},"342":{"start":{"line":877,"column":2},"end":{"line":893,"column":null}},"343":{"start":{"line":878,"column":24},"end":{"line":880,"column":null}},"344":{"start":{"line":881,"column":3},"end":{"line":892,"column":null}},"345":{"start":{"line":882,"column":19},"end":{"line":882,"column":null}},"346":{"start":{"line":883,"column":25},"end":{"line":883,"column":null}},"347":{"start":{"line":884,"column":4},"end":{"line":890,"column":null}},"348":{"start":{"line":887,"column":7},"end":{"line":888,"column":null}},"349":{"start":{"line":891,"column":4},"end":{"line":891,"column":null}},"350":{"start":{"line":895,"column":2},"end":{"line":895,"column":null}},"351":{"start":{"line":895,"column":45},"end":{"line":895,"column":56}},"352":{"start":{"line":898,"column":7},"end":{"line":904,"column":null}},"353":{"start":{"line":899,"column":2},"end":{"line":899,"column":null}},"354":{"start":{"line":899,"column":31},"end":{"line":899,"column":42}},"355":{"start":{"line":900,"column":2},"end":{"line":900,"column":null}},"356":{"start":{"line":900,"column":84},"end":{"line":900,"column":97}},"357":{"start":{"line":901,"column":2},"end":{"line":903,"column":null}},"358":{"start":{"line":902,"column":3},"end":{"line":902,"column":null}},"359":{"start":{"line":906,"column":7},"end":{"line":985,"column":null}},"360":{"start":{"line":907,"column":2},"end":{"line":907,"column":null}},"361":{"start":{"line":908,"column":2},"end":{"line":908,"column":null}},"362":{"start":{"line":910,"column":2},"end":{"line":910,"column":null}},"363":{"start":{"line":910,"column":22},"end":{"line":910,"column":null}},"364":{"start":{"line":912,"column":2},"end":{"line":933,"column":null}},"365":{"start":{"line":913,"column":3},"end":{"line":913,"column":null}},"366":{"start":{"line":913,"column":69},"end":{"line":913,"column":null}},"367":{"start":{"line":915,"column":15},"end":{"line":915,"column":null}},"368":{"start":{"line":916,"column":25},"end":{"line":928,"column":null}},"369":{"start":{"line":930,"column":3},"end":{"line":930,"column":null}},"370":{"start":{"line":931,"column":3},"end":{"line":931,"column":null}},"371":{"start":{"line":932,"column":3},"end":{"line":932,"column":null}},"372":{"start":{"line":935,"column":2},"end":{"line":935,"column":null}},"373":{"start":{"line":935,"column":32},"end":{"line":935,"column":null}},"374":{"start":{"line":937,"column":24},"end":{"line":939,"column":null}},"375":{"start":{"line":938,"column":4},"end":{"line":938,"column":null}},"376":{"start":{"line":940,"column":2},"end":{"line":943,"column":null}},"377":{"start":{"line":941,"column":3},"end":{"line":941,"column":null}},"378":{"start":{"line":942,"column":3},"end":{"line":942,"column":null}},"379":{"start":{"line":945,"column":25},"end":{"line":945,"column":null}},"380":{"start":{"line":946,"column":15},"end":{"line":946,"column":null}},"381":{"start":{"line":947,"column":21},"end":{"line":947,"column":null}},"382":{"start":{"line":948,"column":24},"end":{"line":951,"column":null}},"383":{"start":{"line":949,"column":21},"end":{"line":949,"column":null}},"384":{"start":{"line":953,"column":2},"end":{"line":958,"column":null}},"385":{"start":{"line":954,"column":3},"end":{"line":956,"column":null}},"386":{"start":{"line":957,"column":3},"end":{"line":957,"column":null}},"387":{"start":{"line":960,"column":13},"end":{"line":960,"column":null}},"388":{"start":{"line":961,"column":24},"end":{"line":973,"column":null}},"389":{"start":{"line":975,"column":2},"end":{"line":975,"column":null}},"390":{"start":{"line":976,"column":2},"end":{"line":984,"column":null}},"391":{"start":{"line":987,"column":7},"end":{"line":1000,"column":null}},"392":{"start":{"line":988,"column":2},"end":{"line":988,"column":null}},"393":{"start":{"line":989,"column":2},"end":{"line":989,"column":null}},"394":{"start":{"line":989,"column":25},"end":{"line":989,"column":null}},"395":{"start":{"line":991,"column":26},"end":{"line":996,"column":null}},"396":{"start":{"line":998,"column":2},"end":{"line":998,"column":null}},"397":{"start":{"line":999,"column":2},"end":{"line":999,"column":null}},"398":{"start":{"line":1002,"column":7},"end":{"line":1021,"column":null}},"399":{"start":{"line":1003,"column":2},"end":{"line":1003,"column":null}},"400":{"start":{"line":1004,"column":2},"end":{"line":1004,"column":null}},"401":{"start":{"line":1004,"column":44},"end":{"line":1004,"column":null}},"402":{"start":{"line":1006,"column":25},"end":{"line":1006,"column":null}},"403":{"start":{"line":1007,"column":2},"end":{"line":1017,"column":null}},"404":{"start":{"line":1008,"column":3},"end":{"line":1015,"column":null}},"405":{"start":{"line":1009,"column":4},"end":{"line":1014,"column":null}},"406":{"start":{"line":1016,"column":3},"end":{"line":1016,"column":null}},"407":{"start":{"line":1019,"column":2},"end":{"line":1019,"column":null}},"408":{"start":{"line":1020,"column":2},"end":{"line":1020,"column":null}},"409":{"start":{"line":1023,"column":7},"end":{"line":1030,"column":null}},"410":{"start":{"line":1024,"column":2},"end":{"line":1024,"column":null}},"411":{"start":{"line":1025,"column":2},"end":{"line":1029,"column":null}},"412":{"start":{"line":1032,"column":7},"end":{"line":1059,"column":null}},"413":{"start":{"line":1033,"column":2},"end":{"line":1036,"column":null}},"414":{"start":{"line":1034,"column":3},"end":{"line":1034,"column":null}},"415":{"start":{"line":1035,"column":3},"end":{"line":1035,"column":null}},"416":{"start":{"line":1037,"column":2},"end":{"line":1058,"column":null}},"417":{"start":{"line":1038,"column":3},"end":{"line":1038,"column":null}},"418":{"start":{"line":1038,"column":38},"end":{"line":1038,"column":49}},"419":{"start":{"line":1040,"column":3},"end":{"line":1048,"column":null}},"420":{"start":{"line":1041,"column":4},"end":{"line":1047,"column":null}},"421":{"start":{"line":1042,"column":21},"end":{"line":1042,"column":null}},"422":{"start":{"line":1043,"column":5},"end":{"line":1043,"column":null}},"423":{"start":{"line":1043,"column":29},"end":{"line":1043,"column":null}},"424":{"start":{"line":1044,"column":5},"end":{"line":1044,"column":null}},"425":{"start":{"line":1044,"column":33},"end":{"line":1044,"column":null}},"426":{"start":{"line":1045,"column":5},"end":{"line":1045,"column":null}},"427":{"start":{"line":1045,"column":31},"end":{"line":1045,"column":null}},"428":{"start":{"line":1046,"column":5},"end":{"line":1046,"column":null}},"429":{"start":{"line":1050,"column":3},"end":{"line":1057,"column":null}},"430":{"start":{"line":1051,"column":4},"end":{"line":1056,"column":null}},"431":{"start":{"line":1052,"column":5},"end":{"line":1054,"column":null}},"432":{"start":{"line":1053,"column":6},"end":{"line":1053,"column":null}},"433":{"start":{"line":1055,"column":5},"end":{"line":1055,"column":null}},"434":{"start":{"line":1061,"column":7},"end":{"line":1070,"column":null}},"435":{"start":{"line":1062,"column":15},"end":{"line":1062,"column":null}},"436":{"start":{"line":1062,"column":36},"end":{"line":1062,"column":50}},"437":{"start":{"line":1063,"column":2},"end":{"line":1063,"column":null}},"438":{"start":{"line":1063,"column":40},"end":{"line":1063,"column":null}},"439":{"start":{"line":1065,"column":2},"end":{"line":1069,"column":null}},"440":{"start":{"line":1066,"column":3},"end":{"line":1066,"column":null}},"441":{"start":{"line":1066,"column":85},"end":{"line":1066,"column":98}},"442":{"start":{"line":1068,"column":3},"end":{"line":1068,"column":null}},"443":{"start":{"line":1072,"column":7},"end":{"line":1077,"column":null}},"444":{"start":{"line":1073,"column":2},"end":{"line":1076,"column":null}},"445":{"start":{"line":1073,"column":25},"end":{"line":1076,"column":4}},"446":{"start":{"line":1075,"column":45},"end":{"line":1075,"column":100}},"447":{"start":{"line":1079,"column":7},"end":{"line":1084,"column":null}},"448":{"start":{"line":1080,"column":2},"end":{"line":1083,"column":null}},"449":{"start":{"line":1080,"column":25},"end":{"line":1083,"column":4}},"450":{"start":{"line":1086,"column":7},"end":{"line":1091,"column":null}},"451":{"start":{"line":1087,"column":2},"end":{"line":1090,"column":null}},"452":{"start":{"line":1087,"column":25},"end":{"line":1090,"column":4}},"453":{"start":{"line":1089,"column":74},"end":{"line":1089,"column":91}},"454":{"start":{"line":1093,"column":7},"end":{"line":1107,"column":null}},"455":{"start":{"line":1094,"column":31},"end":{"line":1104,"column":null}},"456":{"start":{"line":1095,"column":3},"end":{"line":1095,"column":null}},"457":{"start":{"line":1095,"column":55},"end":{"line":1095,"column":null}},"458":{"start":{"line":1096,"column":3},"end":{"line":1103,"column":null}},"459":{"start":{"line":1099,"column":5},"end":{"line":1101,"column":null}},"460":{"start":{"line":1105,"column":2},"end":{"line":1105,"column":null}},"461":{"start":{"line":1106,"column":2},"end":{"line":1106,"column":null}},"462":{"start":{"line":1106,"column":54},"end":{"line":1106,"column":72}},"463":{"start":{"line":1110,"column":25},"end":{"line":1177,"column":null}},"464":{"start":{"line":1111,"column":2},"end":{"line":1114,"column":null}},"465":{"start":{"line":1112,"column":3},"end":{"line":1112,"column":null}},"466":{"start":{"line":1113,"column":3},"end":{"line":1113,"column":null}},"467":{"start":{"line":1115,"column":2},"end":{"line":1115,"column":null}},"468":{"start":{"line":1115,"column":28},"end":{"line":1115,"column":null}},"469":{"start":{"line":1117,"column":2},"end":{"line":1117,"column":null}},"470":{"start":{"line":1118,"column":2},"end":{"line":1118,"column":null}},"471":{"start":{"line":1120,"column":31},"end":{"line":1124,"column":null}},"472":{"start":{"line":1125,"column":26},"end":{"line":1125,"column":null}},"473":{"start":{"line":1126,"column":2},"end":{"line":1126,"column":null}},"474":{"start":{"line":1127,"column":2},"end":{"line":1127,"column":null}},"475":{"start":{"line":1129,"column":2},"end":{"line":1176,"column":null}},"476":{"start":{"line":1130,"column":24},"end":{"line":1161,"column":null}},"477":{"start":{"line":1163,"column":9},"end":{"line":1163,"column":null}},"478":{"start":{"line":1164,"column":24},"end":{"line":1164,"column":null}},"479":{"start":{"line":1166,"column":30},"end":{"line":1170,"column":null}},"480":{"start":{"line":1171,"column":3},"end":{"line":1171,"column":null}},"481":{"start":{"line":1171,"column":29},"end":{"line":1171,"column":45}},"482":{"start":{"line":1173,"column":3},"end":{"line":1173,"column":null}},"483":{"start":{"line":1175,"column":3},"end":{"line":1175,"column":null}},"484":{"start":{"line":1179,"column":7},"end":{"line":1184,"column":null}},"485":{"start":{"line":1180,"column":2},"end":{"line":1183,"column":null}},"486":{"start":{"line":1181,"column":3},"end":{"line":1181,"column":null}},"487":{"start":{"line":1182,"column":3},"end":{"line":1182,"column":null}},"488":{"start":{"line":1186,"column":7},"end":{"line":1204,"column":null}},"489":{"start":{"line":1187,"column":15},"end":{"line":1187,"column":null}},"490":{"start":{"line":1188,"column":2},"end":{"line":1188,"column":null}},"491":{"start":{"line":1189,"column":2},"end":{"line":1189,"column":null}},"492":{"start":{"line":1190,"column":2},"end":{"line":1190,"column":null}},"493":{"start":{"line":1191,"column":2},"end":{"line":1191,"column":null}},"494":{"start":{"line":1192,"column":2},"end":{"line":1192,"column":null}},"495":{"start":{"line":1193,"column":2},"end":{"line":1193,"column":null}},"496":{"start":{"line":1194,"column":2},"end":{"line":1194,"column":null}},"497":{"start":{"line":1195,"column":2},"end":{"line":1195,"column":null}},"498":{"start":{"line":1196,"column":2},"end":{"line":1196,"column":null}},"499":{"start":{"line":1197,"column":2},"end":{"line":1197,"column":null}},"500":{"start":{"line":1198,"column":2},"end":{"line":1200,"column":null}},"501":{"start":{"line":1199,"column":3},"end":{"line":1199,"column":null}},"502":{"start":{"line":1199,"column":43},"end":{"line":1199,"column":54}},"503":{"start":{"line":1199,"column":68},"end":{"line":1199,"column":76}},"504":{"start":{"line":1201,"column":2},"end":{"line":1201,"column":null}},"505":{"start":{"line":1202,"column":2},"end":{"line":1202,"column":null}},"506":{"start":{"line":1203,"column":2},"end":{"line":1203,"column":null}},"507":{"start":{"line":1206,"column":7},"end":{"line":1220,"column":null}},"508":{"start":{"line":1207,"column":15},"end":{"line":1213,"column":null}},"509":{"start":{"line":1209,"column":21},"end":{"line":1209,"column":null}},"510":{"start":{"line":1210,"column":25},"end":{"line":1210,"column":null}},"511":{"start":{"line":1211,"column":4},"end":{"line":1211,"column":null}},"512":{"start":{"line":1215,"column":2},"end":{"line":1219,"column":null}},"513":{"start":{"line":1218,"column":3},"end":{"line":1218,"column":null}},"514":{"start":{"line":1222,"column":7},"end":{"line":1395,"column":null}},"515":{"start":{"line":1223,"column":16},"end":{"line":1223,"column":null}},"516":{"start":{"line":1225,"column":8},"end":{"line":1236,"column":null}},"517":{"start":{"line":1226,"column":17},"end":{"line":1231,"column":null}},"518":{"start":{"line":1233,"column":3},"end":{"line":1233,"column":null}},"519":{"start":{"line":1234,"column":3},"end":{"line":1234,"column":null}},"520":{"start":{"line":1235,"column":3},"end":{"line":1235,"column":null}},"521":{"start":{"line":1238,"column":20},"end":{"line":1392,"column":null}},"522":{"start":{"line":1239,"column":3},"end":{"line":1391,"column":null}},"523":{"start":{"line":1240,"column":18},"end":{"line":1240,"column":null}},"524":{"start":{"line":1241,"column":19},"end":{"line":1241,"column":null}},"525":{"start":{"line":1242,"column":15},"end":{"line":1242,"column":null}},"526":{"start":{"line":1243,"column":4},"end":{"line":1246,"column":null}},"527":{"start":{"line":1244,"column":5},"end":{"line":1244,"column":null}},"528":{"start":{"line":1245,"column":5},"end":{"line":1245,"column":null}},"529":{"start":{"line":1247,"column":24},"end":{"line":1250,"column":null}},"530":{"start":{"line":1251,"column":4},"end":{"line":1253,"column":null}},"531":{"start":{"line":1255,"column":18},"end":{"line":1255,"column":null}},"532":{"start":{"line":1256,"column":35},"end":{"line":1256,"column":null}},"533":{"start":{"line":1257,"column":30},"end":{"line":1257,"column":null}},"534":{"start":{"line":1258,"column":39},"end":{"line":1258,"column":null}},"535":{"start":{"line":1260,"column":10},"end":{"line":1270,"column":null}},"536":{"start":{"line":1261,"column":5},"end":{"line":1269,"column":null}},"537":{"start":{"line":1262,"column":6},"end":{"line":1266,"column":null}},"538":{"start":{"line":1263,"column":7},"end":{"line":1263,"column":null}},"539":{"start":{"line":1263,"column":136},"end":{"line":1263,"column":208}},"540":{"start":{"line":1264,"column":13},"end":{"line":1266,"column":null}},"541":{"start":{"line":1265,"column":7},"end":{"line":1265,"column":null}},"542":{"start":{"line":1265,"column":139},"end":{"line":1265,"column":211}},"543":{"start":{"line":1267,"column":6},"end":{"line":1267,"column":null}},"544":{"start":{"line":1268,"column":6},"end":{"line":1268,"column":null}},"545":{"start":{"line":1272,"column":10},"end":{"line":1326,"column":null}},"546":{"start":{"line":1273,"column":5},"end":{"line":1273,"column":null}},"547":{"start":{"line":1273,"column":32},"end":{"line":1273,"column":null}},"548":{"start":{"line":1275,"column":11},"end":{"line":1280,"column":null}},"549":{"start":{"line":1276,"column":20},"end":{"line":1276,"column":null}},"550":{"start":{"line":1277,"column":6},"end":{"line":1277,"column":null}},"551":{"start":{"line":1277,"column":36},"end":{"line":1277,"column":null}},"552":{"start":{"line":1278,"column":6},"end":{"line":1278,"column":null}},"553":{"start":{"line":1278,"column":34},"end":{"line":1278,"column":null}},"554":{"start":{"line":1279,"column":6},"end":{"line":1279,"column":null}},"555":{"start":{"line":1279,"column":28},"end":{"line":1279,"column":36}},"556":{"start":{"line":1282,"column":21},"end":{"line":1282,"column":null}},"557":{"start":{"line":1283,"column":21},"end":{"line":1283,"column":null}},"558":{"start":{"line":1284,"column":25},"end":{"line":1284,"column":null}},"559":{"start":{"line":1286,"column":26},"end":{"line":1286,"column":null}},"560":{"start":{"line":1287,"column":33},"end":{"line":1287,"column":null}},"561":{"start":{"line":1289,"column":5},"end":{"line":1301,"column":null}},"562":{"start":{"line":1290,"column":6},"end":{"line":1290,"column":null}},"563":{"start":{"line":1291,"column":23},"end":{"line":1291,"column":null}},"564":{"start":{"line":1292,"column":6},"end":{"line":1300,"column":null}},"565":{"start":{"line":1293,"column":23},"end":{"line":1293,"column":null}},"566":{"start":{"line":1294,"column":20},"end":{"line":1294,"column":null}},"567":{"start":{"line":1295,"column":21},"end":{"line":1295,"column":null}},"568":{"start":{"line":1296,"column":7},"end":{"line":1296,"column":null}},"569":{"start":{"line":1296,"column":26},"end":{"line":1296,"column":null}},"570":{"start":{"line":1297,"column":7},"end":{"line":1297,"column":null}},"571":{"start":{"line":1297,"column":18},"end":{"line":1297,"column":null}},"572":{"start":{"line":1298,"column":7},"end":{"line":1298,"column":null}},"573":{"start":{"line":1298,"column":17},"end":{"line":1298,"column":null}},"574":{"start":{"line":1299,"column":7},"end":{"line":1299,"column":null}},"575":{"start":{"line":1303,"column":18},"end":{"line":1303,"column":null}},"576":{"start":{"line":1303,"column":66},"end":{"line":1303,"column":83}},"577":{"start":{"line":1305,"column":21},"end":{"line":1305,"column":null}},"578":{"start":{"line":1306,"column":5},"end":{"line":1306,"column":null}},"579":{"start":{"line":1307,"column":5},"end":{"line":1310,"column":null}},"580":{"start":{"line":1308,"column":20},"end":{"line":1308,"column":null}},"581":{"start":{"line":1309,"column":6},"end":{"line":1309,"column":null}},"582":{"start":{"line":1311,"column":5},"end":{"line":1311,"column":null}},"583":{"start":{"line":1313,"column":5},"end":{"line":1313,"column":null}},"584":{"start":{"line":1314,"column":5},"end":{"line":1323,"column":null}},"585":{"start":{"line":1315,"column":17},"end":{"line":1315,"column":null}},"586":{"start":{"line":1316,"column":6},"end":{"line":1316,"column":null}},"587":{"start":{"line":1317,"column":6},"end":{"line":1321,"column":null}},"588":{"start":{"line":1318,"column":25},"end":{"line":1318,"column":null}},"589":{"start":{"line":1319,"column":21},"end":{"line":1319,"column":null}},"590":{"start":{"line":1320,"column":7},"end":{"line":1320,"column":null}},"591":{"start":{"line":1322,"column":6},"end":{"line":1322,"column":null}},"592":{"start":{"line":1324,"column":5},"end":{"line":1324,"column":null}},"593":{"start":{"line":1325,"column":5},"end":{"line":1325,"column":null}},"594":{"start":{"line":1328,"column":4},"end":{"line":1388,"column":null}},"595":{"start":{"line":1328,"column":17},"end":{"line":1328,"column":20}},"596":{"start":{"line":1329,"column":18},"end":{"line":1329,"column":null}},"597":{"start":{"line":1330,"column":25},"end":{"line":1330,"column":null}},"598":{"start":{"line":1332,"column":5},"end":{"line":1335,"column":null}},"599":{"start":{"line":1333,"column":6},"end":{"line":1333,"column":null}},"600":{"start":{"line":1334,"column":6},"end":{"line":1334,"column":null}},"601":{"start":{"line":1337,"column":5},"end":{"line":1353,"column":null}},"602":{"start":{"line":1338,"column":6},"end":{"line":1338,"column":null}},"603":{"start":{"line":1339,"column":25},"end":{"line":1339,"column":null}},"604":{"start":{"line":1340,"column":6},"end":{"line":1343,"column":null}},"605":{"start":{"line":1341,"column":7},"end":{"line":1341,"column":null}},"606":{"start":{"line":1342,"column":7},"end":{"line":1342,"column":null}},"607":{"start":{"line":1344,"column":24},"end":{"line":1344,"column":null}},"608":{"start":{"line":1345,"column":6},"end":{"line":1351,"column":null}},"609":{"start":{"line":1346,"column":7},"end":{"line":1346,"column":null}},"610":{"start":{"line":1348,"column":7},"end":{"line":1350,"column":null}},"611":{"start":{"line":1349,"column":8},"end":{"line":1349,"column":null}},"612":{"start":{"line":1352,"column":6},"end":{"line":1352,"column":null}},"613":{"start":{"line":1355,"column":25},"end":{"line":1355,"column":null}},"614":{"start":{"line":1356,"column":5},"end":{"line":1364,"column":null}},"615":{"start":{"line":1357,"column":6},"end":{"line":1357,"column":null}},"616":{"start":{"line":1358,"column":20},"end":{"line":1358,"column":null}},"617":{"start":{"line":1359,"column":22},"end":{"line":1359,"column":null}},"618":{"start":{"line":1360,"column":23},"end":{"line":1360,"column":null}},"619":{"start":{"line":1361,"column":21},"end":{"line":1361,"column":null}},"620":{"start":{"line":1362,"column":6},"end":{"line":1362,"column":null}},"621":{"start":{"line":1363,"column":6},"end":{"line":1363,"column":null}},"622":{"start":{"line":1366,"column":21},"end":{"line":1366,"column":null}},"623":{"start":{"line":1367,"column":5},"end":{"line":1374,"column":null}},"624":{"start":{"line":1368,"column":6},"end":{"line":1371,"column":null}},"625":{"start":{"line":1369,"column":7},"end":{"line":1369,"column":null}},"626":{"start":{"line":1370,"column":7},"end":{"line":1370,"column":null}},"627":{"start":{"line":1372,"column":6},"end":{"line":1372,"column":null}},"628":{"start":{"line":1373,"column":6},"end":{"line":1373,"column":null}},"629":{"start":{"line":1376,"column":21},"end":{"line":1376,"column":null}},"630":{"start":{"line":1377,"column":5},"end":{"line":1384,"column":null}},"631":{"start":{"line":1378,"column":6},"end":{"line":1381,"column":null}},"632":{"start":{"line":1379,"column":7},"end":{"line":1379,"column":null}},"633":{"start":{"line":1380,"column":7},"end":{"line":1380,"column":null}},"634":{"start":{"line":1382,"column":6},"end":{"line":1382,"column":null}},"635":{"start":{"line":1383,"column":6},"end":{"line":1383,"column":null}},"636":{"start":{"line":1386,"column":5},"end":{"line":1386,"column":null}},"637":{"start":{"line":1387,"column":5},"end":{"line":1387,"column":null}},"638":{"start":{"line":1389,"column":4},"end":{"line":1389,"column":null}},"639":{"start":{"line":1390,"column":4},"end":{"line":1390,"column":null}},"640":{"start":{"line":1394,"column":2},"end":{"line":1394,"column":null}},"641":{"start":{"line":1397,"column":7},"end":{"line":1888,"column":null}},"642":{"start":{"line":1403,"column":17},"end":{"line":1403,"column":null}},"643":{"start":{"line":1404,"column":2},"end":{"line":1404,"column":null}},"644":{"start":{"line":1405,"column":2},"end":{"line":1405,"column":null}},"645":{"start":{"line":1406,"column":2},"end":{"line":1406,"column":null}},"646":{"start":{"line":1407,"column":2},"end":{"line":1407,"column":null}},"647":{"start":{"line":1408,"column":2},"end":{"line":1408,"column":null}},"648":{"start":{"line":1409,"column":2},"end":{"line":1409,"column":null}},"649":{"start":{"line":1410,"column":2},"end":{"line":1410,"column":null}},"650":{"start":{"line":1412,"column":14},"end":{"line":1412,"column":null}},"651":{"start":{"line":1413,"column":2},"end":{"line":1413,"column":null}},"652":{"start":{"line":1413,"column":12},"end":{"line":1413,"column":null}},"653":{"start":{"line":1415,"column":16},"end":{"line":1415,"column":null}},"654":{"start":{"line":1416,"column":15},"end":{"line":1416,"column":null}},"655":{"start":{"line":1417,"column":13},"end":{"line":1417,"column":null}},"656":{"start":{"line":1418,"column":13},"end":{"line":1418,"column":null}},"657":{"start":{"line":1419,"column":13},"end":{"line":1419,"column":null}},"658":{"start":{"line":1420,"column":14},"end":{"line":1420,"column":null}},"659":{"start":{"line":1421,"column":13},"end":{"line":1421,"column":null}},"660":{"start":{"line":1422,"column":19},"end":{"line":1422,"column":null}},"661":{"start":{"line":1424,"column":18},"end":{"line":1430,"column":null}},"662":{"start":{"line":1432,"column":22},"end":{"line":1436,"column":null}},"663":{"start":{"line":1438,"column":26},"end":{"line":1442,"column":null}},"664":{"start":{"line":1444,"column":27},"end":{"line":1454,"column":null}},"665":{"start":{"line":1445,"column":15},"end":{"line":1445,"column":null}},"666":{"start":{"line":1446,"column":22},"end":{"line":1446,"column":null}},"667":{"start":{"line":1447,"column":3},"end":{"line":1451,"column":null}},"668":{"start":{"line":1456,"column":24},"end":{"line":1478,"column":null}},"669":{"start":{"line":1457,"column":22},"end":{"line":1457,"column":null}},"670":{"start":{"line":1458,"column":9},"end":{"line":1458,"column":null}},"671":{"start":{"line":1459,"column":20},"end":{"line":1459,"column":null}},"672":{"start":{"line":1459,"column":47},"end":{"line":1459,"column":61}},"673":{"start":{"line":1460,"column":20},"end":{"line":1460,"column":null}},"674":{"start":{"line":1461,"column":23},"end":{"line":1461,"column":null}},"675":{"start":{"line":1463,"column":17},"end":{"line":1463,"column":null}},"676":{"start":{"line":1464,"column":3},"end":{"line":1468,"column":null}},"677":{"start":{"line":1465,"column":4},"end":{"line":1465,"column":null}},"678":{"start":{"line":1467,"column":4},"end":{"line":1467,"column":null}},"679":{"start":{"line":1470,"column":3},"end":{"line":1475,"column":null}},"680":{"start":{"line":1480,"column":31},"end":{"line":1493,"column":null}},"681":{"start":{"line":1481,"column":22},"end":{"line":1481,"column":null}},"682":{"start":{"line":1482,"column":3},"end":{"line":1489,"column":null}},"683":{"start":{"line":1495,"column":23},"end":{"line":1509,"column":null}},"684":{"start":{"line":1496,"column":18},"end":{"line":1496,"column":null}},"685":{"start":{"line":1497,"column":18},"end":{"line":1497,"column":null}},"686":{"start":{"line":1498,"column":23},"end":{"line":1498,"column":null}},"687":{"start":{"line":1499,"column":23},"end":{"line":1501,"column":null}},"688":{"start":{"line":1503,"column":3},"end":{"line":1506,"column":null}},"689":{"start":{"line":1511,"column":27},"end":{"line":1516,"column":null}},"690":{"start":{"line":1511,"column":44},"end":{"line":1516,"column":5}},"691":{"start":{"line":1518,"column":33},"end":{"line":1518,"column":null}},"692":{"start":{"line":1520,"column":2},"end":{"line":1599,"column":null}},"693":{"start":{"line":1521,"column":3},"end":{"line":1598,"column":null}},"694":{"start":{"line":1601,"column":2},"end":{"line":1620,"column":null}},"695":{"start":{"line":1602,"column":3},"end":{"line":1619,"column":null}},"696":{"start":{"line":1622,"column":2},"end":{"line":1642,"column":null}},"697":{"start":{"line":1623,"column":3},"end":{"line":1641,"column":null}},"698":{"start":{"line":1644,"column":2},"end":{"line":1651,"column":null}},"699":{"start":{"line":1645,"column":3},"end":{"line":1650,"column":null}},"700":{"start":{"line":1653,"column":22},"end":{"line":1653,"column":null}},"701":{"start":{"line":1655,"column":15},"end":{"line":1864,"column":null}},"702":{"start":{"line":1873,"column":2},"end":{"line":1873,"column":null}},"703":{"start":{"line":1874,"column":2},"end":{"line":1874,"column":null}},"704":{"start":{"line":1875,"column":2},"end":{"line":1875,"column":null}},"705":{"start":{"line":1877,"column":24},"end":{"line":1877,"column":null}},"706":{"start":{"line":1878,"column":2},"end":{"line":1878,"column":null}},"707":{"start":{"line":1880,"column":2},"end":{"line":1887,"column":null}},"708":{"start":{"line":1881,"column":3},"end":{"line":1881,"column":null}},"709":{"start":{"line":1882,"column":3},"end":{"line":1882,"column":null}},"710":{"start":{"line":1883,"column":3},"end":{"line":1886,"column":null}},"711":{"start":{"line":1884,"column":4},"end":{"line":1884,"column":null}},"712":{"start":{"line":1885,"column":4},"end":{"line":1885,"column":null}},"713":{"start":{"line":1890,"column":7},"end":{"line":1924,"column":null}},"714":{"start":{"line":1891,"column":2},"end":{"line":1923,"column":null}},"715":{"start":{"line":1892,"column":22},"end":{"line":1901,"column":null}},"716":{"start":{"line":1903,"column":53},"end":{"line":1903,"column":null}},"717":{"start":{"line":1904,"column":3},"end":{"line":1906,"column":null}},"718":{"start":{"line":1905,"column":4},"end":{"line":1905,"column":null}},"719":{"start":{"line":1908,"column":22},"end":{"line":1908,"column":null}},"720":{"start":{"line":1909,"column":26},"end":{"line":1909,"column":null}},"721":{"start":{"line":1910,"column":3},"end":{"line":1910,"column":null}},"722":{"start":{"line":1912,"column":17},"end":{"line":1912,"column":null}},"723":{"start":{"line":1913,"column":16},"end":{"line":1913,"column":null}},"724":{"start":{"line":1914,"column":14},"end":{"line":1914,"column":null}},"725":{"start":{"line":1915,"column":14},"end":{"line":1915,"column":null}},"726":{"start":{"line":1916,"column":3},"end":{"line":1916,"column":null}},"727":{"start":{"line":1918,"column":3},"end":{"line":1918,"column":null}},"728":{"start":{"line":1919,"column":3},"end":{"line":1919,"column":null}},"729":{"start":{"line":1920,"column":3},"end":{"line":1920,"column":null}},"730":{"start":{"line":1922,"column":3},"end":{"line":1922,"column":null}},"731":{"start":{"line":1926,"column":29},"end":{"line":1962,"column":null}},"732":{"start":{"line":1927,"column":2},"end":{"line":1927,"column":null}},"733":{"start":{"line":1928,"column":2},"end":{"line":1931,"column":null}},"734":{"start":{"line":1929,"column":3},"end":{"line":1929,"column":null}},"735":{"start":{"line":1930,"column":3},"end":{"line":1930,"column":null}},"736":{"start":{"line":1932,"column":2},"end":{"line":1961,"column":null}},"737":{"start":{"line":1933,"column":9},"end":{"line":1933,"column":null}},"738":{"start":{"line":1934,"column":15},"end":{"line":1934,"column":null}},"739":{"start":{"line":1937,"column":27},"end":{"line":1937,"column":null}},"740":{"start":{"line":1940,"column":19},"end":{"line":1940,"column":null}},"741":{"start":{"line":1940,"column":45},"end":{"line":1940,"column":76}},"742":{"start":{"line":1941,"column":3},"end":{"line":1941,"column":null}},"743":{"start":{"line":1942,"column":3},"end":{"line":1942,"column":null}},"744":{"start":{"line":1945,"column":3},"end":{"line":1945,"column":null}},"745":{"start":{"line":1948,"column":3},"end":{"line":1948,"column":null}},"746":{"start":{"line":1949,"column":3},"end":{"line":1949,"column":null}},"747":{"start":{"line":1950,"column":3},"end":{"line":1950,"column":null}},"748":{"start":{"line":1951,"column":3},"end":{"line":1951,"column":null}},"749":{"start":{"line":1952,"column":3},"end":{"line":1952,"column":null}},"750":{"start":{"line":1953,"column":3},"end":{"line":1953,"column":null}},"751":{"start":{"line":1955,"column":3},"end":{"line":1955,"column":null}},"752":{"start":{"line":1956,"column":3},"end":{"line":1956,"column":null}},"753":{"start":{"line":1957,"column":3},"end":{"line":1957,"column":null}},"754":{"start":{"line":1959,"column":3},"end":{"line":1959,"column":null}},"755":{"start":{"line":1960,"column":3},"end":{"line":1960,"column":null}},"756":{"start":{"line":1964,"column":22},"end":{"line":2037,"column":null}},"757":{"start":{"line":1965,"column":2},"end":{"line":1965,"column":null}},"758":{"start":{"line":1966,"column":18},"end":{"line":1966,"column":null}},"759":{"start":{"line":1967,"column":26},"end":{"line":1967,"column":null}},"760":{"start":{"line":1968,"column":2},"end":{"line":1971,"column":null}},"761":{"start":{"line":1969,"column":3},"end":{"line":1969,"column":null}},"762":{"start":{"line":1970,"column":3},"end":{"line":1970,"column":null}},"763":{"start":{"line":1972,"column":2},"end":{"line":2036,"column":null}},"764":{"start":{"line":1973,"column":17},"end":{"line":1973,"column":null}},"765":{"start":{"line":1974,"column":3},"end":{"line":1976,"column":null}},"766":{"start":{"line":1974,"column":16},"end":{"line":1974,"column":19}},"767":{"start":{"line":1975,"column":4},"end":{"line":1975,"column":null}},"768":{"start":{"line":1978,"column":15},"end":{"line":1978,"column":null}},"769":{"start":{"line":1979,"column":21},"end":{"line":1979,"column":null}},"770":{"start":{"line":1981,"column":3},"end":{"line":2032,"column":null}},"771":{"start":{"line":1982,"column":4},"end":{"line":1982,"column":null}},"772":{"start":{"line":1985,"column":27},"end":{"line":1985,"column":null}},"773":{"start":{"line":1986,"column":21},"end":{"line":1986,"column":null}},"774":{"start":{"line":1987,"column":24},"end":{"line":1987,"column":null}},"775":{"start":{"line":1988,"column":26},"end":{"line":1988,"column":null}},"776":{"start":{"line":1989,"column":22},"end":{"line":1989,"column":null}},"777":{"start":{"line":1990,"column":23},"end":{"line":1990,"column":null}},"778":{"start":{"line":1992,"column":4},"end":{"line":2008,"column":null}},"779":{"start":{"line":1993,"column":26},"end":{"line":1993,"column":null}},"780":{"start":{"line":1994,"column":26},"end":{"line":1994,"column":null}},"781":{"start":{"line":1995,"column":27},"end":{"line":1995,"column":null}},"782":{"start":{"line":1995,"column":61},"end":{"line":1995,"column":91}},"783":{"start":{"line":1996,"column":25},"end":{"line":1996,"column":null}},"784":{"start":{"line":1997,"column":25},"end":{"line":1997,"column":null}},"785":{"start":{"line":1998,"column":25},"end":{"line":1998,"column":null}},"786":{"start":{"line":1999,"column":25},"end":{"line":2003,"column":null}},"787":{"start":{"line":2004,"column":5},"end":{"line":2004,"column":null}},"788":{"start":{"line":2005,"column":5},"end":{"line":2005,"column":null}},"789":{"start":{"line":2007,"column":5},"end":{"line":2007,"column":null}},"790":{"start":{"line":2010,"column":4},"end":{"line":2010,"column":null}},"791":{"start":{"line":2011,"column":4},"end":{"line":2011,"column":null}},"792":{"start":{"line":2012,"column":4},"end":{"line":2012,"column":null}},"793":{"start":{"line":2013,"column":4},"end":{"line":2013,"column":null}},"794":{"start":{"line":2014,"column":4},"end":{"line":2014,"column":null}},"795":{"start":{"line":2016,"column":4},"end":{"line":2025,"column":null}},"796":{"start":{"line":2017,"column":21},"end":{"line":2017,"column":null}},"797":{"start":{"line":2017,"column":55},"end":{"line":2017,"column":85}},"798":{"start":{"line":2018,"column":26},"end":{"line":2018,"column":null}},"799":{"start":{"line":2019,"column":20},"end":{"line":2019,"column":null}},"800":{"start":{"line":2019,"column":40},"end":{"line":2019,"column":64}},"801":{"start":{"line":2020,"column":5},"end":{"line":2024,"column":null}},"802":{"start":{"line":2021,"column":6},"end":{"line":2021,"column":null}},"803":{"start":{"line":2023,"column":6},"end":{"line":2023,"column":null}},"804":{"start":{"line":2027,"column":4},"end":{"line":2027,"column":null}},"805":{"start":{"line":2028,"column":4},"end":{"line":2028,"column":null}},"806":{"start":{"line":2030,"column":4},"end":{"line":2030,"column":null}},"807":{"start":{"line":2031,"column":4},"end":{"line":2031,"column":null}},"808":{"start":{"line":2034,"column":3},"end":{"line":2034,"column":null}},"809":{"start":{"line":2035,"column":3},"end":{"line":2035,"column":null}},"810":{"start":{"line":2039,"column":7},"end":{"line":2048,"column":null}},"811":{"start":{"line":2040,"column":2},"end":{"line":2040,"column":null}},"812":{"start":{"line":2041,"column":2},"end":{"line":2041,"column":null}},"813":{"start":{"line":2042,"column":2},"end":{"line":2042,"column":null}},"814":{"start":{"line":2043,"column":2},"end":{"line":2043,"column":null}},"815":{"start":{"line":2044,"column":2},"end":{"line":2044,"column":null}},"816":{"start":{"line":2045,"column":2},"end":{"line":2045,"column":null}},"817":{"start":{"line":2046,"column":2},"end":{"line":2046,"column":null}},"818":{"start":{"line":2047,"column":2},"end":{"line":2047,"column":null}},"819":{"start":{"line":2050,"column":26},"end":{"line":2111,"column":null}},"820":{"start":{"line":2051,"column":2},"end":{"line":2051,"column":null}},"821":{"start":{"line":2052,"column":2},"end":{"line":2052,"column":null}},"822":{"start":{"line":2053,"column":2},"end":{"line":2053,"column":null}},"823":{"start":{"line":2055,"column":2},"end":{"line":2058,"column":null}},"824":{"start":{"line":2056,"column":3},"end":{"line":2056,"column":null}},"825":{"start":{"line":2057,"column":3},"end":{"line":2057,"column":null}},"826":{"start":{"line":2060,"column":2},"end":{"line":2110,"column":null}},"827":{"start":{"line":2061,"column":18},"end":{"line":2061,"column":null}},"828":{"start":{"line":2062,"column":9},"end":{"line":2062,"column":null}},"829":{"start":{"line":2064,"column":3},"end":{"line":2067,"column":null}},"830":{"start":{"line":2065,"column":4},"end":{"line":2065,"column":null}},"831":{"start":{"line":2066,"column":4},"end":{"line":2066,"column":null}},"832":{"start":{"line":2068,"column":3},"end":{"line":2071,"column":null}},"833":{"start":{"line":2069,"column":4},"end":{"line":2069,"column":null}},"834":{"start":{"line":2070,"column":4},"end":{"line":2070,"column":null}},"835":{"start":{"line":2072,"column":3},"end":{"line":2075,"column":null}},"836":{"start":{"line":2073,"column":4},"end":{"line":2073,"column":null}},"837":{"start":{"line":2074,"column":4},"end":{"line":2074,"column":null}},"838":{"start":{"line":2076,"column":3},"end":{"line":2079,"column":null}},"839":{"start":{"line":2077,"column":4},"end":{"line":2077,"column":null}},"840":{"start":{"line":2078,"column":4},"end":{"line":2078,"column":null}},"841":{"start":{"line":2080,"column":3},"end":{"line":2083,"column":null}},"842":{"start":{"line":2081,"column":4},"end":{"line":2081,"column":null}},"843":{"start":{"line":2082,"column":4},"end":{"line":2082,"column":null}},"844":{"start":{"line":2084,"column":3},"end":{"line":2091,"column":null}},"845":{"start":{"line":2085,"column":4},"end":{"line":2085,"column":null}},"846":{"start":{"line":2086,"column":4},"end":{"line":2086,"column":null}},"847":{"start":{"line":2087,"column":10},"end":{"line":2091,"column":null}},"848":{"start":{"line":2088,"column":22},"end":{"line":2088,"column":null}},"849":{"start":{"line":2089,"column":4},"end":{"line":2089,"column":null}},"850":{"start":{"line":2090,"column":4},"end":{"line":2090,"column":null}},"851":{"start":{"line":2092,"column":3},"end":{"line":2095,"column":null}},"852":{"start":{"line":2093,"column":4},"end":{"line":2093,"column":null}},"853":{"start":{"line":2094,"column":4},"end":{"line":2094,"column":null}},"854":{"start":{"line":2096,"column":3},"end":{"line":2099,"column":null}},"855":{"start":{"line":2097,"column":4},"end":{"line":2097,"column":null}},"856":{"start":{"line":2098,"column":4},"end":{"line":2098,"column":null}},"857":{"start":{"line":2101,"column":25},"end":{"line":2101,"column":null}},"858":{"start":{"line":2102,"column":3},"end":{"line":2105,"column":null}},"859":{"start":{"line":2103,"column":20},"end":{"line":2103,"column":null}},"860":{"start":{"line":2103,"column":54},"end":{"line":2103,"column":84}},"861":{"start":{"line":2104,"column":4},"end":{"line":2104,"column":null}},"862":{"start":{"line":2107,"column":3},"end":{"line":2107,"column":null}},"863":{"start":{"line":2109,"column":3},"end":{"line":2109,"column":null}},"864":{"start":{"line":2113,"column":1},"end":{"line":2254,"column":null}}},"fnMap":{"0":{"name":"(anonymous_0)","decl":{"start":{"line":241,"column":13},"end":{"line":241,"column":33}},"loc":{"start":{"line":241,"column":75},"end":{"line":2256,"column":null}},"line":241},"1":{"name":"(anonymous_1)","decl":{"start":{"line":245,"column":35},"end":{"line":245,"column":50}},"loc":{"start":{"line":245,"column":50},"end":{"line":245,"column":109}},"line":245},"2":{"name":"(anonymous_2)","decl":{"start":{"line":246,"column":35},"end":{"line":246,"column":50}},"loc":{"start":{"line":246,"column":50},"end":{"line":246,"column":109}},"line":246},"3":{"name":"(anonymous_3)","decl":{"start":{"line":250,"column":33},"end":{"line":250,"column":48}},"loc":{"start":{"line":250,"column":48},"end":{"line":255,"column":2}},"line":250},"4":{"name":"(anonymous_4)","decl":{"start":{"line":256,"column":45},"end":{"line":256,"column":60}},"loc":{"start":{"line":256,"column":60},"end":{"line":261,"column":2}},"line":256},"5":{"name":"(anonymous_5)","decl":{"start":{"line":264,"column":33},"end":{"line":264,"column":59}},"loc":{"start":{"line":264,"column":33},"end":{"line":264,"column":84}},"line":264},"6":{"name":"(anonymous_6)","decl":{"start":{"line":283,"column":31},"end":{"line":283,"column":56}},"loc":{"start":{"line":283,"column":31},"end":{"line":283,"column":80}},"line":283},"7":{"name":"(anonymous_7)","decl":{"start":{"line":285,"column":43},"end":{"line":285,"column":58}},"loc":{"start":{"line":285,"column":58},"end":{"line":294,"column":2}},"line":285},"8":{"name":"(anonymous_8)","decl":{"start":{"line":289,"column":32},"end":{"line":289,"column":38}},"loc":{"start":{"line":289,"column":44},"end":{"line":289,"column":68}},"line":289},"9":{"name":"(anonymous_9)","decl":{"start":{"line":296,"column":41},"end":{"line":296,"column":71}},"loc":{"start":{"line":296,"column":41},"end":{"line":296,"column":100}},"line":296},"10":{"name":"(anonymous_10)","decl":{"start":{"line":297,"column":27},"end":{"line":297,"column":50}},"loc":{"start":{"line":297,"column":27},"end":{"line":297,"column":71}},"line":297},"11":{"name":"(anonymous_11)","decl":{"start":{"line":366,"column":41},"end":{"line":366,"column":56}},"loc":{"start":{"line":366,"column":41},"end":{"line":366,"column":78}},"line":366},"12":{"name":"(anonymous_12)","decl":{"start":{"line":368,"column":41},"end":{"line":368,"column":71}},"loc":{"start":{"line":368,"column":41},"end":{"line":368,"column":87}},"line":368},"13":{"name":"(anonymous_13)","decl":{"start":{"line":376,"column":1},"end":{"line":376,"column":17}},"loc":{"start":{"line":376,"column":17},"end":{"line":378,"column":4}},"line":376},"14":{"name":"(anonymous_14)","decl":{"start":{"line":377,"column":19},"end":{"line":377,"column":28}},"loc":{"start":{"line":377,"column":36},"end":{"line":377,"column":64}},"line":377},"15":{"name":"(anonymous_15)","decl":{"start":{"line":380,"column":1},"end":{"line":380,"column":17}},"loc":{"start":{"line":380,"column":17},"end":{"line":382,"column":4}},"line":380},"16":{"name":"(anonymous_16)","decl":{"start":{"line":384,"column":1},"end":{"line":384,"column":17}},"loc":{"start":{"line":384,"column":17},"end":{"line":386,"column":4}},"line":384},"17":{"name":"(anonymous_17)","decl":{"start":{"line":388,"column":1},"end":{"line":388,"column":17}},"loc":{"start":{"line":388,"column":17},"end":{"line":390,"column":4}},"line":388},"18":{"name":"(anonymous_18)","decl":{"start":{"line":392,"column":1},"end":{"line":392,"column":17}},"loc":{"start":{"line":392,"column":17},"end":{"line":394,"column":4}},"line":392},"19":{"name":"(anonymous_19)","decl":{"start":{"line":396,"column":1},"end":{"line":396,"column":17}},"loc":{"start":{"line":396,"column":17},"end":{"line":398,"column":4}},"line":396},"20":{"name":"(anonymous_20)","decl":{"start":{"line":400,"column":1},"end":{"line":400,"column":17}},"loc":{"start":{"line":400,"column":17},"end":{"line":402,"column":4}},"line":400},"21":{"name":"(anonymous_21)","decl":{"start":{"line":404,"column":1},"end":{"line":404,"column":17}},"loc":{"start":{"line":404,"column":17},"end":{"line":406,"column":4}},"line":404},"22":{"name":"(anonymous_22)","decl":{"start":{"line":408,"column":1},"end":{"line":408,"column":17}},"loc":{"start":{"line":408,"column":17},"end":{"line":410,"column":4}},"line":408},"23":{"name":"(anonymous_23)","decl":{"start":{"line":412,"column":1},"end":{"line":412,"column":17}},"loc":{"start":{"line":412,"column":17},"end":{"line":422,"column":4}},"line":412},"24":{"name":"(anonymous_24)","decl":{"start":{"line":414,"column":31},"end":{"line":414,"column":37}},"loc":{"start":{"line":414,"column":43},"end":{"line":414,"column":62}},"line":414},"25":{"name":"(anonymous_25)","decl":{"start":{"line":415,"column":3},"end":{"line":415,"column":14}},"loc":{"start":{"line":415,"column":24},"end":{"line":420,"column":5}},"line":415},"26":{"name":"(anonymous_26)","decl":{"start":{"line":417,"column":42},"end":{"line":417,"column":48}},"loc":{"start":{"line":417,"column":54},"end":{"line":417,"column":77}},"line":417},"27":{"name":"(anonymous_27)","decl":{"start":{"line":418,"column":50},"end":{"line":418,"column":56}},"loc":{"start":{"line":418,"column":62},"end":{"line":418,"column":89}},"line":418},"28":{"name":"(anonymous_28)","decl":{"start":{"line":419,"column":46},"end":{"line":419,"column":52}},"loc":{"start":{"line":419,"column":58},"end":{"line":419,"column":83}},"line":419},"29":{"name":"(anonymous_29)","decl":{"start":{"line":425,"column":1},"end":{"line":425,"column":17}},"loc":{"start":{"line":425,"column":17},"end":{"line":458,"column":4}},"line":425},"30":{"name":"(anonymous_30)","decl":{"start":{"line":427,"column":30},"end":{"line":427,"column":36}},"loc":{"start":{"line":427,"column":45},"end":{"line":427,"column":75}},"line":427},"31":{"name":"(anonymous_31)","decl":{"start":{"line":444,"column":47},"end":{"line":444,"column":null}},"loc":{"start":{"line":445,"column":12},"end":{"line":445,"column":null}},"line":445},"32":{"name":"(anonymous_32)","decl":{"start":{"line":447,"column":38},"end":{"line":447,"column":43}},"loc":{"start":{"line":447,"column":50},"end":{"line":452,"column":6}},"line":447},"33":{"name":"(anonymous_33)","decl":{"start":{"line":481,"column":43},"end":{"line":481,"column":51}},"loc":{"start":{"line":481,"column":57},"end":{"line":481,"column":97}},"line":481},"34":{"name":"(anonymous_34)","decl":{"start":{"line":483,"column":7},"end":{"line":483,"column":36}},"loc":{"start":{"line":483,"column":36},"end":{"line":483,"column":null}},"line":483},"35":{"name":"(anonymous_35)","decl":{"start":{"line":486,"column":3},"end":{"line":486,"column":11}},"loc":{"start":{"line":486,"column":17},"end":{"line":486,"column":68}},"line":486},"36":{"name":"(anonymous_36)","decl":{"start":{"line":487,"column":3},"end":{"line":487,"column":11}},"loc":{"start":{"line":487,"column":22},"end":{"line":487,"column":58}},"line":487},"37":{"name":"(anonymous_37)","decl":{"start":{"line":490,"column":3},"end":{"line":490,"column":11}},"loc":{"start":{"line":490,"column":17},"end":{"line":490,"column":68}},"line":490},"38":{"name":"(anonymous_38)","decl":{"start":{"line":491,"column":3},"end":{"line":491,"column":11}},"loc":{"start":{"line":491,"column":22},"end":{"line":491,"column":58}},"line":491},"39":{"name":"(anonymous_39)","decl":{"start":{"line":494,"column":3},"end":{"line":494,"column":11}},"loc":{"start":{"line":494,"column":17},"end":{"line":494,"column":69}},"line":494},"40":{"name":"(anonymous_40)","decl":{"start":{"line":495,"column":3},"end":{"line":495,"column":11}},"loc":{"start":{"line":495,"column":22},"end":{"line":495,"column":58}},"line":495},"41":{"name":"(anonymous_41)","decl":{"start":{"line":498,"column":3},"end":{"line":498,"column":11}},"loc":{"start":{"line":498,"column":17},"end":{"line":498,"column":69}},"line":498},"42":{"name":"(anonymous_42)","decl":{"start":{"line":499,"column":3},"end":{"line":499,"column":11}},"loc":{"start":{"line":499,"column":22},"end":{"line":499,"column":58}},"line":499},"43":{"name":"(anonymous_43)","decl":{"start":{"line":502,"column":29},"end":{"line":502,"column":37}},"loc":{"start":{"line":502,"column":43},"end":{"line":510,"column":2}},"line":502},"44":{"name":"(anonymous_44)","decl":{"start":{"line":514,"column":3},"end":{"line":514,"column":11}},"loc":{"start":{"line":514,"column":17},"end":{"line":514,"column":84}},"line":514},"45":{"name":"(anonymous_45)","decl":{"start":{"line":515,"column":3},"end":{"line":515,"column":11}},"loc":{"start":{"line":515,"column":22},"end":{"line":515,"column":48}},"line":515},"46":{"name":"(anonymous_46)","decl":{"start":{"line":518,"column":3},"end":{"line":518,"column":11}},"loc":{"start":{"line":518,"column":17},"end":{"line":518,"column":84}},"line":518},"47":{"name":"(anonymous_47)","decl":{"start":{"line":519,"column":3},"end":{"line":519,"column":11}},"loc":{"start":{"line":519,"column":22},"end":{"line":519,"column":48}},"line":519},"48":{"name":"(anonymous_48)","decl":{"start":{"line":525,"column":63},"end":{"line":525,"column":68}},"loc":{"start":{"line":525,"column":74},"end":{"line":525,"column":82}},"line":525},"49":{"name":"(anonymous_49)","decl":{"start":{"line":528,"column":40},"end":{"line":528,"column":null}},"loc":{"start":{"line":529,"column":3},"end":{"line":529,"column":null}},"line":529},"50":{"name":"(anonymous_50)","decl":{"start":{"line":531,"column":56},"end":{"line":531,"column":64}},"loc":{"start":{"line":531,"column":75},"end":{"line":531,"column":94}},"line":531},"51":{"name":"(anonymous_51)","decl":{"start":{"line":536,"column":64},"end":{"line":536,"column":72}},"loc":{"start":{"line":536,"column":83},"end":{"line":538,"column":4}},"line":536},"52":{"name":"(anonymous_52)","decl":{"start":{"line":540,"column":56},"end":{"line":540,"column":64}},"loc":{"start":{"line":540,"column":75},"end":{"line":543,"column":4}},"line":540},"53":{"name":"(anonymous_53)","decl":{"start":{"line":555,"column":7},"end":{"line":555,"column":28}},"loc":{"start":{"line":555,"column":67},"end":{"line":572,"column":null}},"line":555},"54":{"name":"(anonymous_54)","decl":{"start":{"line":561,"column":71},"end":{"line":561,"column":79}},"loc":{"start":{"line":561,"column":90},"end":{"line":561,"column":121}},"line":561},"55":{"name":"(anonymous_55)","decl":{"start":{"line":574,"column":7},"end":{"line":574,"column":34}},"loc":{"start":{"line":574,"column":34},"end":{"line":587,"column":null}},"line":574},"56":{"name":"(anonymous_56)","decl":{"start":{"line":589,"column":7},"end":{"line":589,"column":37}},"loc":{"start":{"line":589,"column":37},"end":{"line":621,"column":null}},"line":589},"57":{"name":"(anonymous_57)","decl":{"start":{"line":591,"column":30},"end":{"line":591,"column":36}},"loc":{"start":{"line":591,"column":45},"end":{"line":591,"column":75}},"line":591},"58":{"name":"(anonymous_58)","decl":{"start":{"line":595,"column":14},"end":{"line":595,"column":20}},"loc":{"start":{"line":595,"column":26},"end":{"line":595,"column":47}},"line":595},"59":{"name":"(anonymous_59)","decl":{"start":{"line":606,"column":44},"end":{"line":606,"column":null}},"loc":{"start":{"line":607,"column":10},"end":{"line":607,"column":null}},"line":607},"60":{"name":"(anonymous_60)","decl":{"start":{"line":609,"column":38},"end":{"line":609,"column":43}},"loc":{"start":{"line":609,"column":50},"end":{"line":614,"column":4}},"line":609},"61":{"name":"(anonymous_61)","decl":{"start":{"line":618,"column":3},"end":{"line":618,"column":20}},"loc":{"start":{"line":618,"column":29},"end":{"line":618,"column":49}},"line":618},"62":{"name":"(anonymous_62)","decl":{"start":{"line":623,"column":7},"end":{"line":623,"column":31}},"loc":{"start":{"line":623,"column":70},"end":{"line":707,"column":null}},"line":623},"63":{"name":"(anonymous_63)","decl":{"start":{"line":627,"column":8},"end":{"line":627,"column":28}},"loc":{"start":{"line":627,"column":63},"end":{"line":634,"column":null}},"line":627},"64":{"name":"(anonymous_64)","decl":{"start":{"line":628,"column":28},"end":{"line":628,"column":34}},"loc":{"start":{"line":628,"column":40},"end":{"line":628,"column":55}},"line":628},"65":{"name":"(anonymous_65)","decl":{"start":{"line":629,"column":26},"end":{"line":629,"column":32}},"loc":{"start":{"line":629,"column":38},"end":{"line":629,"column":51}},"line":629},"66":{"name":"(anonymous_66)","decl":{"start":{"line":636,"column":8},"end":{"line":636,"column":34}},"loc":{"start":{"line":636,"column":34},"end":{"line":641,"column":null}},"line":636},"67":{"name":"(anonymous_67)","decl":{"start":{"line":643,"column":8},"end":{"line":643,"column":30}},"loc":{"start":{"line":643,"column":78},"end":{"line":656,"column":null}},"line":643},"68":{"name":"(anonymous_68)","decl":{"start":{"line":648,"column":25},"end":{"line":648,"column":31}},"loc":{"start":{"line":648,"column":37},"end":{"line":648,"column":62}},"line":648},"69":{"name":"(anonymous_69)","decl":{"start":{"line":683,"column":5},"end":{"line":683,"column":10}},"loc":{"start":{"line":683,"column":16},"end":{"line":683,"column":23}},"line":683},"70":{"name":"(anonymous_70)","decl":{"start":{"line":684,"column":5},"end":{"line":684,"column":13}},"loc":{"start":{"line":684,"column":19},"end":{"line":684,"column":35}},"line":684},"71":{"name":"(anonymous_71)","decl":{"start":{"line":688,"column":16},"end":{"line":688,"column":25}},"loc":{"start":{"line":688,"column":31},"end":{"line":696,"column":4}},"line":688},"72":{"name":"(anonymous_72)","decl":{"start":{"line":709,"column":7},"end":{"line":709,"column":37}},"loc":{"start":{"line":709,"column":57},"end":{"line":725,"column":null}},"line":709},"73":{"name":"(anonymous_73)","decl":{"start":{"line":727,"column":7},"end":{"line":727,"column":36}},"loc":{"start":{"line":727,"column":75},"end":{"line":871,"column":null}},"line":727},"74":{"name":"(anonymous_74)","decl":{"start":{"line":735,"column":8},"end":{"line":735,"column":28}},"loc":{"start":{"line":735,"column":63},"end":{"line":742,"column":null}},"line":735},"75":{"name":"(anonymous_75)","decl":{"start":{"line":736,"column":28},"end":{"line":736,"column":34}},"loc":{"start":{"line":736,"column":40},"end":{"line":736,"column":55}},"line":736},"76":{"name":"(anonymous_76)","decl":{"start":{"line":737,"column":26},"end":{"line":737,"column":32}},"loc":{"start":{"line":737,"column":38},"end":{"line":737,"column":51}},"line":737},"77":{"name":"(anonymous_77)","decl":{"start":{"line":744,"column":8},"end":{"line":744,"column":34}},"loc":{"start":{"line":744,"column":34},"end":{"line":749,"column":null}},"line":744},"78":{"name":"(anonymous_78)","decl":{"start":{"line":751,"column":8},"end":{"line":751,"column":30}},"loc":{"start":{"line":751,"column":78},"end":{"line":764,"column":null}},"line":751},"79":{"name":"(anonymous_79)","decl":{"start":{"line":756,"column":25},"end":{"line":756,"column":31}},"loc":{"start":{"line":756,"column":37},"end":{"line":756,"column":64}},"line":756},"80":{"name":"(anonymous_80)","decl":{"start":{"line":782,"column":2},"end":{"line":782,"
[...]
":61}}],"line":374},"82":{"loc":{"start":{"line":382,"column":1},"end":{"line":387,"column":null}},"type":"if","locations":[{"start":{"line":382,"column":1},"end":{"line":387,"column":null}},{"start":{},"end":{}}],"line":382},"83":{"loc":{"start":{"line":383,"column":22},"end":{"line":385,"column":null}},"type":"cond-expr","locations":[{"start":{"line":384,"column":5},"end":{"line":384,"column":null}},{"start":{"line":385,"column":5},"end":{"line":385,"column":null}}],"line":383},"84":{"loc":{"start":{"line":390,"column":1},"end":{"line":395,"column":null}},"type":"if","locations":[{"start":{"line":390,"column":1},"end":{"line":395,"column":null}},{"start":{},"end":{}}],"line":390},"85":{"loc":{"start":{"line":391,"column":16},"end":{"line":393,"column":null}},"type":"cond-expr","locations":[{"start":{"line":392,"column":5},"end":{"line":392,"column":null}},{"start":{"line":393,"column":5},"end":{"line":393,"column":null}}],"line":391},"86":{"loc":{"start":{"line":398,"column":1},"end":{"line":403,"column":null}},"type":"if","locations":[{"start":{"line":398,"column":1},"end":{"line":403,"column":null}},{"start":{},"end":{}}],"line":398},"87":{"loc":{"start":{"line":399,"column":19},"end":{"line":401,"column":null}},"type":"cond-expr","locations":[{"start":{"line":400,"column":5},"end":{"line":400,"column":null}},{"start":{"line":401,"column":5},"end":{"line":401,"column":null}}],"line":399},"88":{"loc":{"start":{"line":406,"column":1},"end":{"line":411,"column":null}},"type":"if","locations":[{"start":{"line":406,"column":1},"end":{"line":411,"column":null}},{"start":{},"end":{}}],"line":406},"89":{"loc":{"start":{"line":407,"column":21},"end":{"line":409,"column":null}},"type":"cond-expr","locations":[{"start":{"line":408,"column":5},"end":{"line":408,"column":null}},{"start":{"line":409,"column":5},"end":{"line":409,"column":null}}],"line":407},"90":{"loc":{"start":{"line":414,"column":1},"end":{"line":419,"column":null}},"type":"if","locations":[{"start":{"line":414,"column":1},"end":{"line":419,"column":null}},{"start":{},"end":{}}],"line":414},"91":{"loc":{"start":{"line":415,"column":18},"end":{"line":417,"column":null}},"type":"cond-expr","locations":[{"start":{"line":416,"column":5},"end":{"line":416,"column":null}},{"start":{"line":417,"column":5},"end":{"line":417,"column":null}}],"line":415},"92":{"loc":{"start":{"line":422,"column":2},"end":{"line":425,"column":null}},"type":"binary-expr","locations":[{"start":{"line":422,"column":2},"end":{"line":422,"column":null}},{"start":{"line":423,"column":2},"end":{"line":423,"column":null}},{"start":{"line":424,"column":2},"end":{"line":424,"column":null}},{"start":{"line":425,"column":2},"end":{"line":425,"column":null}}],"line":422},"93":{"loc":{"start":{"line":427,"column":1},"end":{"line":429,"column":null}},"type":"if","locations":[{"start":{"line":427,"column":1},"end":{"line":429,"column":null}},{"start":{},"end":{}}],"line":427}},"s":{"0":3,"1":409,"2":3,"3":410,"4":1,"5":0,"6":1,"7":409,"8":1,"9":408,"10":408,"11":0,"12":408,"13":0,"14":408,"15":3,"16":156,"17":2,"18":154,"19":2,"20":152,"21":1,"22":151,"23":3,"24":9,"25":0,"26":9,"27":3,"28":35,"29":1,"30":34,"31":33,"32":33,"33":1,"34":32,"35":32,"36":32,"37":32,"38":32,"39":1,"40":31,"41":31,"42":3,"43":33,"44":1,"45":32,"46":31,"47":31,"48":0,"49":31,"50":31,"51":31,"52":31,"53":31,"54":31,"55":1,"56":28,"57":28,"58":28,"59":1,"60":27,"61":27,"62":1,"63":26,"64":26,"65":1,"66":25,"67":25,"68":1,"69":24,"70":31,"71":31,"72":31,"73":3,"74":24,"75":1,"76":23,"77":22,"78":22,"79":0,"80":22,"81":22,"82":22,"83":22,"84":1,"85":21,"86":21,"87":21,"88":21,"89":1,"90":20,"91":20,"92":1,"93":19,"94":22,"95":14,"96":14,"97":14,"98":14,"99":14,"100":5,"101":5,"102":5,"103":5,"104":1,"105":4,"106":6,"107":6,"108":1,"109":5,"110":5,"111":5,"112":5,"113":1,"114":4,"115":4,"116":4,"117":1,"118":3,"119":3,"120":4,"121":3,"122":14,"123":1,"124":13,"125":14,"126":14,"127":1,"128":13,"129":13,"130":13,"131":1,"132":12,"133":12,"134":12,"135":12,"136":14,"137":3,"138":9,"139":0,"140":9,"141":1,"142":8,"143":8,"144":8,"145":1,"146":7,"147":7,"148":7,"149":1,"150":6,"151":6,"152":6,"153":3,"154":42,"155":2,"156":40,"157":40,"158":36,"159":39,"160":34,"161":39,"162":34,"163":34,"164":33,"165":1,"166":39,"167":35,"168":35,"169":36,"170":33,"171":33,"172":28,"173":24,"174":24,"175":17,"176":14,"177":14,"178":14,"179":9,"180":9,"181":11,"182":42,"183":3,"184":8},"f":{"0":409,"1":410,"2":156,"3":9,"4":35,"5":33,"6":33,"7":31,"8":24,"9":22,"10":6,"11":14,"12":14,"13":9,"14":8,"15":42},"b":{"0":[410],"1":[410],"2":[1,409],"3":[410,410],"4":[0,1],"5":[1,408],"6":[0,408],"7":[408,374],"8":[0,408],"9":[156],"10":[156],"11":[2,154],"12":[156,155,155,154],"13":[2,152],"14":[154,87],"15":[1,151],"16":[152,12],"17":[0,9],"18":[1,34],"19":[1,32],"20":[33,33],"21":[1,31],"22":[32,1,1],"23":[1,32],"24":[0,31],"25":[31,31],"26":[1,30],"27":[31,29,1],"28":[1,27],"29":[1,26],"30":[27,27],"31":[1,25],"32":[26,26,26],"33":[1,24],"34":[25,25,25],"35":[0,24],"36":[1,23],"37":[1,23],"38":[31,24],"39":[31,24],"40":[31,23],"41":[1,23],"42":[0,22],"43":[22,22],"44":[1,21],"45":[22,6],"46":[1,20],"47":[1,19],"48":[20,20,6],"49":[0,19],"50":[14,5],"51":[0,13],"52":[14,11],"53":[1,4],"54":[1,5],"55":[6,6],"56":[1,4],"57":[1,3],"58":[4,3],"59":[4,1],"60":[1,13],"61":[1,13],"62":[14,14],"63":[1,12],"64":[9,3],"65":[0,9],"66":[9,9],"67":[1,8],"68":[1,7],"69":[8,8],"70":[1,6],"71":[7,1],"72":[2,40],"73":[42,41],"74":[36,4],"75":[40,36],"76":[34,5],"77":[39,34],"78":[34,5],"79":[39,34],"80":[33,1],"81":[34,34,34],"82":[35,4],"83":[1,34],"84":[33,3],"85":[3,30],"86":[24,4],"87":[1,23],"88":[14,3],"89":[2,12],"90":[9,5],"91":[0,9],"92":[11,4,3,3],"93":[3,39]},"meta":{"lastBranch":94,"lastFunction":16,"lastStatement":185,"seen":{"s:7:13:14:Infinity":0,"f:7:13:7:31":0,"s:8:1:13:Infinity":1,"s:19:6:37:Infinity":2,"f:19:6:19:33":1,"b:19:78:19:83":0,"b:19:94:19:111":1,"b:20:1:25:Infinity:undefined:undefined:undefined:undefined":2,"s:20:1:25:Infinity":3,"b:20:5:20:26:20:26:20:40":3,"b:21:2:23:Infinity:undefined:undefined:undefined:undefined":4,"s:21:2:23:Infinity":4,"s:22:3:22:Infinity":5,"s:24:2:24:Infinity":6,"b:26:1:28:Infinity:undefined:undefined:undefined:undefined":5,"s:26:1:28:Infinity":7,"s:27:2:27:Infinity":8,"s:29:17:29:Infinity":9,"b:30:1:32:Infinity:undefined:undefined:undefined:undefined":6,"s:30:1:32:Infinity":10,"b:30:5:30:17:30:17:30:39":7,"s:31:2:31:Infinity":11,"b:33:1:35:Infinity:undefined:undefined:undefined:undefined":8,"s:33:1:35:Infinity":12,"s:34:2:34:Infinity":13,"s:36:1:36:Infinity":14,"s:42:6:53:Infinity":15,"f:42:6:42:24":2,"b:42:68:42:75":9,"b:42:85:42:103":10,"b:43:1:45:Infinity:undefined:undefined:undefined:undefined":11,"s:43:1:45:Infinity":16,"b:43:5:43:26:43:26:43:42:43:42:43:69:43:69:43:88":12,"s:44:2:44:Infinity":17,"b:46:1:48:Infinity:undefined:undefined:undefined:undefined":13,"s:46:1:48:Infinity":18,"b:46:5:46:17:46:17:46:26":14,"s:47:2:47:Infinity":19,"b:49:1:51:Infinity:undefined:undefined:undefined:undefined":15,"s:49:1:51:Infinity":20,"b:49:5:49:16:49:16:49:40":16,"s:50:2:50:Infinity":21,"s:52:1:52:Infinity":22,"s:58:6:63:Infinity":23,"f:58:6:58:25":3,"b:59:1:61:Infinity:undefined:undefined:undefined:undefined":17,"s:59:1:61:Infinity":24,"s:60:2:60:Infinity":25,"s:62:1:62:Infinity":26,"s:68:6:92:Infinity":27,"f:68:6:68:26":4,"b:69:1:71:Infinity:undefined:undefined:undefined:undefined":18,"s:69:1:71:Infinity":28,"s:70:2:70:Infinity":29,"s:73:1:91:Infinity":30,"f:73:17:73:22":5,"s:74:17:74:Infinity":31,"b:75:2:77:Infinity:undefined:undefined:undefined:undefined":19,"s:75:2:77:Infinity":32,"b:75:6:75:33:75:33:75:47":20,"s:76:3:76:Infinity":33,"s:79:17:79:Infinity":34,"s:80:13:80:Infinity":35,"s:81:15:81:Infinity":36,"s:83:16:83:Infinity":37,"b:84:2:86:Infinity:undefined:undefined:undefined:undefined":21,"s:84:2:86:Infinity":38,"b:84:6:84:27:84:27:84:48:84:48:84:67":22,"s:85:3:85:Infinity":39,"s:88:25:88:Infinity":40,"s:90:2:90:Infinity":41,"s:97:6:159:Infinity":42,"f:97:6:97:30":6,"b:98:1:100:Infinity:undefined:undefined:undefined:undefined":23,"s:98:1:100:Infinity":43,"s:99:2:99:Infinity":44,"s:102:1:158:Infinity":45,"f:102:21:102:26":7,"s:103:17:103:Infinity":46,"b:104:2:106:Infinity:undefined:undefined:undefined:undefined":24,"s:104:2:106:Infinity":47,"b:104:6:104:32:104:32:104:45":25,"s:105:3:105:Infinity":48,"s:108:16:108:Infinity":49,"s:109:13:109:Infinity":50,"s:110:15:110:Infinity":51,"s:111:17:111:Infinity":52,"s:113:15:113:Infinity":53,"b:114:2:116:Infinity:undefined:undefined:undefined:undefined":26,"s:114:2:116:Infinity":54,"b:114:6:114:27:114:27:114:49:114:49:114:70":27,"s:115:3:115:Infinity":55,"s:118:14:118:Infinity":56,"s:120:15:120:Infinity":57,"b:121:2:123:Infinity:undefined:undefined:undefined:undefined":28,"s:121:2:123:Infinity":58,"s:122:3:122:Infinity":59,"s:125:21:125:Infinity":60,"b:126:2:128:Infinity:undefined:undefined:undefined:undefined":29,"s:126:2:128:Infinity":61,"b:126:6:126:36:126:36:126:62":30,"s:127:3:127:Infinity":62,"s:130:16:130:Infinity":63,"b:131:2:133:Infinity:undefined:undefined:undefined:undefined":31,"s:131:2:133:Infinity":64,"b:131:6:131:27:131:27:131:48:131:48:131:67":32,"s:132:3:132:Infinity":65,"s:135:17:135:Infinity":66,"b:136:2:138:Infinity:undefined:undefined:undefined:undefined":33,"s:136:2:138:Infinity":67,"b:136:6:136:28:136:28:136:50:136:50:136:71":34,"s:137:3:137:Infinity":68,"s:140:20:140:Infinity":69,"b:140:52:140:129:140:129:140:Infinity":35,"s:141:24:141:Infinity":70,"b:141:60:141:145:141:145:141:Infinity":36,"s:142:22:142:Infinity":71,"b:142:56:142:137:142:137:142:Infinity":37,"s:144:2:157:Infinity":72,"b:154:14:154:27:154:27:154:Infinity":38,"b:155:18:155:35:155:35:155:Infinity":39,"b:156:16:156:31:156:31:156:Infinity":40,"s:164:6:273:Infinity":73,"f:164:6:164:23":8,"b:165:1:167:Infinity:undefined:undefined:undefined:undefined":41,"s:165:1:167:Infinity":74,"s:166:2:166:Infinity":75,"s:169:1:272:Infinity":76,"f:169:14:169:19":9,"s:170:17:170:Infinity":77,"b:171:2:173:Infinity:undefined:undefined:undefined:undefined":42,"s:171:2:173:Infinity":78,"b:171:6:171:31:171:31:171:43":43,"s:172:3:172:Infinity":79,"s:175:18:175:Infinity":80,"s:176:13:176:Infinity":81,"s:178:15:178:Infinity":82,"b:179:2:181:Infinity:undefined:undefined:undefined:undefined":44,"s:179:2:181:Infinity":83,"b:179:6:179:28:179:28:179:52":45,"s:180:3:180:Infinity":84,"s:183:15:183:Infinity":85,"s:184:14:184:Infinity":86,"s:186:15:186:Infinity":87,"b:187:2:189:Infinity:undefined:undefined:undefined:undefined":46,"s:187:2:189:Infinity":88,"s:188:3:188:Infinity":89,"s:191:16:191:Infinity":90,"b:192:2:194:Infinity:undefined:undefined:undefined:undefined":47,"s:192:2:194:Infinity":91,"b:192:6:192:27:192:27:192:48:192:48:192:67":48,"s:193:3:193:Infinity":92,"s:196:27:196:Infinity":93,"b:196:68:196:161:196:161:196:Infinity":49,"b:198:2:271:Infinity:217:9:271:Infinity":50,"s:198:2:271:Infinity":94,"s:199:21:199:Infinity":95,"s:200:15:200:Infinity":96,"b:200:43:200:96:200:96:200:Infinity":51,"s:201:15:201:Infinity":97,"s:202:22:202:Infinity":98,"s:204:3:216:Infinity":99,"b:211:22:211:42:211:42:211:Infinity":52,"s:218:26:218:Infinity":100,"s:219:16:219:Infinity":101,"s:220:22:220:Infinity":102,"b:222:3:224:Infinity:undefined:undefined:undefined:undefined":53,"s:222:3:224:Infinity":103,"s:223:4:223:Infinity":104,"s:226:24:256:Infinity":105,"f:226:45:226:50":10,"s:227:23:227:Infinity":106,"b:228:4:230:Infinity:undefined:undefined:undefined:undefined":54,"s:228:4:230:Infinity":107,"b:228:8:228:36:228:36:228:51":55,"s:229:5:229:Infinity":108,"s:232:20:232:Infinity":109,"s:233:19:233:Infinity":110,"s:235:21:235:Infinity":111,"b:236:4:238:Infinity:undefined:undefined:undefined:undefined":56,"s:236:4:238:Infinity":112,"s:237:5:237:Infinity":113,"s:240:19:240:Infinity":114,"s:242:19:242:Infinity":115,"b:243:4:245:Infinity:undefined:undefined:undefined:undefined":57,"s:243:4:245:Infinity":116,"b:243:8:243:29:243:29:243:51":58,"s:244:5:244:Infinity":117,"s:247:18:247:Infinity":118,"s:249:4:255:Infinity":119,"s:258:3:270:Infinity":120,"b:265:22:265:42:265:42:265:Infinity":59,"s:278:6:309:Infinity":121,"f:278:6:278:25":11,"b:279:1:281:Infinity:undefined:undefined:undefined:undefined":60,"s:279:1:281:Infinity":122,"s:280:2:280:Infinity":123,"s:283:1:308:Infinity":124,"f:283:16:283:21":12,"s:284:17:284:Infinity":125,"b:285:2:287:Infinity:undefined:undefined:undefined:undefined":61,"s:285:2:287:Infinity":126,"b:285:6:285:31:285:31:285:43":62,"s:286:3:286:Infinity":127,"s:289:20:289:Infinity":128,"s:291:16:291:Infinity":129,"b:292:2:294:Infinity:undefined:undefined:undefined:undefined":63,"s:292:2:294:Infinity":130,"s:293:3:293:Infinity":131,"s:296:25:296:Infinity":132,"s:297:26:297:Infinity":133,"s:298:26:298:Infinity":134,"s:299:23:299:Infinity":135,"b:299:62:299:130:299:130:299:Infinity":64,"s:301:2:307:Infinity":136,"s:314:6:342:Infinity":137,"f:314:6:314:24":13,"b:315:1:315:Infinity:undefined:undefined:undefined:undefined":65,"s:315:1:315:Infinity":138,"b:315:5:315:27:315:27:315:42":66,"s:315:42:315:Infinity":139,"b:316:1:318:Infinity:undefined:undefined:undefined:undefined":67,"s:316:1:318:Infinity":140,"s:317:2:317:Infinity":141,"s:320:1:341:Infinity":142,"f:320:13:320:18":14,"s:321:17:321:Infinity":143,"b:322:2:324:Infinity:undefined:undefined:undefined:undefined":68,"s:322:2:324:Infinity":144,"b:322:6:322:33:322:33:322:47":69,"s:323:3:323:Infinity":145,"s:326:17:326:Infinity":146,"s:328:15:328:Infinity":147,"b:329:2:331:Infinity:undefined:undefined:undefined:undefined":70,"s:329:2:331:Infinity":148,"b:329:6:329:25:329:25:329:43":71,"s:330:3:330:Infinity":149,"s:333:18:333:Infinity":150,"s:334:20:334:Infinity":151,"s:336:2:340:Infinity":152,"s:348:13:432:Infinity":153,"f:348:13:348:42":15,"b:349:1:351:Infinity:undefined:undefined:undefined:undefined":72,"s:349:1:351:Infinity":154,"b:349:5:349:39:349:39:349:60":73,"s:350:2:350:Infinity":155,"s:353:46:353:Infinity":156,"b:356:1:362:Infinity:undefined:undefined:undefined:undefined":74,"s:356:1:362:Infinity":157,"b:356:5:356:45:356:45:356:90":75,"s:357:2:361:Infinity":158,"b:363:1:369:Infinity:undefined:undefined:undefined:undefined":76,"s:363:1:369:Infinity":159,"b:363:5:363:45:363:45:363:90":77,"s:364:2:368:Infinity":160,"b:372:1:379:Infinity:undefined:undefined:undefined:undefined":78,"s:372:1:379:Infinity":161,"b:372:5:372:45:372:45:372:90":79,"s:373:17:373:Infinity":162,"b:374:2:378:Infinity:376:9:378:Infinity":80,"s:374:2:378:Infinity":163,"b:374:6:374:16:374:16:374:46:374:46:374:61":81,"s:375:3:375:Infinity":164,"s:377:3:377:Infinity":165,"b:382:1:387:Infinity:undefined:undefined:undefined:undefined":82,"s:382:1:387:Infinity":166,"s:383:22:385:Infinity":167,"b:384:5:384:Infinity:385:5:385:Infinity":83,"s:386:2:386:Infinity":168,"b:390:1:395:Infinity:undefined:undefined:undefined:undefined":84,"s:390:1:395:Infinity":169,"s:391:16:393:Infinity":170,"b:392:5:392:Infinity:393:5:393:Infinity":85,"s:394:2:394:Infinity":171,"b:398:1:403:Infinity:undefined:undefined:undefined:undefined":86,"s:398:1:403:Infinity":172,"s:399:19:401:Infinity":173,"b:400:5:400:Infinity:401:5:401:Infinity":87,"s:402:2:402:Infinity":174,"b:406:1:411:Infinity:undefined:undefined:undefined:undefined":88,"s:406:1:411:Infinity":175,"s:407:21:409:Infinity":176,"b:408:5:408:Infinity:409:5:409:Infinity":89,"s:410:2:410:Infinity":177,"b:414:1:419:Infinity:undefined:undefined:undefined:undefined":90,"s:414:1:419:Infinity":178,"s:415:18:417:Infinity":179,"b:416:5:416:Infinity:417:5:417:Infinity":91,"s:418:2:418:Infinity":180,"s:422:2:425:Infinity":181,"b:422:2:422:Infinity:423:2:423:Infinity:424:2:424:Infinity:425:2:425:Infinity":92,"b:427:1:429:Infinity:undefined:undefined:undefined:undefined":93,"s:427:1:429:Infinity":182,"s:428:2:428:Infinity":183,"s:431:1:431:Infinity":184}}}
,"C:\\Users\\sn4ke\\dev\\activos\\finanzas-snake\\src\\utils\\dateUtils.ts": {"path":"C:\\Users\\sn4ke\\dev\\activos\\finanzas-snake\\src\\utils\\dateUtils.ts","statementMap":{"0":{"start":{"line":7,"column":13},"end":{"line":9,"column":null}},"1":{"start":{"line":8,"column":1},"end":{"line":8,"column":null}},"2":{"start":{"line":18,"column":13},"end":{"line":22,"column":null}},"3":{"start":{"line":19,"column":28},"end":{"line":19,"column":null}},"4":{"start":{"line":20,"column":14},"end":{"line":20,"column":null}},"5":{"start":{"line":21,"column":1},"end":{"line":21,"column":null}},"6":{"start":{"line":32,"column":13},"end":{"line":39,"column":null}},"7":{"start":{"line":33,"column":28},"end":{"line":33,"column":null}},"8":{"start":{"line":34,"column":22},"end":{"line":34,"column":null}},"9":{"start":{"line":35,"column":24},"end":{"line":35,"column":null}},"10":{"start":{"line":36,"column":20},"end":{"line":36,"column":null}},"11":{"start":{"line":37,"column":16},"end":{"line":37,"column":null}},"12":{"start":{"line":38,"column":1},"end":{"line":38,"column":null}}},"fnMap":{"0":{"name":"(anonymous_0)","decl":{"start":{"line":7,"column":13},"end":{"line":7,"column":31}},"loc":{"start":{"line":7,"column":58},"end":{"line":9,"column":null}},"line":7},"1":{"name":"(anonymous_1)","decl":{"start":{"line":18,"column":13},"end":{"line":18,"column":33}},"loc":{"start":{"line":18,"column":80},"end":{"line":22,"column":null}},"line":18},"2":{"name":"(anonymous_2)","decl":{"start":{"line":32,"column":13},"end":{"line":32,"column":37}},"loc":{"start":{"line":32,"column":91},"end":{"line":39,"column":null}},"line":32}},"branchMap":{"0":{"loc":{"start":{"line":8,"column":8},"end":{"line":8,"column":null}},"type":"binary-expr","locations":[{"start":{"line":8,"column":8},"end":{"line":8,"column":34}},{"start":{"line":8,"column":34},"end":{"line":8,"column":null}}],"line":8}},"s":{"0":6,"1":706,"2":6,"3":224,"4":224,"5":224,"6":6,"7":14,"8":14,"9":14,"10":14,"11":14,"12":14},"f":{"0":706,"1":224,"2":14},"b":{"0":[706,3]},"meta":{"lastBranch":1,"lastFunction":3,"lastStatement":13,"seen":{"s:7:13:9:Infinity":0,"f:7:13:7:31":0,"s:8:1:8:Infinity":1,"b:8:8:8:34:8:34:8:Infinity":0,"s:18:13:22:Infinity":2,"f:18:13:18:33":1,"s:19:28:19:Infinity":3,"s:20:14:20:Infinity":4,"s:21:1:21:Infinity":5,"s:32:13:39:Infinity":6,"f:32:13:32:37":2,"s:33:28:33:Infinity":7,"s:34:22:34:Infinity":8,"s:35:24:35:Infinity":9,"s:36:20:36:Infinity":10,"s:37:16:37:Infinity":11,"s:38:1:38:Infinity":12}}}
,"C:\\Users\\sn4ke\\dev\\activos\\finanzas-snake\\src\\utils\\formatters.ts": {"path":"C:\\Users\\sn4ke\\dev\\activos\\finanzas-snake\\src\\utils\\formatters.ts","statementMap":{"0":{"start":{"line":10,"column":13},"end":{"line":13,"column":null}},"1":{"start":{"line":11,"column":16},"end":{"line":11,"column":null}},"2":{"start":{"line":12,"column":1},"end":{"line":12,"column":null}}},"fnMap":{"0":{"name":"(anonymous_0)","decl":{"start":{"line":10,"column":13},"end":{"line":10,"column":25}},"loc":{"start":{"line":10,"column":69},"end":{"line":13,"column":null}},"line":10}},"branchMap":{"0":{"loc":{"start":{"line":11,"column":16},"end":{"line":11,"column":null}},"type":"cond-expr","locations":[{"start":{"line":11,"column":44},"end":{"line":11,"column":52}},{"start":{"line":11,"column":52},"end":{"line":11,"column":null}}],"line":11},"1":{"loc":{"start":{"line":11,"column":63},"end":{"line":11,"column":74}},"type":"binary-expr","locations":[{"start":{"line":11,"column":63},"end":{"line":11,"column":72}},{"start":{"line":11,"column":72},"end":{"line":11,"column":74}}],"line":11},"2":{"loc":{"start":{"line":12,"column":8},"end":{"line":12,"column":null}},"type":"cond-expr","locations":[{"start":{"line":12,"column":34},"end":{"line":12,"column":43}},{"start":{"line":12,"column":43},"end":{"line":12,"column":null}}],"line":12}},"s":{"0":6,"1":3380,"2":3380},"f":{"0":3380},"b":{"0":[2024,1356],"1":[1356,252],"2":[2854,526]},"meta":{"lastBranch":3,"lastFunction":1,"lastStatement":3,"seen":{"s:10:13:13:Infinity":0,"f:10:13:10:25":0,"s:11:16:11:Infinity":1,"b:11:44:11:52:11:52:11:Infinity":0,"b:11:63:11:72:11:72:11:74":1,"s:12:1:12:Infinity":2,"b:12:34:12:43:12:43:12:Infinity":2}}}
}
