{"C:\\Users\\sn4ke\\dev\\activos\\finanzas-snake\\src\\constants\\index.ts": {"path":"C:\\Users\\sn4ke\\dev\\activos\\finanzas-snake\\src\\constants\\index.ts","statementMap":{"0":{"start":{"line":4,"column":28},"end":{"line":9,"column":null}},"1":{"start":{"line":14,"column":28},"end":{"line":24,"column":null}},"2":{"start":{"line":29,"column":32},"end":{"line":29,"column":null}}},"fnMap":{},"branchMap":{},"s":{"0":3,"1":3,"2":3},"f":{},"b":{},"meta":{"lastBranch":0,"lastFunction":0,"lastStatement":3,"seen":{"s:4:28:9:Infinity":0,"s:14:28:24:Infinity":1,"s:29:32:29:Infinity":2}}}
,"C:\\Users\\sn4ke\\dev\\activos\\finanzas-snake\\src\\context\\FinanzasContext.tsx": {"path":"C:\\Users\\sn4ke\\dev\\activos\\finanzas-snake\\src\\context\\FinanzasContext.tsx","statementMap":{"0":{"start":{"line":216,"column":13},"end":{"line":216,"column":null}},"1":{"start":{"line":218,"column":13},"end":{"line":2083,"column":null}},"2":{"start":{"line":219,"column":28},"end":{"line":219,"column":null}},"3":{"start":{"line":222,"column":19},"end":{"line":222,"column":null}},"4":{"start":{"line":222,"column":50},"end":{"line":222,"column":109}},"5":{"start":{"line":223,"column":19},"end":{"line":223,"column":null}},"6":{"start":{"line":223,"column":50},"end":{"line":223,"column":109}},"7":{"start":{"line":224,"column":18},"end":{"line":224,"column":null}},"8":{"start":{"line":226,"column":18},"end":{"line":226,"column":null}},"9":{"start":{"line":226,"column":33},"end":{"line":226,"column":84}},"10":{"start":{"line":229,"column":19},"end":{"line":229,"column":null}},"11":{"start":{"line":230,"column":18},"end":{"line":242,"column":null}},"12":{"start":{"line":243,"column":19},"end":{"line":243,"column":null}},"13":{"start":{"line":245,"column":17},"end":{"line":245,"column":null}},"14":{"start":{"line":245,"column":31},"end":{"line":245,"column":80}},"15":{"start":{"line":247,"column":23},"end":{"line":256,"column":null}},"16":{"start":{"line":248,"column":23},"end":{"line":248,"column":null}},"17":{"start":{"line":249,"column":8},"end":{"line":249,"column":null}},"18":{"start":{"line":250,"column":2},"end":{"line":254,"column":null}},"19":{"start":{"line":251,"column":18},"end":{"line":251,"column":null}},"20":{"start":{"line":251,"column":44},"end":{"line":251,"column":68}},"21":{"start":{"line":252,"column":3},"end":{"line":252,"column":null}},"22":{"start":{"line":252,"column":15},"end":{"line":252,"column":null}},"23":{"start":{"line":253,"column":3},"end":{"line":253,"column":null}},"24":{"start":{"line":255,"column":2},"end":{"line":255,"column":null}},"25":{"start":{"line":258,"column":22},"end":{"line":258,"column":null}},"26":{"start":{"line":258,"column":41},"end":{"line":258,"column":100}},"27":{"start":{"line":259,"column":15},"end":{"line":259,"column":null}},"28":{"start":{"line":260,"column":19},"end":{"line":260,"column":null}},"29":{"start":{"line":261,"column":30},"end":{"line":261,"column":null}},"30":{"start":{"line":264,"column":16},"end":{"line":276,"column":null}},"31":{"start":{"line":278,"column":18},"end":{"line":292,"column":null}},"32":{"start":{"line":293,"column":23},"end":{"line":293,"column":null}},"33":{"start":{"line":296,"column":24},"end":{"line":296,"column":null}},"34":{"start":{"line":297,"column":21},"end":{"line":301,"column":null}},"35":{"start":{"line":304,"column":18},"end":{"line":304,"column":null}},"36":{"start":{"line":305,"column":19},"end":{"line":305,"column":null}},"37":{"start":{"line":306,"column":21},"end":{"line":306,"column":null}},"38":{"start":{"line":307,"column":22},"end":{"line":307,"column":null}},"39":{"start":{"line":308,"column":22},"end":{"line":308,"column":null}},"40":{"start":{"line":309,"column":25},"end":{"line":309,"column":null}},"41":{"start":{"line":310,"column":26},"end":{"line":310,"column":null}},"42":{"start":{"line":311,"column":30},"end":{"line":311,"column":null}},"43":{"start":{"line":312,"column":26},"end":{"line":317,"column":null}},"44":{"start":{"line":320,"column":39},"end":{"line":320,"column":null}},"45":{"start":{"line":321,"column":27},"end":{"line":325,"column":null}},"46":{"start":{"line":328,"column":22},"end":{"line":328,"column":null}},"47":{"start":{"line":328,"column":41},"end":{"line":328,"column":74}},"48":{"start":{"line":329,"column":24},"end":{"line":329,"column":null}},"49":{"start":{"line":330,"column":22},"end":{"line":330,"column":null}},"50":{"start":{"line":330,"column":41},"end":{"line":330,"column":83}},"51":{"start":{"line":331,"column":19},"end":{"line":331,"column":null}},"52":{"start":{"line":332,"column":17},"end":{"line":332,"column":null}},"53":{"start":{"line":333,"column":20},"end":{"line":333,"column":null}},"54":{"start":{"line":334,"column":21},"end":{"line":334,"column":null}},"55":{"start":{"line":335,"column":23},"end":{"line":335,"column":null}},"56":{"start":{"line":338,"column":1},"end":{"line":340,"column":null}},"57":{"start":{"line":339,"column":2},"end":{"line":339,"column":null}},"58":{"start":{"line":339,"column":36},"end":{"line":339,"column":64}},"59":{"start":{"line":342,"column":1},"end":{"line":344,"column":null}},"60":{"start":{"line":343,"column":2},"end":{"line":343,"column":null}},"61":{"start":{"line":346,"column":1},"end":{"line":348,"column":null}},"62":{"start":{"line":347,"column":2},"end":{"line":347,"column":null}},"63":{"start":{"line":350,"column":1},"end":{"line":352,"column":null}},"64":{"start":{"line":351,"column":2},"end":{"line":351,"column":null}},"65":{"start":{"line":354,"column":1},"end":{"line":356,"column":null}},"66":{"start":{"line":355,"column":2},"end":{"line":355,"column":null}},"67":{"start":{"line":358,"column":1},"end":{"line":360,"column":null}},"68":{"start":{"line":359,"column":2},"end":{"line":359,"column":null}},"69":{"start":{"line":362,"column":1},"end":{"line":364,"column":null}},"70":{"start":{"line":363,"column":2},"end":{"line":363,"column":null}},"71":{"start":{"line":366,"column":1},"end":{"line":368,"column":null}},"72":{"start":{"line":367,"column":2},"end":{"line":367,"column":null}},"73":{"start":{"line":370,"column":1},"end":{"line":372,"column":null}},"74":{"start":{"line":371,"column":2},"end":{"line":371,"column":null}},"75":{"start":{"line":374,"column":1},"end":{"line":384,"column":null}},"76":{"start":{"line":375,"column":2},"end":{"line":383,"column":null}},"77":{"start":{"line":376,"column":22},"end":{"line":376,"column":null}},"78":{"start":{"line":376,"column":43},"end":{"line":376,"column":62}},"79":{"start":{"line":377,"column":3},"end":{"line":382,"column":null}},"80":{"start":{"line":377,"column":24},"end":{"line":382,"column":5}},"81":{"start":{"line":379,"column":54},"end":{"line":379,"column":77}},"82":{"start":{"line":380,"column":62},"end":{"line":380,"column":89}},"83":{"start":{"line":381,"column":58},"end":{"line":381,"column":83}},"84":{"start":{"line":387,"column":1},"end":{"line":420,"column":null}},"85":{"start":{"line":388,"column":2},"end":{"line":388,"column":null}},"86":{"start":{"line":388,"column":28},"end":{"line":388,"column":null}},"87":{"start":{"line":389,"column":17},"end":{"line":389,"column":null}},"88":{"start":{"line":389,"column":45},"end":{"line":389,"column":75}},"89":{"start":{"line":390,"column":22},"end":{"line":390,"column":null}},"90":{"start":{"line":391,"column":23},"end":{"line":391,"column":null}},"91":{"start":{"line":393,"column":2},"end":{"line":419,"column":null}},"92":{"start":{"line":394,"column":26},"end":{"line":394,"column":null}},"93":{"start":{"line":395,"column":25},"end":{"line":395,"column":null}},"94":{"start":{"line":396,"column":14},"end":{"line":396,"column":null}},"95":{"start":{"line":397,"column":3},"end":{"line":416,"column":null}},"96":{"start":{"line":398,"column":22},"end":{"line":398,"column":null}},"97":{"start":{"line":399,"column":4},"end":{"line":399,"column":null}},"98":{"start":{"line":400,"column":4},"end":{"line":403,"column":null}},"99":{"start":{"line":406,"column":31},"end":{"line":408,"column":null}},"100":{"start":{"line":407,"column":12},"end":{"line":407,"column":null}},"101":{"start":{"line":409,"column":19},"end":{"line":414,"column":null}},"102":{"start":{"line":409,"column":50},"end":{"line":414,"column":6}},"103":{"start":{"line":415,"column":4},"end":{"line":415,"column":null}},"104":{"start":{"line":417,"column":3},"end":{"line":417,"column":null}},"105":{"start":{"line":418,"column":3},"end":{"line":418,"column":null}},"106":{"start":{"line":423,"column":7},"end":{"line":423,"column":null}},"107":{"start":{"line":425,"column":26},"end":{"line":434,"column":null}},"108":{"start":{"line":436,"column":22},"end":{"line":436,"column":null}},"109":{"start":{"line":437,"column":23},"end":{"line":437,"column":null}},"110":{"start":{"line":438,"column":34},"end":{"line":438,"column":null}},"111":{"start":{"line":439,"column":27},"end":{"line":439,"column":null}},"112":{"start":{"line":440,"column":31},"end":{"line":440,"column":null}},"113":{"start":{"line":441,"column":31},"end":{"line":441,"column":null}},"114":{"start":{"line":443,"column":30},"end":{"line":443,"column":null}},"115":{"start":{"line":443,"column":57},"end":{"line":443,"column":97}},"116":{"start":{"line":445,"column":7},"end":{"line":445,"column":null}},"117":{"start":{"line":445,"column":36},"end":{"line":445,"column":null}},"118":{"start":{"line":447,"column":26},"end":{"line":449,"column":null}},"119":{"start":{"line":448,"column":17},"end":{"line":448,"column":68}},"120":{"start":{"line":449,"column":22},"end":{"line":449,"column":58}},"121":{"start":{"line":451,"column":23},"end":{"line":453,"column":null}},"122":{"start":{"line":452,"column":17},"end":{"line":452,"column":68}},"123":{"start":{"line":453,"column":22},"end":{"line":453,"column":58}},"124":{"start":{"line":455,"column":27},"end":{"line":457,"column":null}},"125":{"start":{"line":456,"column":17},"end":{"line":456,"column":69}},"126":{"start":{"line":457,"column":22},"end":{"line":457,"column":58}},"127":{"start":{"line":459,"column":24},"end":{"line":461,"column":null}},"128":{"start":{"line":460,"column":17},"end":{"line":460,"column":69}},"129":{"start":{"line":461,"column":22},"end":{"line":461,"column":58}},"130":{"start":{"line":464,"column":23},"end":{"line":472,"column":null}},"131":{"start":{"line":465,"column":8},"end":{"line":465,"column":null}},"132":{"start":{"line":466,"column":2},"end":{"line":466,"column":null}},"133":{"start":{"line":466,"column":29},"end":{"line":466,"column":null}},"134":{"start":{"line":467,"column":2},"end":{"line":470,"column":null}},"135":{"start":{"line":468,"column":9},"end":{"line":468,"column":null}},"136":{"start":{"line":469,"column":3},"end":{"line":469,"column":null}},"137":{"start":{"line":471,"column":2},"end":{"line":471,"column":null}},"138":{"start":{"line":475,"column":22},"end":{"line":477,"column":null}},"139":{"start":{"line":476,"column":17},"end":{"line":476,"column":84}},"140":{"start":{"line":477,"column":22},"end":{"line":477,"column":48}},"141":{"start":{"line":479,"column":22},"end":{"line":481,"column":null}},"142":{"start":{"line":480,"column":17},"end":{"line":480,"column":84}},"143":{"start":{"line":481,"column":22},"end":{"line":481,"column":48}},"144":{"start":{"line":483,"column":7},"end":{"line":483,"column":null}},"145":{"start":{"line":486,"column":7},"end":{"line":486,"column":null}},"146":{"start":{"line":487,"column":22},"end":{"line":487,"column":null}},"147":{"start":{"line":487,"column":74},"end":{"line":487,"column":82}},"148":{"start":{"line":490,"column":34},"end":{"line":492,"column":null}},"149":{"start":{"line":491,"column":3},"end":{"line":491,"column":null}},"150":{"start":{"line":493,"column":31},"end":{"line":493,"column":null}},"151":{"start":{"line":493,"column":75},"end":{"line":493,"column":94}},"152":{"start":{"line":495,"column":7},"end":{"line":495,"column":null}},"153":{"start":{"line":496,"column":27},"end":{"line":496,"column":null}},"154":{"start":{"line":498,"column":39},"end":{"line":500,"column":null}},"155":{"start":{"line":499,"column":2},"end":{"line":499,"column":null}},"156":{"start":{"line":502,"column":31},"end":{"line":505,"column":null}},"157":{"start":{"line":503,"column":8},"end":{"line":503,"column":null}},"158":{"start":{"line":504,"column":2},"end":{"line":504,"column":null}},"159":{"start":{"line":507,"column":7},"end":{"line":511,"column":null}},"160":{"start":{"line":513,"column":37},"end":{"line":513,"column":null}},"161":{"start":{"line":514,"column":34},"end":{"line":514,"column":null}},"162":{"start":{"line":517,"column":7},"end":{"line":534,"column":null}},"163":{"start":{"line":518,"column":2},"end":{"line":518,"column":null}},"164":{"start":{"line":519,"column":2},"end":{"line":521,"column":null}},"165":{"start":{"line":520,"column":3},"end":{"line":520,"column":null}},"166":{"start":{"line":523,"column":8},"end":{"line":523,"column":null}},"167":{"start":{"line":523,"column":90},"end":{"line":523,"column":121}},"168":{"start":{"line":525,"column":22},"end":{"line":525,"column":null}},"169":{"start":{"line":526,"column":28},"end":{"line":530,"column":null}},"170":{"start":{"line":531,"column":2},"end":{"line":531,"column":null}},"171":{"start":{"line":532,"column":2},"end":{"line":532,"column":null}},"172":{"start":{"line":533,"column":2},"end":{"line":533,"column":null}},"173":{"start":{"line":536,"column":7},"end":{"line":549,"column":null}},"174":{"start":{"line":537,"column":2},"end":{"line":548,"column":null}},"175":{"start":{"line":538,"column":3},"end":{"line":538,"column":null}},"176":{"start":{"line":539,"column":3},"end":{"line":539,"column":null}},"177":{"start":{"line":540,"column":3},"end":{"line":540,"column":null}},"178":{"start":{"line":541,"column":3},"end":{"line":545,"column":null}},"179":{"start":{"line":546,"column":3},"end":{"line":546,"column":null}},"180":{"start":{"line":547,"column":3},"end":{"line":547,"column":null}},"181":{"start":{"line":551,"column":7},"end":{"line":583,"column":null}},"182":{"start":{"line":552,"column":2},"end":{"line":552,"column":null}},"183":{"start":{"line":552,"column":28},"end":{"line":552,"column":null}},"184":{"start":{"line":553,"column":17},"end":{"line":553,"column":null}},"185":{"start":{"line":553,"column":45},"end":{"line":553,"column":75}},"186":{"start":{"line":554,"column":22},"end":{"line":554,"column":null}},"187":{"start":{"line":555,"column":8},"end":{"line":555,"column":null}},"188":{"start":{"line":557,"column":2},"end":{"line":560,"column":null}},"189":{"start":{"line":557,"column":26},"end":{"line":557,"column":47}},"190":{"start":{"line":558,"column":3},"end":{"line":558,"column":null}},"191":{"start":{"line":559,"column":3},"end":{"line":559,"column":null}},"192":{"start":{"line":562,"column":28},"end":{"line":565,"column":null}},"193":{"start":{"line":568,"column":31},"end":{"line":570,"column":null}},"194":{"start":{"line":569,"column":10},"end":{"line":569,"column":null}},"195":{"start":{"line":571,"column":17},"end":{"line":576,"column":null}},"196":{"start":{"line":571,"column":50},"end":{"line":576,"column":4}},"197":{"start":{"line":578,"column":2},"end":{"line":578,"column":null}},"198":{"start":{"line":579,"column":2},"end":{"line":581,"column":null}},"199":{"start":{"line":580,"column":3},"end":{"line":580,"column":null}},"200":{"start":{"line":580,"column":29},"end":{"line":580,"column":49}},"201":{"start":{"line":582,"column":2},"end":{"line":582,"column":null}},"202":{"start":{"line":585,"column":7},"end":{"line":669,"column":null}},"203":{"start":{"line":586,"column":2},"end":{"line":586,"column":null}},"204":{"start":{"line":587,"column":2},"end":{"line":587,"column":null}},"205":{"start":{"line":587,"column":38},"end":{"line":587,"column":null}},"206":{"start":{"line":589,"column":8},"end":{"line":596,"column":null}},"207":{"start":{"line":590,"column":19},"end":{"line":590,"column":null}},"208":{"start":{"line":590,"column":40},"end":{"line":590,"column":55}},"209":{"start":{"line":591,"column":17},"end":{"line":591,"column":null}},"210":{"start":{"line":591,"column":38},"end":{"line":591,"column":51}},"211":{"start":{"line":592,"column":3},"end":{"line":594,"column":null}},"212":{"start":{"line":593,"column":4},"end":{"line":593,"column":null}},"213":{"start":{"line":593,"column":39},"end":{"line":593,"column":null}},"214":{"start":{"line":595,"column":3},"end":{"line":595,"column":null}},"215":{"start":{"line":598,"column":8},"end":{"line":603,"column":null}},"216":{"start":{"line":599,"column":3},"end":{"line":601,"column":null}},"217":{"start":{"line":600,"column":4},"end":{"line":600,"column":null}},"218":{"start":{"line":602,"column":3},"end":{"line":602,"column":null}},"219":{"start":{"line":605,"column":8},"end":{"line":618,"column":null}},"220":{"start":{"line":606,"column":3},"end":{"line":608,"column":null}},"221":{"start":{"line":607,"column":4},"end":{"line":607,"column":null}},"222":{"start":{"line":609,"column":3},"end":{"line":616,"column":null}},"223":{"start":{"line":610,"column":16},"end":{"line":610,"column":null}},"224":{"start":{"line":610,"column":37},"end":{"line":610,"column":62}},"225":{"start":{"line":611,"column":4},"end":{"line":615,"column":null}},"226":{"start":{"line":612,"column":5},"end":{"line":612,"column":null}},"227":{"start":{"line":612,"column":32},"end":{"line":612,"column":null}},"228":{"start":{"line":613,"column":5},"end":{"line":613,"column":null}},"229":{"start":{"line":613,"column":32},"end":{"line":613,"column":null}},"230":{"start":{"line":614,"column":5},"end":{"line":614,"column":null}},"231":{"start":{"line":617,"column":3},"end":{"line":617,"column":null}},"232":{"start":{"line":620,"column":18},"end":{"line":620,"column":null}},"233":{"start":{"line":621,"column":25},"end":{"line":621,"column":null}},"234":{"start":{"line":622,"column":26},"end":{"line":622,"column":null}},"235":{"start":{"line":623,"column":29},"end":{"line":636,"column":null}},"236":{"start":{"line":638,"column":24},"end":{"line":638,"column":null}},"237":{"start":{"line":641,"column":2},"end":{"line":660,"column":null}},"238":{"start":{"line":642,"column":24},"end":{"line":642,"column":null}},"239":{"start":{"line":643,"column":19},"end":{"line":643,"column":null}},"240":{"start":{"line":644,"column":24},"end":{"line":647,"column":null}},"241":{"start":{"line":645,"column":16},"end":{"line":645,"column":23}},"242":{"start":{"line":646,"column":19},"end":{"line":646,"column":35}},"243":{"start":{"line":649,"column":43},"end":{"line":649,"column":null}},"244":{"start":{"line":650,"column":3},"end":{"line":658,"column":null}},"245":{"start":{"line":651,"column":20},"end":{"line":651,"column":null}},"246":{"start":{"line":652,"column":4},"end":{"line":657,"column":null}},"247":{"start":{"line":659,"column":3},"end":{"line":659,"column":null}},"248":{"start":{"line":662,"column":2},"end":{"line":662,"column":null}},"249":{"start":{"line":663,"column":2},"end":{"line":668,"column":null}},"250":{"start":{"line":671,"column":7},"end":{"line":687,"column":null}},"251":{"start":{"line":672,"column":2},"end":{"line":672,"column":null}},"252":{"start":{"line":673,"column":2},"end":{"line":685,"column":null}},"253":{"start":{"line":686,"column":2},"end":{"line":686,"column":null}},"254":{"start":{"line":689,"column":7},"end":{"line":833,"column":null}},"255":{"start":{"line":690,"column":2},"end":{"line":690,"column":null}},"256":{"start":{"line":691,"column":2},"end":{"line":691,"column":null}},"257":{"start":{"line":691,"column":56},"end":{"line":691,"column":null}},"258":{"start":{"line":693,"column":24},"end":{"line":693,"column":null}},"259":{"start":{"line":694,"column":17},"end":{"line":694,"column":null}},"260":{"start":{"line":695,"column":23},"end":{"line":695,"column":null}},"261":{"start":{"line":697,"column":8},"end":{"line":704,"column":null}},"262":{"start":{"line":698,"column":19},"end":{"line":698,"column":null}},"263":{"start":{"line":698,"column":40},"end":{"line":698,"column":55}},"264":{"start":{"line":699,"column":17},"end":{"line":699,"column":null}},"265":{"start":{"line":699,"column":38},"end":{"line":699,"column":51}},"266":{"start":{"line":700,"column":3},"end":{"line":702,"column":null}},"267":{"start":{"line":701,"column":4},"end":{"line":701,"column":null}},"268":{"start":{"line":701,"column":39},"end":{"line":701,"column":null}},"269":{"start":{"line":703,"column":3},"end":{"line":703,"column":null}},"270":{"start":{"line":706,"column":8},"end":{"line":711,"column":null}},"271":{"start":{"line":707,"column":3},"end":{"line":709,"column":null}},"272":{"start":{"line":708,"column":4},"end":{"line":708,"column":null}},"273":{"start":{"line":710,"column":3},"end":{"line":710,"column":null}},"274":{"start":{"line":713,"column":8},"end":{"line":726,"column":null}},"275":{"start":{"line":714,"column":3},"end":{"line":716,"column":null}},"276":{"start":{"line":715,"column":4},"end":{"line":715,"column":null}},"277":{"start":{"line":717,"column":3},"end":{"line":724,"column":null}},"278":{"start":{"line":718,"column":16},"end":{"line":718,"column":null}},"279":{"start":{"line":718,"column":37},"end":{"line":718,"column":64}},"280":{"start":{"line":719,"column":4},"end":{"line":723,"column":null}},"281":{"start":{"line":720,"column":5},"end":{"line":720,"column":null}},"282":{"start":{"line":720,"column":32},"end":{"line":720,"column":null}},"283":{"start":{"line":721,"column":5},"end":{"line":721,"column":null}},"284":{"start":{"line":721,"column":32},"end":{"line":721,"column":null}},"285":{"start":{"line":722,"column":5},"end":{"line":722,"column":null}},"286":{"start":{"line":725,"column":3},"end":{"line":725,"column":null}},"287":{"start":{"line":728,"column":25},"end":{"line":728,"column":null}},"288":{"start":{"line":729,"column":26},"end":{"line":729,"column":null}},"289":{"start":{"line":730,"column":24},"end":{"line":739,"column":null}},"290":{"start":{"line":741,"column":20},"end":{"line":741,"column":null}},"291":{"start":{"line":742,"column":25},"end":{"line":742,"column":null}},"292":{"start":{"line":744,"column":2},"end":{"line":830,"column":null}},"293":{"start":{"line":745,"column":20},"end":{"line":801,"column":null}},"294":{"start":{"line":746,"column":21},"end":{"line":746,"column":null}},"295":{"start":{"line":748,"column":4},"end":{"line":799,"column":null}},"296":{"start":{"line":749,"column":5},"end":{"line":788,"column":null}},"297":{"start":{"line":750,"column":6},"end":{"line":759,"column":null}},"298":{"start":{"line":751,"column":7},"end":{"line":758,"column":null}},"299":{"start":{"line":760,"column":12},"end":{"line":788,"column":null}},"300":{"start":{"line":762,"column":7},"end":{"line":763,"column":null}},"301":{"start":{"line":764,"column":6},"end":{"line":774,"column":null}},"302":{"start":{"line":765,"column":55},"end":{"line":765,"column":null}},"303":{"start":{"line":766,"column":7},"end":{"line":773,"column":null}},"304":{"start":{"line":775,"column":12},"end":{"line":788,"column":null}},"305":{"start":{"line":776,"column":30},"end":{"line":776,"column":null}},"306":{"start":{"line":777,"column":6},"end":{"line":787,"column":null}},"307":{"start":{"line":778,"column":55},"end":{"line":778,"column":null}},"308":{"start":{"line":779,"column":7},"end":{"line":786,"column":null}},"309":{"start":{"line":790,"column":5},"end":{"line":798,"column":null}},"310":{"start":{"line":791,"column":6},"end":{"line":797,"column":null}},"311":{"start":{"line":800,"column":4},"end":{"line":800,"column":null}},"312":{"start":{"line":803,"column":3},"end":{"line":827,"column":null}},"313":{"start":{"line":804,"column":25},"end":{"line":804,"column":null}},"314":{"start":{"line":805,"column":20},"end":{"line":805,"column":null}},"315":{"start":{"line":806,"column":25},"end":{"line":809,"column":null}},"316":{"start":{"line":807,"column":17},"end":{"line":807,"column":24}},"317":{"start":{"line":808,"column":20},"end":{"line":808,"column":36}},"318":{"start":{"line":811,"column":44},"end":{"line":811,"column":null}},"319":{"start":{"line":812,"column":4},"end":{"line":825,"column":null}},"320":{"start":{"line":813,"column":21},"end":{"line":813,"column":null}},"321":{"start":{"line":814,"column":5},"end":{"line":824,"column":null}},"322":{"start":{"line":814,"column":33},"end":{"line":814,"column":49}},"323":{"start":{"line":815,"column":6},"end":{"line":823,"column":null}},"324":{"start":{"line":826,"column":4},"end":{"line":826,"column":null}},"325":{"start":{"line":829,"column":3},"end":{"line":829,"column":null}},"326":{"start":{"line":832,"column":2},"end":{"line":832,"column":null}},"327":{"start":{"line":835,"column":7},"end":{"line":858,"column":null}},"328":{"start":{"line":836,"column":19},"end":{"line":836,"column":null}},"329":{"start":{"line":836,"column":44},"end":{"line":836,"column":55}},"330":{"start":{"line":837,"column":2},"end":{"line":837,"column":null}},"331":{"start":{"line":837,"column":17},"end":{"line":837,"column":null}},"332":{"start":{"line":839,"column":2},"end":{"line":855,"column":null}},"333":{"start":{"line":840,"column":24},"end":{"line":842,"column":null}},"334":{"start":{"line":843,"column":3},"end":{"line":854,"column":null}},"335":{"start":{"line":844,"column":19},"end":{"line":844,"column":null}},"336":{"start":{"line":845,"column":25},"end":{"line":845,"column":null}},"337":{"start":{"line":846,"column":4},"end":{"line":852,"column":null}},"338":{"start":{"line":849,"column":7},"end":{"line":850,"column":null}},"339":{"start":{"line":853,"column":4},"end":{"line":853,"column":null}},"340":{"start":{"line":857,"column":2},"end":{"line":857,"column":null}},"341":{"start":{"line":857,"column":45},"end":{"line":857,"column":56}},"342":{"start":{"line":860,"column":7},"end":{"line":866,"column":null}},"343":{"start":{"line":861,"column":2},"end":{"line":861,"column":null}},"344":{"start":{"line":861,"column":31},"end":{"line":861,"column":42}},"345":{"start":{"line":862,"column":2},"end":{"line":862,"column":null}},"346":{"start":{"line":862,"column":84},"end":{"line":862,"column":97}},"347":{"start":{"line":863,"column":2},"end":{"line":865,"column":null}},"348":{"start":{"line":864,"column":3},"end":{"line":864,"column":null}},"349":{"start":{"line":868,"column":7},"end":{"line":947,"column":null}},"350":{"start":{"line":869,"column":2},"end":{"line":869,"column":null}},"351":{"start":{"line":870,"column":2},"end":{"line":870,"column":null}},"352":{"start":{"line":872,"column":2},"end":{"line":872,"column":null}},"353":{"start":{"line":872,"column":22},"end":{"line":872,"column":null}},"354":{"start":{"line":874,"column":2},"end":{"line":895,"column":null}},"355":{"start":{"line":875,"column":3},"end":{"line":875,"column":null}},"356":{"start":{"line":875,"column":69},"end":{"line":875,"column":null}},"357":{"start":{"line":877,"column":15},"end":{"line":877,"column":null}},"358":{"start":{"line":878,"column":25},"end":{"line":890,"column":null}},"359":{"start":{"line":892,"column":3},"end":{"line":892,"column":null}},"360":{"start":{"line":893,"column":3},"end":{"line":893,"column":null}},"361":{"start":{"line":894,"column":3},"end":{"line":894,"column":null}},"362":{"start":{"line":897,"column":2},"end":{"line":897,"column":null}},"363":{"start":{"line":897,"column":32},"end":{"line":897,"column":null}},"364":{"start":{"line":899,"column":24},"end":{"line":901,"column":null}},"365":{"start":{"line":900,"column":4},"end":{"line":900,"column":null}},"366":{"start":{"line":902,"column":2},"end":{"line":905,"column":null}},"367":{"start":{"line":903,"column":3},"end":{"line":903,"column":null}},"368":{"start":{"line":904,"column":3},"end":{"line":904,"column":null}},"369":{"start":{"line":907,"column":25},"end":{"line":907,"column":null}},"370":{"start":{"line":908,"column":15},"end":{"line":908,"column":null}},"371":{"start":{"line":909,"column":21},"end":{"line":909,"column":null}},"372":{"start":{"line":910,"column":24},"end":{"line":913,"column":null}},"373":{"start":{"line":911,"column":21},"end":{"line":911,"column":null}},"374":{"start":{"line":915,"column":2},"end":{"line":920,"column":null}},"375":{"start":{"line":916,"column":3},"end":{"line":918,"column":null}},"376":{"start":{"line":919,"column":3},"end":{"line":919,"column":null}},"377":{"start":{"line":922,"column":13},"end":{"line":922,"column":null}},"378":{"start":{"line":923,"column":24},"end":{"line":935,"column":null}},"379":{"start":{"line":937,"column":2},"end":{"line":937,"column":null}},"380":{"start":{"line":938,"column":2},"end":{"line":946,"column":null}},"381":{"start":{"line":949,"column":7},"end":{"line":962,"column":null}},"382":{"start":{"line":950,"column":2},"end":{"line":950,"column":null}},"383":{"start":{"line":951,"column":2},"end":{"line":951,"column":null}},"384":{"start":{"line":951,"column":25},"end":{"line":951,"column":null}},"385":{"start":{"line":953,"column":26},"end":{"line":958,"column":null}},"386":{"start":{"line":960,"column":2},"end":{"line":960,"column":null}},"387":{"start":{"line":961,"column":2},"end":{"line":961,"column":null}},"388":{"start":{"line":964,"column":7},"end":{"line":983,"column":null}},"389":{"start":{"line":965,"column":2},"end":{"line":965,"column":null}},"390":{"start":{"line":966,"column":2},"end":{"line":966,"column":null}},"391":{"start":{"line":966,"column":44},"end":{"line":966,"column":null}},"392":{"start":{"line":968,"column":25},"end":{"line":968,"column":null}},"393":{"start":{"line":969,"column":2},"end":{"line":979,"column":null}},"394":{"start":{"line":970,"column":3},"end":{"line":977,"column":null}},"395":{"start":{"line":971,"column":4},"end":{"line":976,"column":null}},"396":{"start":{"line":978,"column":3},"end":{"line":978,"column":null}},"397":{"start":{"line":981,"column":2},"end":{"line":981,"column":null}},"398":{"start":{"line":982,"column":2},"end":{"line":982,"column":null}},"399":{"start":{"line":985,"column":7},"end":{"line":992,"column":null}},"400":{"start":{"line":986,"column":2},"end":{"line":986,"column":null}},"401":{"start":{"line":987,"column":2},"end":{"line":991,"column":null}},"402":{"start":{"line":994,"column":7},"end":{"line":1021,"column":null}},"403":{"start":{"line":995,"column":2},"end":{"line":998,"column":null}},"404":{"start":{"line":996,"column":3},"end":{"line":996,"column":null}},"405":{"start":{"line":997,"column":3},"end":{"line":997,"column":null}},"406":{"start":{"line":999,"column":2},"end":{"line":1020,"column":null}},"407":{"start":{"line":1000,"column":3},"end":{"line":1000,"column":null}},"408":{"start":{"line":1000,"column":38},"end":{"line":1000,"column":49}},"409":{"start":{"line":1002,"column":3},"end":{"line":1010,"column":null}},"410":{"start":{"line":1003,"column":4},"end":{"line":1009,"column":null}},"411":{"start":{"line":1004,"column":21},"end":{"line":1004,"column":null}},"412":{"start":{"line":1005,"column":5},"end":{"line":1005,"column":null}},"413":{"start":{"line":1005,"column":29},"end":{"line":1005,"column":null}},"414":{"start":{"line":1006,"column":5},"end":{"line":1006,"column":null}},"415":{"start":{"line":1006,"column":33},"end":{"line":1006,"column":null}},"416":{"start":{"line":1007,"column":5},"end":{"line":1007,"column":null}},"417":{"start":{"line":1007,"column":31},"end":{"line":1007,"column":null}},"418":{"start":{"line":1008,"column":5},"end":{"line":1008,"column":null}},"419":{"start":{"line":1012,"column":3},"end":{"line":1019,"column":null}},"420":{"start":{"line":1013,"column":4},"end":{"line":1018,"column":null}},"421":{"start":{"line":1014,"column":5},"end":{"line":1016,"column":null}},"422":{"start":{"line":1015,"column":6},"end":{"line":1015,"column":null}},"423":{"start":{"line":1017,"column":5},"end":{"line":1017,"column":null}},"424":{"start":{"line":1023,"column":7},"end":{"line":1032,"column":null}},"425":{"start":{"line":1024,"column":15},"end":{"line":1024,"column":null}},"426":{"start":{"line":1024,"column":36},"end":{"line":1024,"column":50}},"427":{"start":{"line":1025,"column":2},"end":{"line":1025,"column":null}},"428":{"start":{"line":1025,"column":40},"end":{"line":1025,"column":null}},"429":{"start":{"line":1027,"column":2},"end":{"line":1031,"column":null}},"430":{"start":{"line":1028,"column":3},"end":{"line":1028,"column":null}},"431":{"start":{"line":1028,"column":85},"end":{"line":1028,"column":98}},"432":{"start":{"line":1030,"column":3},"end":{"line":1030,"column":null}},"433":{"start":{"line":1034,"column":7},"end":{"line":1039,"column":null}},"434":{"start":{"line":1035,"column":2},"end":{"line":1038,"column":null}},"435":{"start":{"line":1035,"column":25},"end":{"line":1038,"column":4}},"436":{"start":{"line":1037,"column":45},"end":{"line":1037,"column":100}},"437":{"start":{"line":1041,"column":7},"end":{"line":1046,"column":null}},"438":{"start":{"line":1042,"column":2},"end":{"line":1045,"column":null}},"439":{"start":{"line":1042,"column":25},"end":{"line":1045,"column":4}},"440":{"start":{"line":1048,"column":7},"end":{"line":1053,"column":null}},"441":{"start":{"line":1049,"column":2},"end":{"line":1052,"column":null}},"442":{"start":{"line":1049,"column":25},"end":{"line":1052,"column":4}},"443":{"start":{"line":1051,"column":74},"end":{"line":1051,"column":91}},"444":{"start":{"line":1055,"column":7},"end":{"line":1069,"column":null}},"445":{"start":{"line":1056,"column":31},"end":{"line":1066,"column":null}},"446":{"start":{"line":1057,"column":3},"end":{"line":1057,"column":null}},"447":{"start":{"line":1057,"column":55},"end":{"line":1057,"column":null}},"448":{"start":{"line":1058,"column":3},"end":{"line":1065,"column":null}},"449":{"start":{"line":1061,"column":5},"end":{"line":1063,"column":null}},"450":{"start":{"line":1067,"column":2},"end":{"line":1067,"column":null}},"451":{"start":{"line":1068,"column":2},"end":{"line":1068,"column":null}},"452":{"start":{"line":1068,"column":54},"end":{"line":1068,"column":72}},"453":{"start":{"line":1072,"column":25},"end":{"line":1139,"column":null}},"454":{"start":{"line":1073,"column":2},"end":{"line":1076,"column":null}},"455":{"start":{"line":1074,"column":3},"end":{"line":1074,"column":null}},"456":{"start":{"line":1075,"column":3},"end":{"line":1075,"column":null}},"457":{"start":{"line":1077,"column":2},"end":{"line":1077,"column":null}},"458":{"start":{"line":1077,"column":28},"end":{"line":1077,"column":null}},"459":{"start":{"line":1079,"column":2},"end":{"line":1079,"column":null}},"460":{"start":{"line":1080,"column":2},"end":{"line":1080,"column":null}},"461":{"start":{"line":1082,"column":31},"end":{"line":1086,"column":null}},"462":{"start":{"line":1087,"column":26},"end":{"line":1087,"column":null}},"463":{"start":{"line":1088,"column":2},"end":{"line":1088,"column":null}},"464":{"start":{"line":1089,"column":2},"end":{"line":1089,"column":null}},"465":{"start":{"line":1091,"column":2},"end":{"line":1138,"column":null}},"466":{"start":{"line":1092,"column":24},"end":{"line":1123,"column":null}},"467":{"start":{"line":1125,"column":9},"end":{"line":1125,"column":null}},"468":{"start":{"line":1126,"column":24},"end":{"line":1126,"column":null}},"469":{"start":{"line":1128,"column":30},"end":{"line":1132,"column":null}},"470":{"start":{"line":1133,"column":3},"end":{"line":1133,"column":null}},"471":{"start":{"line":1133,"column":29},"end":{"line":1133,"column":45}},"472":{"start":{"line":1135,"column":3},"end":{"line":1135,"column":null}},"473":{"start":{"line":1137,"column":3},"end":{"line":1137,"column":null}},"474":{"start":{"line":1141,"column":7},"end":{"line":1146,"column":null}},"475":{"start":{"line":1142,"column":2},"end":{"line":1145,"column":null}},"476":{"start":{"line":1143,"column":3},"end":{"line":1143,"column":null}},"477":{"start":{"line":1144,"column":3},"end":{"line":1144,"column":null}},"478":{"start":{"line":1148,"column":7},"end":{"line":1166,"column":null}},"479":{"start":{"line":1149,"column":15},"end":{"line":1149,"column":null}},"480":{"start":{"line":1150,"column":2},"end":{"line":1150,"column":null}},"481":{"start":{"line":1151,"column":2},"end":{"line":1151,"column":null}},"482":{"start":{"line":1152,"column":2},"end":{"line":1152,"column":null}},"483":{"start":{"line":1153,"column":2},"end":{"line":1153,"column":null}},"484":{"start":{"line":1154,"column":2},"end":{"line":1154,"column":null}},"485":{"start":{"line":1155,"column":2},"end":{"line":1155,"column":null}},"486":{"start":{"line":1156,"column":2},"end":{"line":1156,"column":null}},"487":{"start":{"line":1157,"column":2},"end":{"line":1157,"column":null}},"488":{"start":{"line":1158,"column":2},"end":{"line":1158,"column":null}},"489":{"start":{"line":1159,"column":2},"end":{"line":1159,"column":null}},"490":{"start":{"line":1160,"column":2},"end":{"line":1162,"column":null}},"491":{"start":{"line":1161,"column":3},"end":{"line":1161,"column":null}},"492":{"start":{"line":1161,"column":43},"end":{"line":1161,"column":54}},"493":{"start":{"line":1161,"column":68},"end":{"line":1161,"column":76}},"494":{"start":{"line":1163,"column":2},"end":{"line":1163,"column":null}},"495":{"start":{"line":1164,"column":2},"end":{"line":1164,"column":null}},"496":{"start":{"line":1165,"column":2},"end":{"line":1165,"column":null}},"497":{"start":{"line":1168,"column":7},"end":{"line":1182,"column":null}},"498":{"start":{"line":1169,"column":15},"end":{"line":1175,"column":null}},"499":{"start":{"line":1171,"column":21},"end":{"line":1171,"column":null}},"500":{"start":{"line":1172,"column":25},"end":{"line":1172,"column":null}},"501":{"start":{"line":1173,"column":4},"end":{"line":1173,"column":null}},"502":{"start":{"line":1177,"column":2},"end":{"line":1181,"column":null}},"503":{"start":{"line":1180,"column":3},"end":{"line":1180,"column":null}},"504":{"start":{"line":1184,"column":7},"end":{"line":1357,"column":null}},"505":{"start":{"line":1185,"column":16},"end":{"line":1185,"column":null}},"506":{"start":{"line":1187,"column":8},"end":{"line":1198,"column":null}},"507":{"start":{"line":1188,"column":17},"end":{"line":1193,"column":null}},"508":{"start":{"line":1195,"column":3},"end":{"line":1195,"column":null}},"509":{"start":{"line":1196,"column":3},"end":{"line":1196,"column":null}},"510":{"start":{"line":1197,"column":3},"end":{"line":1197,"column":null}},"511":{"start":{"line":1200,"column":20},"end":{"line":1354,"column":null}},"512":{"start":{"line":1201,"column":3},"end":{"line":1353,"column":null}},"513":{"start":{"line":1202,"column":18},"end":{"line":1202,"column":null}},"514":{"start":{"line":1203,"column":19},"end":{"line":1203,"column":null}},"515":{"start":{"line":1204,"column":15},"end":{"line":1204,"column":null}},"516":{"start":{"line":1205,"column":4},"end":{"line":1208,"column":null}},"517":{"start":{"line":1206,"column":5},"end":{"line":1206,"column":null}},"518":{"start":{"line":1207,"column":5},"end":{"line":1207,"column":null}},"519":{"start":{"line":1209,"column":24},"end":{"line":1212,"column":null}},"520":{"start":{"line":1213,"column":4},"end":{"line":1215,"column":null}},"521":{"start":{"line":1217,"column":18},"end":{"line":1217,"column":null}},"522":{"start":{"line":1218,"column":35},"end":{"line":1218,"column":null}},"523":{"start":{"line":1219,"column":30},"end":{"line":1219,"column":null}},"524":{"start":{"line":1220,"column":39},"end":{"line":1220,"column":null}},"525":{"start":{"line":1222,"column":10},"end":{"line":1232,"column":null}},"526":{"start":{"line":1223,"column":5},"end":{"line":1231,"column":null}},"527":{"start":{"line":1224,"column":6},"end":{"line":1228,"column":null}},"528":{"start":{"line":1225,"column":7},"end":{"line":1225,"column":null}},"529":{"start":{"line":1225,"column":136},"end":{"line":1225,"column":208}},"530":{"start":{"line":1226,"column":13},"end":{"line":1228,"column":null}},"531":{"start":{"line":1227,"column":7},"end":{"line":1227,"column":null}},"532":{"start":{"line":1227,"column":139},"end":{"line":1227,"column":211}},"533":{"start":{"line":1229,"column":6},"end":{"line":1229,"column":null}},"534":{"start":{"line":1230,"column":6},"end":{"line":1230,"column":null}},"535":{"start":{"line":1234,"column":10},"end":{"line":1288,"column":null}},"536":{"start":{"line":1235,"column":5},"end":{"line":1235,"column":null}},"537":{"start":{"line":1235,"column":32},"end":{"line":1235,"column":null}},"538":{"start":{"line":1237,"column":11},"end":{"line":1242,"column":null}},"539":{"start":{"line":1238,"column":20},"end":{"line":1238,"column":null}},"540":{"start":{"line":1239,"column":6},"end":{"line":1239,"column":null}},"541":{"start":{"line":1239,"column":36},"end":{"line":1239,"column":null}},"542":{"start":{"line":1240,"column":6},"end":{"line":1240,"column":null}},"543":{"start":{"line":1240,"column":34},"end":{"line":1240,"column":null}},"544":{"start":{"line":1241,"column":6},"end":{"line":1241,"column":null}},"545":{"start":{"line":1241,"column":28},"end":{"line":1241,"column":36}},"546":{"start":{"line":1244,"column":21},"end":{"line":1244,"column":null}},"547":{"start":{"line":1245,"column":21},"end":{"line":1245,"column":null}},"548":{"start":{"line":1246,"column":25},"end":{"line":1246,"column":null}},"549":{"start":{"line":1248,"column":26},"end":{"line":1248,"column":null}},"550":{"start":{"line":1249,"column":33},"end":{"line":1249,"column":null}},"551":{"start":{"line":1251,"column":5},"end":{"line":1263,"column":null}},"552":{"start":{"line":1252,"column":6},"end":{"line":1252,"column":null}},"553":{"start":{"line":1253,"column":23},"end":{"line":1253,"column":null}},"554":{"start":{"line":1254,"column":6},"end":{"line":1262,"column":null}},"555":{"start":{"line":1255,"column":23},"end":{"line":1255,"column":null}},"556":{"start":{"line":1256,"column":20},"end":{"line":1256,"column":null}},"557":{"start":{"line":1257,"column":21},"end":{"line":1257,"column":null}},"558":{"start":{"line":1258,"column":7},"end":{"line":1258,"column":null}},"559":{"start":{"line":1258,"column":26},"end":{"line":1258,"column":null}},"560":{"start":{"line":1259,"column":7},"end":{"line":1259,"column":null}},"561":{"start":{"line":1259,"column":18},"end":{"line":1259,"column":null}},"562":{"start":{"line":1260,"column":7},"end":{"line":1260,"column":null}},"563":{"start":{"line":1260,"column":17},"end":{"line":1260,"column":null}},"564":{"start":{"line":1261,"column":7},"end":{"line":1261,"column":null}},"565":{"start":{"line":1265,"column":18},"end":{"line":1265,"column":null}},"566":{"start":{"line":1265,"column":66},"end":{"line":1265,"column":83}},"567":{"start":{"line":1267,"column":21},"end":{"line":1267,"column":null}},"568":{"start":{"line":1268,"column":5},"end":{"line":1268,"column":null}},"569":{"start":{"line":1269,"column":5},"end":{"line":1272,"column":null}},"570":{"start":{"line":1270,"column":20},"end":{"line":1270,"column":null}},"571":{"start":{"line":1271,"column":6},"end":{"line":1271,"column":null}},"572":{"start":{"line":1273,"column":5},"end":{"line":1273,"column":null}},"573":{"start":{"line":1275,"column":5},"end":{"line":1275,"column":null}},"574":{"start":{"line":1276,"column":5},"end":{"line":1285,"column":null}},"575":{"start":{"line":1277,"column":17},"end":{"line":1277,"column":null}},"576":{"start":{"line":1278,"column":6},"end":{"line":1278,"column":null}},"577":{"start":{"line":1279,"column":6},"end":{"line":1283,"column":null}},"578":{"start":{"line":1280,"column":25},"end":{"line":1280,"column":null}},"579":{"start":{"line":1281,"column":21},"end":{"line":1281,"column":null}},"580":{"start":{"line":1282,"column":7},"end":{"line":1282,"column":null}},"581":{"start":{"line":1284,"column":6},"end":{"line":1284,"column":null}},"582":{"start":{"line":1286,"column":5},"end":{"line":1286,"column":null}},"583":{"start":{"line":1287,"column":5},"end":{"line":1287,"column":null}},"584":{"start":{"line":1290,"column":4},"end":{"line":1350,"column":null}},"585":{"start":{"line":1290,"column":17},"end":{"line":1290,"column":20}},"586":{"start":{"line":1291,"column":18},"end":{"line":1291,"column":null}},"587":{"start":{"line":1292,"column":25},"end":{"line":1292,"column":null}},"588":{"start":{"line":1294,"column":5},"end":{"line":1297,"column":null}},"589":{"start":{"line":1295,"column":6},"end":{"line":1295,"column":null}},"590":{"start":{"line":1296,"column":6},"end":{"line":1296,"column":null}},"591":{"start":{"line":1299,"column":5},"end":{"line":1315,"column":null}},"592":{"start":{"line":1300,"column":6},"end":{"line":1300,"column":null}},"593":{"start":{"line":1301,"column":25},"end":{"line":1301,"column":null}},"594":{"start":{"line":1302,"column":6},"end":{"line":1305,"column":null}},"595":{"start":{"line":1303,"column":7},"end":{"line":1303,"column":null}},"596":{"start":{"line":1304,"column":7},"end":{"line":1304,"column":null}},"597":{"start":{"line":1306,"column":24},"end":{"line":1306,"column":null}},"598":{"start":{"line":1307,"column":6},"end":{"line":1313,"column":null}},"599":{"start":{"line":1308,"column":7},"end":{"line":1308,"column":null}},"600":{"start":{"line":1310,"column":7},"end":{"line":1312,"column":null}},"601":{"start":{"line":1311,"column":8},"end":{"line":1311,"column":null}},"602":{"start":{"line":1314,"column":6},"end":{"line":1314,"column":null}},"603":{"start":{"line":1317,"column":25},"end":{"line":1317,"column":null}},"604":{"start":{"line":1318,"column":5},"end":{"line":1326,"column":null}},"605":{"start":{"line":1319,"column":6},"end":{"line":1319,"column":null}},"606":{"start":{"line":1320,"column":20},"end":{"line":1320,"column":null}},"607":{"start":{"line":1321,"column":22},"end":{"line":1321,"column":null}},"608":{"start":{"line":1322,"column":23},"end":{"line":1322,"column":null}},"609":{"start":{"line":1323,"column":21},"end":{"line":1323,"column":null}},"610":{"start":{"line":1324,"column":6},"end":{"line":1324,"column":null}},"611":{"start":{"line":1325,"column":6},"end":{"line":1325,"column":null}},"612":{"start":{"line":1328,"column":21},"end":{"line":1328,"column":null}},"613":{"start":{"line":1329,"column":5},"end":{"line":1336,"column":null}},"614":{"start":{"line":1330,"column":6},"end":{"line":1333,"column":null}},"615":{"start":{"line":1331,"column":7},"end":{"line":1331,"column":null}},"616":{"start":{"line":1332,"column":7},"end":{"line":1332,"column":null}},"617":{"start":{"line":1334,"column":6},"end":{"line":1334,"column":null}},"618":{"start":{"line":1335,"column":6},"end":{"line":1335,"column":null}},"619":{"start":{"line":1338,"column":21},"end":{"line":1338,"column":null}},"620":{"start":{"line":1339,"column":5},"end":{"line":1346,"column":null}},"621":{"start":{"line":1340,"column":6},"end":{"line":1343,"column":null}},"622":{"start":{"line":1341,"column":7},"end":{"line":1341,"column":null}},"623":{"start":{"line":1342,"column":7},"end":{"line":1342,"column":null}},"624":{"start":{"line":1344,"column":6},"end":{"line":1344,"column":null}},"625":{"start":{"line":1345,"column":6},"end":{"line":1345,"column":null}},"626":{"start":{"line":1348,"column":5},"end":{"line":1348,"column":null}},"627":{"start":{"line":1349,"column":5},"end":{"line":1349,"column":null}},"628":{"start":{"line":1351,"column":4},"end":{"line":1351,"column":null}},"629":{"start":{"line":1352,"column":4},"end":{"line":1352,"column":null}},"630":{"start":{"line":1356,"column":2},"end":{"line":1356,"column":null}},"631":{"start":{"line":1359,"column":7},"end":{"line":1850,"column":null}},"632":{"start":{"line":1365,"column":17},"end":{"line":1365,"column":null}},"633":{"start":{"line":1366,"column":2},"end":{"line":1366,"column":null}},"634":{"start":{"line":1367,"column":2},"end":{"line":1367,"column":null}},"635":{"start":{"line":1368,"column":2},"end":{"line":1368,"column":null}},"636":{"start":{"line":1369,"column":2},"end":{"line":1369,"column":null}},"637":{"start":{"line":1370,"column":2},"end":{"line":1370,"column":null}},"638":{"start":{"line":1371,"column":2},"end":{"line":1371,"column":null}},"639":{"start":{"line":1372,"column":2},"end":{"line":1372,"column":null}},"640":{"start":{"line":1374,"column":14},"end":{"line":1374,"column":null}},"641":{"start":{"line":1375,"column":2},"end":{"line":1375,"column":null}},"642":{"start":{"line":1375,"column":12},"end":{"line":1375,"column":null}},"643":{"start":{"line":1377,"column":16},"end":{"line":1377,"column":null}},"644":{"start":{"line":1378,"column":15},"end":{"line":1378,"column":null}},"645":{"start":{"line":1379,"column":13},"end":{"line":1379,"column":null}},"646":{"start":{"line":1380,"column":13},"end":{"line":1380,"column":null}},"647":{"start":{"line":1381,"column":13},"end":{"line":1381,"column":null}},"648":{"start":{"line":1382,"column":14},"end":{"line":1382,"column":null}},"649":{"start":{"line":1383,"column":13},"end":{"line":1383,"column":null}},"650":{"start":{"line":1384,"column":19},"end":{"line":1384,"column":null}},"651":{"start":{"line":1386,"column":18},"end":{"line":1392,"column":null}},"652":{"start":{"line":1394,"column":22},"end":{"line":1398,"column":null}},"653":{"start":{"line":1400,"column":26},"end":{"line":1404,"column":null}},"654":{"start":{"line":1406,"column":27},"end":{"line":1416,"column":null}},"655":{"start":{"line":1407,"column":15},"end":{"line":1407,"column":null}},"656":{"start":{"line":1408,"column":22},"end":{"line":1408,"column":null}},"657":{"start":{"line":1409,"column":3},"end":{"line":1413,"column":null}},"658":{"start":{"line":1418,"column":24},"end":{"line":1440,"column":null}},"659":{"start":{"line":1419,"column":22},"end":{"line":1419,"column":null}},"660":{"start":{"line":1420,"column":9},"end":{"line":1420,"column":null}},"661":{"start":{"line":1421,"column":20},"end":{"line":1421,"column":null}},"662":{"start":{"line":1421,"column":47},"end":{"line":1421,"column":61}},"663":{"start":{"line":1422,"column":20},"end":{"line":1422,"column":null}},"664":{"start":{"line":1423,"column":23},"end":{"line":1423,"column":null}},"665":{"start":{"line":1425,"column":17},"end":{"line":1425,"column":null}},"666":{"start":{"line":1426,"column":3},"end":{"line":1430,"column":null}},"667":{"start":{"line":1427,"column":4},"end":{"line":1427,"column":null}},"668":{"start":{"line":1429,"column":4},"end":{"line":1429,"column":null}},"669":{"start":{"line":1432,"column":3},"end":{"line":1437,"column":null}},"670":{"start":{"line":1442,"column":31},"end":{"line":1455,"column":null}},"671":{"start":{"line":1443,"column":22},"end":{"line":1443,"column":null}},"672":{"start":{"line":1444,"column":3},"end":{"line":1451,"column":null}},"673":{"start":{"line":1457,"column":23},"end":{"line":1471,"column":null}},"674":{"start":{"line":1458,"column":18},"end":{"line":1458,"column":null}},"675":{"start":{"line":1459,"column":18},"end":{"line":1459,"column":null}},"676":{"start":{"line":1460,"column":23},"end":{"line":1460,"column":null}},"677":{"start":{"line":1461,"column":23},"end":{"line":1463,"column":null}},"678":{"start":{"line":1465,"column":3},"end":{"line":1468,"column":null}},"679":{"start":{"line":1473,"column":27},"end":{"line":1478,"column":null}},"680":{"start":{"line":1473,"column":44},"end":{"line":1478,"column":5}},"681":{"start":{"line":1480,"column":33},"end":{"line":1480,"column":null}},"682":{"start":{"line":1482,"column":2},"end":{"line":1561,"column":null}},"683":{"start":{"line":1483,"column":3},"end":{"line":1560,"column":null}},"684":{"start":{"line":1563,"column":2},"end":{"line":1582,"column":null}},"685":{"start":{"line":1564,"column":3},"end":{"line":1581,"column":null}},"686":{"start":{"line":1584,"column":2},"end":{"line":1604,"column":null}},"687":{"start":{"line":1585,"column":3},"end":{"line":1603,"column":null}},"688":{"start":{"line":1606,"column":2},"end":{"line":1613,"column":null}},"689":{"start":{"line":1607,"column":3},"end":{"line":1612,"column":null}},"690":{"start":{"line":1615,"column":22},"end":{"line":1615,"column":null}},"691":{"start":{"line":1617,"column":15},"end":{"line":1826,"column":null}},"692":{"start":{"line":1835,"column":2},"end":{"line":1835,"column":null}},"693":{"start":{"line":1836,"column":2},"end":{"line":1836,"column":null}},"694":{"start":{"line":1837,"column":2},"end":{"line":1837,"column":null}},"695":{"start":{"line":1839,"column":24},"end":{"line":1839,"column":null}},"696":{"start":{"line":1840,"column":2},"end":{"line":1840,"column":null}},"697":{"start":{"line":1842,"column":2},"end":{"line":1849,"column":null}},"698":{"start":{"line":1843,"column":3},"end":{"line":1843,"column":null}},"699":{"start":{"line":1844,"column":3},"end":{"line":1844,"column":null}},"700":{"start":{"line":1845,"column":3},"end":{"line":1848,"column":null}},"701":{"start":{"line":1846,"column":4},"end":{"line":1846,"column":null}},"702":{"start":{"line":1847,"column":4},"end":{"line":1847,"column":null}},"703":{"start":{"line":1852,"column":7},"end":{"line":1886,"column":null}},"704":{"start":{"line":1853,"column":2},"end":{"line":1885,"column":null}},"705":{"start":{"line":1854,"column":22},"end":{"line":1863,"column":null}},"706":{"start":{"line":1865,"column":53},"end":{"line":1865,"column":null}},"707":{"start":{"line":1866,"column":3},"end":{"line":1868,"column":null}},"708":{"start":{"line":1867,"column":4},"end":{"line":1867,"column":null}},"709":{"start":{"line":1870,"column":22},"end":{"line":1870,"column":null}},"710":{"start":{"line":1871,"column":26},"end":{"line":1871,"column":null}},"711":{"start":{"line":1872,"column":3},"end":{"line":1872,"column":null}},"712":{"start":{"line":1874,"column":17},"end":{"line":1874,"column":null}},"713":{"start":{"line":1875,"column":16},"end":{"line":1875,"column":null}},"714":{"start":{"line":1876,"column":14},"end":{"line":1876,"column":null}},"715":{"start":{"line":1877,"column":14},"end":{"line":1877,"column":null}},"716":{"start":{"line":1878,"column":3},"end":{"line":1878,"column":null}},"717":{"start":{"line":1880,"column":3},"end":{"line":1880,"column":null}},"718":{"start":{"line":1881,"column":3},"end":{"line":1881,"column":null}},"719":{"start":{"line":1882,"column":3},"end":{"line":1882,"column":null}},"720":{"start":{"line":1884,"column":3},"end":{"line":1884,"column":null}},"721":{"start":{"line":1888,"column":7},"end":{"line":1947,"column":null}},"722":{"start":{"line":1889,"column":2},"end":{"line":1889,"column":null}},"723":{"start":{"line":1890,"column":2},"end":{"line":1890,"column":null}},"724":{"start":{"line":1891,"column":2},"end":{"line":1891,"column":null}},"725":{"start":{"line":1893,"column":2},"end":{"line":1896,"column":null}},"726":{"start":{"line":1894,"column":3},"end":{"line":1894,"column":null}},"727":{"start":{"line":1895,"column":3},"end":{"line":1895,"column":null}},"728":{"start":{"line":1898,"column":2},"end":{"line":1946,"column":null}},"729":{"start":{"line":1899,"column":18},"end":{"line":1899,"column":null}},"730":{"start":{"line":1900,"column":22},"end":{"line":1909,"column":null}},"731":{"start":{"line":1912,"column":30},"end":{"line":1912,"column":null}},"732":{"start":{"line":1912,"column":53},"end":{"line":1912,"column":66}},"733":{"start":{"line":1913,"column":3},"end":{"line":1915,"column":null}},"734":{"start":{"line":1914,"column":4},"end":{"line":1914,"column":null}},"735":{"start":{"line":1918,"column":3},"end":{"line":1923,"column":null}},"736":{"start":{"line":1919,"column":18},"end":{"line":1919,"column":null}},"737":{"start":{"line":1920,"column":4},"end":{"line":1922,"column":null}},"738":{"start":{"line":1921,"column":5},"end":{"line":1921,"column":null}},"739":{"start":{"line":1926,"column":9},"end":{"line":1926,"column":null}},"740":{"start":{"line":1927,"column":3},"end":{"line":1927,"column":null}},"741":{"start":{"line":1928,"column":3},"end":{"line":1928,"column":null}},"742":{"start":{"line":1929,"column":3},"end":{"line":1929,"column":null}},"743":{"start":{"line":1930,"column":3},"end":{"line":1930,"column":null}},"744":{"start":{"line":1932,"column":3},"end":{"line":1932,"column":null}},"745":{"start":{"line":1933,"column":3},"end":{"line":1933,"column":null}},"746":{"start":{"line":1934,"column":3},"end":{"line":1934,"column":null}},"747":{"start":{"line":1935,"column":3},"end":{"line":1935,"column":null}},"748":{"start":{"line":1938,"column":3},"end":{"line":1941,"column":null}},"749":{"start":{"line":1939,"column":20},"end":{"line":1939,"column":null}},"750":{"start":{"line":1939,"column":57},"end":{"line":1939,"column":87}},"751":{"start":{"line":1940,"column":4},"end":{"line":1940,"column":null}},"752":{"start":{"line":1943,"column":3},"end":{"line":1943,"column":null}},"753":{"start":{"line":1945,"column":3},"end":{"line":1945,"column":null}},"754":{"start":{"line":1949,"column":1},"end":{"line":2081,"column":null}}},"fnMap":{"0":{"name":"(anonymous_0)","decl":{"start":{"line":218,"column":13},"end":{"line":218,"column":33}},"loc":{"start":{"line":218,"column":75},"end":{"line":2083,"column":null}},"line":218},"1":{"name":"(anonymous_1)","decl":{"start":{"line":222,"column":35},"end":{"line":222,"column":50}},"loc":{"start":{"line":222,"column":50},"end":{"line":222,"column":109}},"line":222},"2":{"name":"(anonymous_2)","decl":{"start":{"line":223,"column":35},"end":{"line":223,"column":50}},"loc":{"start":{"line":223,"column":50},"end":{"line":223,"column":109}},"line":223},"3":{"name":"(anonymous_3)","decl":{"start":{"line":226,"column":33},"end":{"line":226,"column":59}},"loc":{"start":{"line":226,"column":33},"end":{"line":226,"column":84}},"line":226},"4":{"name":"(anonymous_4)","decl":{"start":{"line":245,"column":31},"end":{"line":245,"column":56}},"loc":{"start":{"line":245,"column":31},"end":{"line":245,"column":80}},"line":245},"5":{"name":"(anonymous_5)","decl":{"start":{"line":247,"column":43},"end":{"line":247,"column":58}},"loc":{"start":{"line":247,"column":58},"end":{"line":256,"column":2}},"line":247},"6":{"name":"(anonymous_6)","decl":{"start":{"line":251,"column":32},"end":{"line":251,"column":38}},"loc":{"start":{"line":251,"column":44},"end":{"line":251,"column":68}},"line":251},"7":{"name":"(anonymous_7)","decl":{"start":{"line":258,"column":41},"end":{"line":258,"column":71}},"loc":{"start":{"line":258,"column":41},"end":{"line":258,"column":100}},"line":258},"8":{"name":"(anonymous_8)","decl":{"start":{"line":328,"column":41},"end":{"line":328,"column":56}},"loc":{"start":{"line":328,"column":41},"end":{"line":328,"column":74}},"line":328},"9":{"name":"(anonymous_9)","decl":{"start":{"line":330,"column":41},"end":{"line":330,"column":71}},"loc":{"start":{"line":330,"column":41},"end":{"line":330,"column":83}},"line":330},"10":{"name":"(anonymous_10)","decl":{"start":{"line":338,"column":1},"end":{"line":338,"column":17}},"loc":{"start":{"line":338,"column":17},"end":{"line":340,"column":4}},"line":338},"11":{"name":"(anonymous_11)","decl":{"start":{"line":339,"column":19},"end":{"line":339,"column":28}},"loc":{"start":{"line":339,"column":36},"end":{"line":339,"column":64}},"line":339},"12":{"name":"(anonymous_12)","decl":{"start":{"line":342,"column":1},"end":{"line":342,"column":17}},"loc":{"start":{"line":342,"column":17},"end":{"line":344,"column":4}},"line":342},"13":{"name":"(anonymous_13)","decl":{"start":{"line":346,"column":1},"end":{"line":346,"column":17}},"loc":{"start":{"line":346,"column":17},"end":{"line":348,"column":4}},"line":346},"14":{"name":"(anonymous_14)","decl":{"start":{"line":350,"column":1},"end":{"line":350,"column":17}},"loc":{"start":{"line":350,"column":17},"end":{"line":352,"column":4}},"line":350},"15":{"name":"(anonymous_15)","decl":{"start":{"line":354,"column":1},"end":{"line":354,"column":17}},"loc":{"start":{"line":354,"column":17},"end":{"line":356,"column":4}},"line":354},"16":{"name":"(anonymous_16)","decl":{"start":{"line":358,"column":1},"end":{"line":358,"column":17}},"loc":{"start":{"line":358,"column":17},"end":{"line":360,"column":4}},"line":358},"17":{"name":"(anonymous_17)","decl":{"start":{"line":362,"column":1},"end":{"line":362,"column":17}},"loc":{"start":{"line":362,"column":17},"end":{"line":364,"column":4}},"line":362},"18":{"name":"(anonymous_18)","decl":{"start":{"line":366,"column":1},"end":{"line":366,"column":17}},"loc":{"start":{"line":366,"column":17},"end":{"line":368,"column":4}},"line":366},"19":{"name":"(anonymous_19)","decl":{"start":{"line":370,"column":1},"end":{"line":370,"column":17}},"loc":{"start":{"line":370,"column":17},"end":{"line":372,"column":4}},"line":370},"20":{"name":"(anonymous_20)","decl":{"start":{"line":374,"column":1},"end":{"line":374,"column":17}},"loc":{"start":{"line":374,"column":17},"end":{"line":384,"column":4}},"line":374},"21":{"name":"(anonymous_21)","decl":{"start":{"line":376,"column":31},"end":{"line":376,"column":37}},"loc":{"start":{"line":376,"column":43},"end":{"line":376,"column":62}},"line":376},"22":{"name":"(anonymous_22)","decl":{"start":{"line":377,"column":3},"end":{"line":377,"column":14}},"loc":{"start":{"line":377,"column":24},"end":{"line":382,"column":5}},"line":377},"23":{"name":"(anonymous_23)","decl":{"start":{"line":379,"column":42},"end":{"line":379,"column":48}},"loc":{"start":{"line":379,"column":54},"end":{"line":379,"column":77}},"line":379},"24":{"name":"(anonymous_24)","decl":{"start":{"line":380,"column":50},"end":{"line":380,"column":56}},"loc":{"start":{"line":380,"column":62},"end":{"line":380,"column":89}},"line":380},"25":{"name":"(anonymous_25)","decl":{"start":{"line":381,"column":46},"end":{"line":381,"column":52}},"loc":{"start":{"line":381,"column":58},"end":{"line":381,"column":83}},"line":381},"26":{"name":"(anonymous_26)","decl":{"start":{"line":387,"column":1},"end":{"line":387,"column":17}},"loc":{"start":{"line":387,"column":17},"end":{"line":420,"column":4}},"line":387},"27":{"name":"(anonymous_27)","decl":{"start":{"line":389,"column":30},"end":{"line":389,"column":36}},"loc":{"start":{"line":389,"column":45},"end":{"line":389,"column":75}},"line":389},"28":{"name":"(anonymous_28)","decl":{"start":{"line":406,"column":47},"end":{"line":406,"column":null}},"loc":{"start":{"line":407,"column":12},"end":{"line":407,"column":null}},"line":407},"29":{"name":"(anonymous_29)","decl":{"start":{"line":409,"column":38},"end":{"line":409,"column":43}},"loc":{"start":{"line":409,"column":50},"end":{"line":414,"column":6}},"line":409},"30":{"name":"(anonymous_30)","decl":{"start":{"line":443,"column":43},"end":{"line":443,"column":51}},"loc":{"start":{"line":443,"column":57},"end":{"line":443,"column":97}},"line":443},"31":{"name":"(anonymous_31)","decl":{"start":{"line":445,"column":7},"end":{"line":445,"column":36}},"loc":{"start":{"line":445,"column":36},"end":{"line":445,"column":null}},"line":445},"32":{"name":"(anonymous_32)","decl":{"start":{"line":448,"column":3},"end":{"line":448,"column":11}},"loc":{"start":{"line":448,"column":17},"end":{"line":448,"column":68}},"line":448},"33":{"name":"(anonymous_33)","decl":{"start":{"line":449,"column":3},"end":{"line":449,"column":11}},"loc":{"start":{"line":449,"column":22},"end":{"line":449,"column":58}},"line":449},"34":{"name":"(anonymous_34)","decl":{"start":{"line":452,"column":3},"end":{"line":452,"column":11}},"loc":{"start":{"line":452,"column":17},"end":{"line":452,"column":68}},"line":452},"35":{"name":"(anonymous_35)","decl":{"start":{"line":453,"column":3},"end":{"line":453,"column":11}},"loc":{"start":{"line":453,"column":22},"end":{"line":453,"column":58}},"line":453},"36":{"name":"(anonymous_36)","decl":{"start":{"line":456,"column":3},"end":{"line":456,"column":11}},"loc":{"start":{"line":456,"column":17},"end":{"line":456,"column":69}},"line":456},"37":{"name":"(anonymous_37)","decl":{"start":{"line":457,"column":3},"end":{"line":457,"column":11}},"loc":{"start":{"line":457,"column":22},"end":{"line":457,"column":58}},"line":457},"38":{"name":"(anonymous_38)","decl":{"start":{"line":460,"column":3},"end":{"line":460,"column":11}},"loc":{"start":{"line":460,"column":17},"end":{"line":460,"column":69}},"line":460},"39":{"name":"(anonymous_39)","decl":{"start":{"line":461,"column":3},"end":{"line":461,"column":11}},"loc":{"start":{"line":461,"column":22},"end":{"line":461,"column":58}},"line":461},"40":{"name":"(anonymous_40)","decl":{"start":{"line":464,"column":29},"end":{"line":464,"column":37}},"loc":{"start":{"line":464,"column":43},"end":{"line":472,"column":2}},"line":464},"41":{"name":"(anonymous_41)","decl":{"start":{"line":476,"column":3},"end":{"line":476,"column":11}},"loc":{"start":{"line":476,"column":17},"end":{"line":476,"column":84}},"line":476},"42":{"name":"(anonymous_42)","decl":{"start":{"line":477,"column":3},"end":{"line":477,"column":11}},"loc":{"start":{"line":477,"column":22},"end":{"line":477,"column":48}},"line":477},"43":{"name":"(anonymous_43)","decl":{"start":{"line":480,"column":3},"end":{"line":480,"column":11}},"loc":{"start":{"line":480,"column":17},"end":{"line":480,"column":84}},"line":480},"44":{"name":"(anonymous_44)","decl":{"start":{"line":481,"column":3},"end":{"line":481,"column":11}},"loc":{"start":{"line":481,"column":22},"end":{"line":481,"column":48}},"line":481},"45":{"name":"(anonymous_45)","decl":{"start":{"line":487,"column":63},"end":{"line":487,"column":68}},"loc":{"start":{"line":487,"column":74},"end":{"line":487,"column":82}},"line":487},"46":{"name":"(anonymous_46)","decl":{"start":{"line":490,"column":40},"end":{"line":490,"column":null}},"loc":{"start":{"line":491,"column":3},"end":{"line":491,"column":null}},"line":491},"47":{"name":"(anonymous_47)","decl":{"start":{"line":493,"column":56},"end":{"line":493,"column":64}},"loc":{"start":{"line":493,"column":75},"end":{"line":493,"column":94}},"line":493},"48":{"name":"(anonymous_48)","decl":{"start":{"line":498,"column":64},"end":{"line":498,"column":72}},"loc":{"start":{"line":498,"column":83},"end":{"line":500,"column":4}},"line":498},"49":{"name":"(anonymous_49)","decl":{"start":{"line":502,"column":56},"end":{"line":502,"column":64}},"loc":{"start":{"line":502,"column":75},"end":{"line":505,"column":4}},"line":502},"50":{"name":"(anonymous_50)","decl":{"start":{"line":517,"column":7},"end":{"line":517,"column":28}},"loc":{"start":{"line":517,"column":67},"end":{"line":534,"column":null}},"line":517},"51":{"name":"(anonymous_51)","decl":{"start":{"line":523,"column":71},"end":{"line":523,"column":79}},"loc":{"start":{"line":523,"column":90},"end":{"line":523,"column":121}},"line":523},"52":{"name":"(anonymous_52)","decl":{"start":{"line":536,"column":7},"end":{"line":536,"column":34}},"loc":{"start":{"line":536,"column":34},"end":{"line":549,"column":null}},"line":536},"53":{"name":"(anonymous_53)","decl":{"start":{"line":551,"column":7},"end":{"line":551,"column":37}},"loc":{"start":{"line":551,"column":37},"end":{"line":583,"column":null}},"line":551},"54":{"name":"(anonymous_54)","decl":{"start":{"line":553,"column":30},"end":{"line":553,"column":36}},"loc":{"start":{"line":553,"column":45},"end":{"line":553,"column":75}},"line":553},"55":{"name":"(anonymous_55)","decl":{"start":{"line":557,"column":14},"end":{"line":557,"column":20}},"loc":{"start":{"line":557,"column":26},"end":{"line":557,"column":47}},"line":557},"56":{"name":"(anonymous_56)","decl":{"start":{"line":568,"column":44},"end":{"line":568,"column":null}},"loc":{"start":{"line":569,"column":10},"end":{"line":569,"column":null}},"line":569},"57":{"name":"(anonymous_57)","decl":{"start":{"line":571,"column":38},"end":{"line":571,"column":43}},"loc":{"start":{"line":571,"column":50},"end":{"line":576,"column":4}},"line":571},"58":{"name":"(anonymous_58)","decl":{"start":{"line":580,"column":3},"end":{"line":580,"column":20}},"loc":{"start":{"line":580,"column":29},"end":{"line":580,"column":49}},"line":580},"59":{"name":"(anonymous_59)","decl":{"start":{"line":585,"column":7},"end":{"line":585,"column":31}},"loc":{"start":{"line":585,"column":70},"end":{"line":669,"column":null}},"line":585},"60":{"name":"(anonymous_60)","decl":{"start":{"line":589,"column":8},"end":{"line":589,"column":28}},"loc":{"start":{"line":589,"column":63},"end":{"line":596,"column":null}},"line":589},"61":{"name":"(anonymous_61)","decl":{"start":{"line":590,"column":28},"end":{"line":590,"column":34}},"loc":{"start":{"line":590,"column":40},"end":{"line":590,"column":55}},"line":590},"62":{"name":"(anonymous_62)","decl":{"start":{"line":591,"column":26},"end":{"line":591,"column":32}},"loc":{"start":{"line":591,"column":38},"end":{"line":591,"column":51}},"line":591},"63":{"name":"(anonymous_63)","decl":{"start":{"line":598,"column":8},"end":{"line":598,"column":34}},"loc":{"start":{"line":598,"column":34},"end":{"line":603,"column":null}},"line":598},"64":{"name":"(anonymous_64)","decl":{"start":{"line":605,"column":8},"end":{"line":605,"column":30}},"loc":{"start":{"line":605,"column":78},"end":{"line":618,"column":null}},"line":605},"65":{"name":"(anonymous_65)","decl":{"start":{"line":610,"column":25},"end":{"line":610,"column":31}},"loc":{"start":{"line":610,"column":37},"end":{"line":610,"column":62}},"line":610},"66":{"name":"(anonymous_66)","decl":{"start":{"line":645,"column":5},"end":{"line":645,"column":10}},"loc":{"start":{"line":645,"column":16},"end":{"line":645,"column":23}},"line":645},"67":{"name":"(anonymous_67)","decl":{"start":{"line":646,"column":5},"end":{"line":646,"column":13}},"loc":{"start":{"line":646,"column":19},"end":{"line":646,"column":35}},"line":646},"68":{"name":"(anonymous_68)","decl":{"start":{"line":650,"column":16},"end":{"line":650,"column":25}},"loc":{"start":{"line":650,"column":31},"end":{"line":658,"column":4}},"line":650},"69":{"name":"(anonymous_69)","decl":{"start":{"line":671,"column":7},"end":{"line":671,"column":37}},"loc":{"start":{"line":671,"column":57},"end":{"line":687,"column":null}},"line":671},"70":{"name":"(anonymous_70)","decl":{"start":{"line":689,"column":7},"end":{"line":689,"column":36}},"loc":{"start":{"line":689,"column":75},"end":{"line":833,"column":null}},"line":689},"71":{"name":"(anonymous_71)","decl":{"start":{"line":697,"column":8},"end":{"line":697,"column":28}},"loc":{"start":{"line":697,"column":63},"end":{"line":704,"column":null}},"line":697},"72":{"name":"(anonymous_72)","decl":{"start":{"line":698,"column":28},"end":{"line":698,"column":34}},"loc":{"start":{"line":698,"column":40},"end":{"line":698,"column":55}},"line":698},"73":{"name":"(anonymous_73)","decl":{"start":{"line":699,"column":26},"end":{"line":699,"column":32}},"loc":{"start":{"line":699,"column":38},"end":{"line":699,"column":51}},"line":699},"74":{"name":"(anonymous_74)","decl":{"start":{"line":706,"column":8},"end":{"line":706,"column":34}},"loc":{"start":{"line":706,"column":34},"end":{"line":711,"column":null}},"line":706},"75":{"name":"(anonymous_75)","decl":{"start":{"line":713,"column":8},"end":{"line":713,"column":30}},"loc":{"start":{"line":713,"column":78},"end":{"line":726,"column":null}},"line":713},"76":{"name":"(anonymous_76)","decl":{"start":{"line":718,"column":25},"end":{"line":718,"column":31}},"loc":{"start":{"line":718,"column":37},"end":{"line":718,"column":64}},"line":718},"77":{"name":"(anonymous_77)","decl":{"start":{"line":744,"column":2},"end":{"line":744,"column":19}},"loc":{"start":{"line":744,"column":28},"end":{"line":830,"column":3}},"line":744},"78":{"name":"(anonymous_78)","decl":{"start":{"line":745,"column":25},"end":{"line":745,"column":30}},"loc":{"start":{"line":745,"column":49},"end":{"line":801,"column":4}},"line":745},"79":{"name":"(anonymous_79)","decl":{"start":{"line":807,"column":6},"end":{"line":807,"column":11}},"loc":{"start":{"line":807,"column":17},"end":{"line":807,"column":24}},"line":807},"80":{"name":"(anonymous_80)","decl":{"start":{"line":808,"column":6},"end":{"line":808,"column":14}},"loc":{"start":{"line":808,"column":20},"end":{"line":808,"column":36}},"line":808},"81":{"name":"(anonymous_81)","decl":{"start":{"line":812,"column":17},"end":{"line":812,"column":26}},"loc":{"start":{"line":812,"column":32},"end":{"line":825,"column":5}},"line":812},"82":{"name":"(anonymous_82)","decl":{"start":{"line":814,"column":21},"end":{"line":814,"column":27}},"loc":{"start":{"line":814,"column":33},"end":{"line":814,"column":49}},"line":814},"83":{"name":"(anonymous_83)","decl":{"start":{"line":835,"column":7},"end":{"line":835,"column":34}},"loc":{"start":{"line":835,"column":49},"end":{"line":858,"column":null}},"line":835},"84":{"name":"(anonymous_84)","decl":{"start":{"line":836,"column":32},"end":{"line":836,"column":38}},"loc":{"start":{"line":836,"column":44},"end":{"line":836,"column":55}},"line":836},"85":{"name":"(anonymous_85)","decl":{"start":{"line":847,"column":18},"end":{"line":847,"column":null}},"loc":{"start":{"line":849,"column":7},"end":{"line":850,"column":null}},"line":849},"86":{"name":"(anonymous_86)","decl":{"start":{"line":857,"column":31},"end":{"line":857,"column":39}},"loc":{"start":{"line":857,"column":45},"end":{"line":857,"column":56}},"line":857},"87":{"name":"(anonymous_87)","decl":{"start":{"line":860,"column":7},"end":{"line":860,"column":27}},"loc":{"start":{"line":860,"column":42},"end":{"line":866,"column":null}},"line":860},"88":{"name":"(anonymous_88)","decl":{"start":{"line":861,"column":17},"end":{"line":861,"column":25}},"loc":{"start":{"line":861,"column":31},"end":{"line":861,"column":42}},"line":861},"89":{"name":"(anonymous_89)","decl":{"start":{"line":862,"column":65},"end":{"line":862,"column":73}},"loc":{"start":{"line":862,"column":84},"end":{"line":862,"column":97}},"line":862},"90":{"name":"(anonymous_90)","decl":{"start":{"line":868,"column":7},"end":{"line":868,"column":24}},"loc":{"start":{"line":868,"column":63},"end":{"line":947,"column":null}},"line":868},"91":{"name":"(anonymous_91)","decl":{"start":{"line":899,"column":42},"end":{"line":899,"column":null}},"loc":{"start":{"line":900,"column":4},"end":{"line":900,"column":null}},"line":900},"92":{"name":"(anonymous_92)","decl":{"start":{"line":910,"column":38},"end":{"line":910,"column":null}},"loc":{"start":{"line":911,"column":21},"end":{"line":911,"column":null}},"line":911},"93":{"name":"(anonymous_93)","decl":{"start":{"line":949,"column":7},"end":{"line":949,"column":27}},"loc":{"start":{"line":949,"column":66},"end":{"line":962,"column":null}},"line":949},"94":{"name":"(anonymous_94)","decl":{"start":{"line":964,"column":7},"end":{"line":964,"column":32}},"loc":{"start":{"line":964,"column":71},"end":{"line":983,"column":null}},"line":964},"95":{"name":"(anonymous_95)","decl":{"start":{"line":969,"column":23},"end":{"line":969,"column":28}},"loc":{"start":{"line":969,"column":36},"end":{"line":979,"column":3}},"line":969},"96":{"name":"(anonymous_96)","decl":{"start":{"line":985,"column":7},"end":{"line":985,"column":33}},"loc":{"start":{"line":985,"column":50},"end":{"line":992,"column":null}},"line":985},"97":{"name":"(anonymous_97)","decl":{"start":{"line":994,"column":7},"end":{"line":994,"column":30}},"loc":{"start":{"line":994,"column":45},"end":{"line":1021,"column":null}},"line":994},"98":{"name":"(anonymous_98)","decl":{"start":{"line":1000,"column":24},"end":{"line":1000,"column":32}},"loc":{"start":{"line":1000,"column":38},"end":{"line":1000,"column":49}},"line":1000},"99":{"name":"(anonymous_99)","decl":{"start":{"line":1002,"column":3},"end":{"line":1002,"column":20}},"loc":{"start":{"line":1003,"column":4},"end":{"line":1009,"column":null}},"line":1003},"100":{"name":"(anonymous_100)","decl":{"start":{"line":1003,"column":9},"end":{"line":1003,"column":14}},"loc":{"start":{"line":1003,"column":20},"end":{"line":1009,"column":5}},"line":1003},"101":{"name":"(anonymous_101)","decl":{"start":{"line":1012,"column":3},"end":{"line":1012,"column":13}},"loc":{"start":{"line":1013,"column":4},"end":{"line":1018,"column":null}},"line":1013},"102":{"name":"(anonymous_102)","decl":{"start":{"line":1013,"column":9},"end":{"line":1013,"column":14}},"loc":{"start":{"line":1013,"column":20},"end":{"line":1018,"column":5}},"line":1013},"103":{"name":"(anonymous_103)","decl":{"start":{"line":1023,"column":7},"end":{"line":1023,"column":30}},"loc":{"start":{"line":1023,"column":45},"end":{"line":1032,"column":null}},"line":1023},"104":{"name":"(anonymous_104)","decl":{"start":{"line":1024,"column":21},"end":{"line":1024,"column":27}},"loc":{"start":{"line":1024,"column":36},"end":{"line":1024,"column":50}},"line":1024},"105":{"name":"(anonymous_105)","decl":{"start":{"line":1028,"column":66},"end":{"line":1028,"column":74}},"loc":{"start":{"line":1028,"column":85},"end":{"line":1028,"column":98}},"line":1028},"106":{"name":"(anonymous_106)","decl":{"start":{"line":1034,"column":7},"end":{"line":1034,"column":35}},"loc":{"start":{"line":1034,"column":114},"end":{"line":1039,"column":null}},"line":1034},"107":{"name":"(anonymous_107)","decl":{"start":{"line":1035,"column":2},"end":{"line":1035,"column":15}},"loc":{"start":{"line":1035,"column":25},"end":{"line":1038,"column":4}},"line":1035},"108":{"name":"(anonymous_108)","decl":{"start":{"line":1037,"column":27},"end":{"line":1037,"column":32}},"loc":{"start":{"line":1037,"column":45},"end":{"line":1037,"column":100}},"line":1037},"109":{"name":"(anonymous_109)","decl":{"start":{"line":1041,"column":7},"end":{"line":1041,"column":37}},"loc":{"start":{"line":1041,"column":37},"end":{"line":1046,"column":null}},"line":1041},"110":{"name":"(anonymous_110)","decl":{"start":{"line":1042,"column":2},"end":{"line":1042,"column":15}},"loc":{"start":{"line":1042,"column":25},"end":{"line":1045,"column":4}},"line":1042},"111":{"name":"(anonymous_111)","decl":{"start":{"line":1048,"column":7},"end":{"line":1048,"column":35}},"loc":{"start":{"line":1048,"column":50},"end":{"line":1053,"column":null}},"line":1048},"112":{"name":"(anonymous_112)","decl":{"start":{"line":1049,"column":2},"end":{"line":1049,"column":15}},"loc":{"start":{"line":1049,"column":25},"end":{"line":1052,"column":4}},"line":1049},"113":{"name":"(anonymous_113)","decl":{"start":{"line":1051,"column":54},"end":{"line":1051,"column":62}},"loc":{"start":{"line":1051,"column":74},"end":{"line":1051,"column":91}},"line":1051},"114":{"name":"(anonymous_114)","decl":{"start":{"line":1055,"column":7},"end":{"line":1055,"column":45}},"loc":{"start":{"line":1055,"column":87},"end":{"line":1069,"column":null}},"line":1055},"115":{"name":"(anonymous_115)","decl":{"start":{"line":1056,"column":37},"end":{"line":1056,"column":42}},"loc":{"start":{"line":1056,"column":51},"end":{"line":1066,"column":3}},"line":1056},"116":{"name":"(anonymous_116)","decl":{"start":{"line":1060,"column":36},"end":{"line":1060,"column":41}},"loc":{"start":{"line":1061,"column":5},"end":{"line":1063,"column":null}},"line":1061},"117":{"name":"(anonymous_117)","decl":{"start":{"line":1068,"column":39},"end":{"line":1068,"column":45}},"loc":{"start":{"line":1068,"column":54},"end":{"line":1068,"column":72}},"line":1068},"118":{"name":"(anonymous_118)","decl":{"start":{"line":1072,"column":25},"end":{"line":1072,"column":32}},"loc":{"start":{"line":1072,"column":57},"end":{"line":1139,"column":null}},"line":1072},"119":{"name":"(anonymous_119)","decl":{"start":{"line":1133,"column":3},"end":{"line":1133,"column":20}},"loc":{"start":{"line":1133,"column":29},"end":{"line":1133,"column":45}},"line":1133},"120":{"name":"(anonymous_120)","decl":{"start":{"line":1141,"column":7},"end":{"line":1141,"column":31}},"loc":{"start":{"line":1141,"column":31},"end":{"line":1146,"column":null}},"line":1141},"121":{"name":"(anonymous_121)","decl":{"start":{"line":1148,"column":7},"end":{"line":1148,"column":24}},"loc":{"start":{"line":1148,"column":49},"end":{"line":1166,"column":null}},"line":1148},"122":{"name":"(anonymous_122)","decl":{"start":{"line":1160,"column":26},"end":{"line":1160,"column":55}},"loc":{"start":{"line":1160,"column":70},"end":{"line":1162,"column":3}},"line":1160},"123":{"name":"(anonymous_123)","decl":{"start":{"line":1161,"column":29},"end":{"line":1161,"column":34}},"loc":{"start":{"line":1161,"column":43},"end":{"l
[...]
"start":{"line":84,"column":5},"end":{"line":84,"column":null}}],"line":76},"30":{"loc":{"start":{"line":78,"column":16},"end":{"line":78,"column":67}},"type":"binary-expr","locations":[{"start":{"line":78,"column":16},"end":{"line":78,"column":35}},{"start":{"line":78,"column":35},"end":{"line":78,"column":67}}],"line":78},"31":{"loc":{"start":{"line":81,"column":13},"end":{"line":81,"column":null}},"type":"cond-expr","locations":[{"start":{"line":81,"column":46},"end":{"line":81,"column":55}},{"start":{"line":81,"column":55},"end":{"line":81,"column":null}}],"line":81},"32":{"loc":{"start":{"line":82,"column":19},"end":{"line":82,"column":61}},"type":"binary-expr","locations":[{"start":{"line":82,"column":19},"end":{"line":82,"column":41}},{"start":{"line":82,"column":41},"end":{"line":82,"column":61}}],"line":82},"33":{"loc":{"start":{"line":87,"column":21},"end":{"line":87,"column":null}},"type":"binary-expr","locations":[{"start":{"line":87,"column":21},"end":{"line":87,"column":63}},{"start":{"line":87,"column":63},"end":{"line":87,"column":null}}],"line":87},"34":{"loc":{"start":{"line":112,"column":7},"end":{"line":112,"column":null}},"type":"cond-expr","locations":[{"start":{"line":112,"column":36},"end":{"line":112,"column":48}},{"start":{"line":112,"column":48},"end":{"line":112,"column":null}}],"line":112},"35":{"loc":{"start":{"line":152,"column":2},"end":{"line":166,"column":null}},"type":"if","locations":[{"start":{"line":152,"column":2},"end":{"line":166,"column":null}},{"start":{},"end":{}}],"line":152},"36":{"loc":{"start":{"line":154,"column":3},"end":{"line":165,"column":null}},"type":"if","locations":[{"start":{"line":154,"column":3},"end":{"line":165,"column":null}},{"start":{},"end":{}}],"line":154},"37":{"loc":{"start":{"line":154,"column":7},"end":{"line":154,"column":51}},"type":"binary-expr","locations":[{"start":{"line":154,"column":7},"end":{"line":154,"column":32}},{"start":{"line":154,"column":32},"end":{"line":154,"column":51}}],"line":154},"38":{"loc":{"start":{"line":160,"column":23},"end":{"line":160,"column":null}},"type":"cond-expr","locations":[{"start":{"line":160,"column":54},"end":{"line":160,"column":104}},{"start":{"line":160,"column":104},"end":{"line":160,"column":null}}],"line":160},"39":{"loc":{"start":{"line":161,"column":23},"end":{"line":161,"column":null}},"type":"cond-expr","locations":[{"start":{"line":161,"column":54},"end":{"line":161,"column":104}},{"start":{"line":161,"column":104},"end":{"line":161,"column":null}}],"line":161},"40":{"loc":{"start":{"line":172,"column":2},"end":{"line":172,"column":null}},"type":"if","locations":[{"start":{"line":172,"column":2},"end":{"line":172,"column":null}},{"start":{},"end":{}}],"line":172},"41":{"loc":{"start":{"line":175,"column":2},"end":{"line":175,"column":null}},"type":"if","locations":[{"start":{"line":175,"column":2},"end":{"line":175,"column":null}},{"start":{},"end":{}}],"line":175},"42":{"loc":{"start":{"line":178,"column":1},"end":{"line":180,"column":null}},"type":"if","locations":[{"start":{"line":178,"column":1},"end":{"line":180,"column":null}},{"start":{},"end":{}}],"line":178},"43":{"loc":{"start":{"line":185,"column":18},"end":{"line":185,"column":null}},"type":"cond-expr","locations":[{"start":{"line":185,"column":73},"end":{"line":185,"column":113}},{"start":{"line":185,"column":113},"end":{"line":185,"column":null}}],"line":185},"44":{"loc":{"start":{"line":223,"column":1},"end":{"line":234,"column":null}},"type":"if","locations":[{"start":{"line":223,"column":1},"end":{"line":234,"column":null}},{"start":{},"end":{}}],"line":223},"45":{"loc":{"start":{"line":226,"column":3},"end":{"line":232,"column":null}},"type":"if","locations":[{"start":{"line":226,"column":3},"end":{"line":232,"column":null}},{"start":{},"end":{}}],"line":226},"46":{"loc":{"start":{"line":226,"column":7},"end":{"line":226,"column":51}},"type":"binary-expr","locations":[{"start":{"line":226,"column":7},"end":{"line":226,"column":32}},{"start":{"line":226,"column":32},"end":{"line":226,"column":51}}],"line":226},"47":{"loc":{"start":{"line":237,"column":20},"end":{"line":237,"column":null}},"type":"binary-expr","locations":[{"start":{"line":237,"column":20},"end":{"line":237,"column":53}},{"start":{"line":237,"column":53},"end":{"line":237,"column":102}},{"start":{"line":237,"column":102},"end":{"line":237,"column":null}}],"line":237},"48":{"loc":{"start":{"line":238,"column":20},"end":{"line":238,"column":null}},"type":"binary-expr","locations":[{"start":{"line":238,"column":20},"end":{"line":238,"column":53}},{"start":{"line":238,"column":53},"end":{"line":238,"column":102}},{"start":{"line":238,"column":102},"end":{"line":238,"column":null}}],"line":238},"49":{"loc":{"start":{"line":241,"column":21},"end":{"line":241,"column":null}},"type":"cond-expr","locations":[{"start":{"line":241,"column":48},"end":{"line":241,"column":67}},{"start":{"line":241,"column":67},"end":{"line":241,"column":null}}],"line":241},"50":{"loc":{"start":{"line":242,"column":21},"end":{"line":242,"column":null}},"type":"cond-expr","locations":[{"start":{"line":242,"column":36},"end":{"line":242,"column":144}},{"start":{"line":242,"column":144},"end":{"line":242,"column":null}}],"line":242},"51":{"loc":{"start":{"line":242,"column":36},"end":{"line":242,"column":144}},"type":"cond-expr","locations":[{"start":{"line":242,"column":80},"end":{"line":242,"column":110}},{"start":{"line":242,"column":110},"end":{"line":242,"column":144}}],"line":242},"52":{"loc":{"start":{"line":243,"column":21},"end":{"line":243,"column":null}},"type":"cond-expr","locations":[{"start":{"line":243,"column":36},"end":{"line":243,"column":144}},{"start":{"line":243,"column":144},"end":{"line":243,"column":null}}],"line":243},"53":{"loc":{"start":{"line":243,"column":36},"end":{"line":243,"column":144}},"type":"cond-expr","locations":[{"start":{"line":243,"column":80},"end":{"line":243,"column":110}},{"start":{"line":243,"column":110},"end":{"line":243,"column":144}}],"line":243},"54":{"loc":{"start":{"line":253,"column":2},"end":{"line":257,"column":null}},"type":"if","locations":[{"start":{"line":253,"column":2},"end":{"line":257,"column":null}},{"start":{},"end":{}}],"line":253},"55":{"loc":{"start":{"line":253,"column":6},"end":{"line":253,"column":45}},"type":"binary-expr","locations":[{"start":{"line":253,"column":6},"end":{"line":253,"column":22}},{"start":{"line":253,"column":22},"end":{"line":253,"column":45}}],"line":253},"56":{"loc":{"start":{"line":254,"column":3},"end":{"line":254,"column":null}},"type":"if","locations":[{"start":{"line":254,"column":3},"end":{"line":254,"column":null}},{"start":{},"end":{}}],"line":254},"57":{"loc":{"start":{"line":255,"column":3},"end":{"line":255,"column":null}},"type":"if","locations":[{"start":{"line":255,"column":3},"end":{"line":255,"column":null}},{"start":{},"end":{}}],"line":255},"58":{"loc":{"start":{"line":261,"column":1},"end":{"line":264,"column":null}},"type":"if","locations":[{"start":{"line":261,"column":1},"end":{"line":264,"column":null}},{"start":{},"end":{}}],"line":261},"59":{"loc":{"start":{"line":284,"column":8},"end":{"line":284,"column":null}},"type":"binary-expr","locations":[{"start":{"line":284,"column":8},"end":{"line":284,"column":56}},{"start":{"line":284,"column":56},"end":{"line":284,"column":null}}],"line":284},"60":{"loc":{"start":{"line":300,"column":9},"end":{"line":300,"column":null}},"type":"cond-expr","locations":[{"start":{"line":300,"column":18},"end":{"line":300,"column":39}},{"start":{"line":300,"column":39},"end":{"line":300,"column":null}}],"line":300}},"s":{"0":3,"1":212,"2":33,"3":33,"4":33,"5":33,"6":3,"7":477,"8":773,"9":773,"10":773,"11":590,"12":183,"13":183,"14":1,"15":477,"16":3,"17":58,"18":58,"19":3,"20":29,"21":29,"22":29,"23":29,"24":29,"25":29,"26":29,"27":13,"28":12,"29":13,"30":13,"31":13,"32":13,"33":16,"34":3,"35":214,"36":3,"37":61,"38":3,"39":263,"40":3,"41":58,"42":3,"43":217,"44":217,"45":217,"46":42,"47":42,"48":40,"49":52,"50":52,"51":177,"52":177,"53":7,"54":7,"55":177,"56":17,"57":17,"58":177,"59":156,"60":21,"61":21,"62":21,"63":21,"64":217,"65":217,"66":217,"67":26,"68":26,"69":21,"70":3,"71":62,"72":3,"73":210,"74":210,"75":210,"76":210,"77":210,"78":210,"79":157,"80":157,"81":157,"82":155,"83":55,"84":210,"85":210,"86":3,"87":210,"88":210,"89":210,"90":210,"91":210,"92":11,"93":6,"94":1,"95":5,"96":5,"97":4,"98":5,"99":210,"100":55,"101":55,"102":55,"103":3,"104":57,"105":3,"106":53,"107":3,"108":54,"109":3,"110":54,"111":54,"112":54,"113":1,"114":3,"115":55},"f":{"0":212,"1":477,"2":773,"3":58,"4":29,"5":12,"6":214,"7":61,"8":263,"9":58,"10":217,"11":52,"12":7,"13":17,"14":62,"15":210,"16":3,"17":11,"18":57,"19":53,"20":54,"21":54,"22":55},"b":{"0":[33,179],"1":[212,212],"2":[590,183],"3":[181,1],"4":[477,296,296],"5":[19,39],"6":[3,36],"7":[58,10],"8":[58,10],"9":[58,10],"10":[2,8],"11":[1,7],"12":[58,9],"13":[17,41],"14":[5,53],"15":[46,12],"16":[58,54,53],"17":[30,28],"18":[58,53,49],"19":[39,19],"20":[1,57],"21":[1,57],"22":[29,7],"23":[29,5],"24":[29,7],"25":[2,27],"26":[29,28,28],"27":[1,28],"28":[13,16],"29":[12,1],"30":[12,0],"31":[1,11],"32":[12,0],"33":[13,2],"34":[15,1],"35":[42,175],"36":[40,2],"37":[42,41],"38":[2,50],"39":[2,50],"40":[7,0],"41":[17,0],"42":[156,21],"43":[0,21],"44":[157,53],"45":[155,2],"46":[157,156],"47":[55,55,54],"48":[210,55,54],"49":[15,40],"50":[15,40],"51":[15,0],"52":[15,40],"53":[15,0],"54":[6,5],"55":[11,7],"56":[1,5],"57":[1,4],"58":[55,155],"59":[53,52],"60":[5,49]},"meta":{"lastBranch":61,"lastFunction":23,"lastStatement":116,"seen":{"s:9:13:16:Infinity":0,"f:9:13:9:43":0,"b:10:1:15:Infinity:undefined:undefined:undefined:undefined":0,"s:10:1:15:Infinity":1,"b:10:5:10:38:10:38:10:85":1,"s:11:2:11:Infinity":2,"s:12:2:12:Infinity":3,"s:13:2:13:Infinity":4,"s:14:2:14:Infinity":5,"s:25:6:38:Infinity":6,"f:25:6:25:25":1,"s:26:7:35:Infinity":7,"f:26:7:26:15":2,"s:27:2:34:Infinity":8,"s:28:18:28:Infinity":9,"b:29:3:29:Infinity:undefined:undefined:undefined:undefined":2,"s:29:3:29:Infinity":10,"s:29:16:29:Infinity":11,"s:30:18:30:Infinity":12,"s:31:3:31:Infinity":13,"b:31:34:31:43:31:43:31:Infinity":3,"s:33:3:33:Infinity":14,"s:37:1:37:Infinity":15,"b:37:8:37:29:37:29:37:72:37:72:37:Infinity":4,"s:43:13:62:Infinity":16,"f:43:13:43:35":3,"s:45:2:46:Infinity":17,"b:45:38:45:Infinity:46:2:46:Infinity":5,"b:46:40:46:53:46:53:46:Infinity":6,"s:47:1:61:Infinity":18,"b:48:13:48:35:48:35:48:52":7,"b:49:15:49:39:49:39:49:62":8,"b:52:14:52:38:52:38:52:158":9,"b:52:60:52:88:52:88:52:158":10,"b:52:108:52:133:52:133:52:158":11,"b:53:15:53:39:53:39:53:80":12,"b:54:59:54:73:54:73:54:Infinity":13,"b:55:39:55:73:55:73:55:Infinity":14,"b:56:119:56:142:56:142:56:Infinity":15,"b:56:9:56:46:56:46:56:83:56:83:56:119":16,"b:57:124:57:148:57:148:57:Infinity":17,"b:57:10:57:48:57:48:57:86:57:86:57:124":18,"b:58:41:58:76:58:76:58:Infinity":19,"b:59:49:59:88:59:88:59:Infinity":20,"b:60:45:60:82:60:82:60:Infinity":21,"s:67:13:116:Infinity":19,"f:67:13:67:28":4,"s:68:12:68:Infinity":20,"b:68:19:68:34:68:34:68:44":22,"s:69:14:69:Infinity":21,"b:69:21:69:38:69:38:69:56":23,"s:70:13:70:Infinity":22,"b:70:20:70:36:70:36:70:56":24,"s:71:7:71:Infinity":23,"s:72:15:72:Infinity":24,"b:72:104:72:120:72:120:72:Infinity":25,"b:72:15:72:45:72:45:72:75:72:75:72:104":26,"s:73:26:73:Infinity":25,"b:73:54:73:89:73:89:73:Infinity":27,"b:75:1:101:Infinity:undefined:undefined:undefined:undefined":28,"s:75:1:101:Infinity":26,"s:76:49:84:Infinity":27,"b:77:5:83:Infinity:84:5:84:Infinity":29,"f:77:26:77:31":5,"s:77:68:83:6":28,"b:78:16:78:35:78:35:78:67":30,"b:81:46:81:55:81:55:81:Infinity":31,"b:82:19:82:41:82:41:82:61":32,"s:85:25:85:Infinity":29,"s:86:15:86:Infinity":30,"s:87:21:87:Infinity":31,"b:87:21:87:63:87:63:87:Infinity":33,"s:88:2:100:Infinity":32,"s:103:1:115:Infinity":33,"b:112:36:112:48:112:48:112:Infinity":34,"s:121:13:123:Infinity":34,"f:121:13:121:59":6,"s:122:1:122:Infinity":35,"s:128:13:130:Infinity":36,"f:128:13:128:39":7,"s:129:1:129:Infinity":37,"s:135:13:137:Infinity":38,"f:135:13:135:45":8,"s:136:1:136:Infinity":39,"s:142:13:144:Infinity":40,"f:142:13:142:32":9,"s:143:1:143:Infinity":41,"s:149:13:199:Infinity":42,"f:149:13:149:34":10,"s:150:1:167:Infinity":43,"s:151:17:151:Infinity":44,"b:152:2:166:Infinity:undefined:undefined:undefined:undefined":35,"s:152:2:166:Infinity":45,"s:153:18:153:Infinity":46,"b:154:3:165:Infinity:undefined:undefined:undefined:undefined":36,"s:154:3:165:Infinity":47,"b:154:7:154:32:154:32:154:51":37,"s:155:4:164:Infinity":48,"f:155:18:155:23":11,"s:156:11:156:Infinity":49,"s:157:5:163:Infinity":50,"b:160:54:160:104:160:104:160:Infinity":38,"b:161:54:161:104:161:104:161:Infinity":39,"s:170:16:170:Infinity":51,"s:171:1:173:Infinity":52,"f:171:12:171:21":12,"b:172:2:172:Infinity:undefined:undefined:undefined:undefined":40,"s:172:2:172:Infinity":53,"s:172:14:172:Infinity":54,"s:174:1:176:Infinity":55,"f:174:15:174:24":13,"b:175:2:175:Infinity:undefined:undefined:undefined:undefined":41,"s:175:2:175:Infinity":56,"s:175:14:175:Infinity":57,"b:178:1:180:Infinity:undefined:undefined:undefined:undefined":42,"s:178:1:180:Infinity":58,"s:179:2:179:Infinity":59,"s:182:22:182:Infinity":60,"s:183:20:183:Infinity":61,"s:184:22:184:Infinity":62,"s:185:18:185:Infinity":63,"b:185:73:185:113:185:113:185:Infinity":43,"s:187:36:187:Infinity":64,"s:188:17:188:Infinity":65,"s:189:1:197:Infinity":66,"s:190:2:195:Infinity":67,"s:196:2:196:Infinity":68,"s:198:1:198:Infinity":69,"s:204:13:206:Infinity":70,"f:204:13:204:34":14,"s:205:1:205:Infinity":71,"s:212:13:271:Infinity":72,"f:212:13:212:Infinity":15,"s:217:1:217:Infinity":73,"s:218:25:218:Infinity":74,"s:219:18:219:Infinity":75,"s:220:20:220:Infinity":76,"s:222:24:222:Infinity":77,"b:223:1:234:Infinity:undefined:undefined:undefined:undefined":44,"s:223:1:234:Infinity":78,"s:224:2:233:Infinity":79,"s:225:18:225:Infinity":80,"b:226:3:232:Infinity:undefined:undefined:undefined:undefined":45,"s:226:3:232:Infinity":81,"b:226:7:226:32:226:32:226:51":46,"s:227:4:231:Infinity":82,"s:237:20:237:Infinity":83,"b:237:20:237:53:237:53:237:102:237:102:237:Infinity":47,"s:238:20:238:Infinity":84,"b:238:20:238:53:238:53:238:102:238:102:238:Infinity":48,"s:240:23:240:Infinity":85,"f:240:39:240:45":16,"s:240:54:240:84":86,"s:241:21:241:Infinity":87,"b:241:48:241:67:241:67:241:Infinity":49,"s:242:21:242:Infinity":88,"b:242:36:242:144:242:144:242:Infinity":50,"b:242:80:242:110:242:110:242:144":51,"s:243:21:243:Infinity":89,"b:243:36:243:144:243:144:243:Infinity":52,"b:243:80:243:110:243:110:243:144":53,"s:245:37:249:Infinity":90,"s:252:30:259:Infinity":91,"f:252:46:252:50":17,"b:253:2:257:Infinity:undefined:undefined:undefined:undefined":54,"s:253:2:257:Infinity":92,"b:253:6:253:22:253:22:253:45":55,"b:254:3:254:Infinity:undefined:undefined:undefined:undefined":56,"s:254:3:254:Infinity":93,"s:254:28:254:Infinity":94,"b:255:3:255:Infinity:undefined:undefined:undefined:undefined":57,"s:255:3:255:Infinity":95,"s:255:28:255:Infinity":96,"s:256:3:256:Infinity":97,"s:258:2:258:Infinity":98,"b:261:1:264:Infinity:undefined:undefined:undefined:undefined":58,"s:261:1:264:Infinity":99,"s:262:2:262:Infinity":100,"s:263:2:263:Infinity":101,"s:266:1:270:Infinity":102,"s:276:13:278:Infinity":103,"f:276:13:276:35":18,"s:277:1:277:Infinity":104,"s:283:13:285:Infinity":105,"f:283:13:283:46":19,"s:284:1:284:Infinity":106,"b:284:8:284:56:284:56:284:Infinity":59,"s:290:13:292:Infinity":107,"f:290:13:290:33":20,"s:291:1:291:Infinity":108,"s:297:13:304:Infinity":109,"f:297:13:297:47":21,"s:298:1:303:Infinity":110,"s:299:17:299:Infinity":111,"s:300:2:300:Infinity":112,"b:300:18:300:39:300:39:300:Infinity":60,"s:302:2:302:Infinity":113,"s:309:13:311:Infinity":114,"f:309:13:309:27":22,"s:310:1:310:Infinity":115}}}
,"C:\\Users\\sn4ke\\dev\\activos\\finanzas-snake\\src\\utils\\dateUtils.ts": {"path":"C:\\Users\\sn4ke\\dev\\activos\\finanzas-snake\\src\\utils\\dateUtils.ts","statementMap":{"0":{"start":{"line":7,"column":13},"end":{"line":9,"column":null}},"1":{"start":{"line":8,"column":1},"end":{"line":8,"column":null}},"2":{"start":{"line":18,"column":13},"end":{"line":22,"column":null}},"3":{"start":{"line":19,"column":28},"end":{"line":19,"column":null}},"4":{"start":{"line":20,"column":14},"end":{"line":20,"column":null}},"5":{"start":{"line":21,"column":1},"end":{"line":21,"column":null}},"6":{"start":{"line":32,"column":13},"end":{"line":39,"column":null}},"7":{"start":{"line":33,"column":28},"end":{"line":33,"column":null}},"8":{"start":{"line":34,"column":22},"end":{"line":34,"column":null}},"9":{"start":{"line":35,"column":24},"end":{"line":35,"column":null}},"10":{"start":{"line":36,"column":20},"end":{"line":36,"column":null}},"11":{"start":{"line":37,"column":16},"end":{"line":37,"column":null}},"12":{"start":{"line":38,"column":1},"end":{"line":38,"column":null}}},"fnMap":{"0":{"name":"(anonymous_0)","decl":{"start":{"line":7,"column":13},"end":{"line":7,"column":31}},"loc":{"start":{"line":7,"column":58},"end":{"line":9,"column":null}},"line":7},"1":{"name":"(anonymous_1)","decl":{"start":{"line":18,"column":13},"end":{"line":18,"column":33}},"loc":{"start":{"line":18,"column":80},"end":{"line":22,"column":null}},"line":18},"2":{"name":"(anonymous_2)","decl":{"start":{"line":32,"column":13},"end":{"line":32,"column":37}},"loc":{"start":{"line":32,"column":91},"end":{"line":39,"column":null}},"line":32}},"branchMap":{"0":{"loc":{"start":{"line":8,"column":8},"end":{"line":8,"column":null}},"type":"binary-expr","locations":[{"start":{"line":8,"column":8},"end":{"line":8,"column":34}},{"start":{"line":8,"column":34},"end":{"line":8,"column":null}}],"line":8}},"s":{"0":6,"1":365,"2":6,"3":104,"4":104,"5":104,"6":6,"7":12,"8":12,"9":12,"10":12,"11":12,"12":12},"f":{"0":365,"1":104,"2":12},"b":{"0":[365,9]},"meta":{"lastBranch":1,"lastFunction":3,"lastStatement":13,"seen":{"s:7:13:9:Infinity":0,"f:7:13:7:31":0,"s:8:1:8:Infinity":1,"b:8:8:8:34:8:34:8:Infinity":0,"s:18:13:22:Infinity":2,"f:18:13:18:33":1,"s:19:28:19:Infinity":3,"s:20:14:20:Infinity":4,"s:21:1:21:Infinity":5,"s:32:13:39:Infinity":6,"f:32:13:32:37":2,"s:33:28:33:Infinity":7,"s:34:22:34:Infinity":8,"s:35:24:35:Infinity":9,"s:36:20:36:Infinity":10,"s:37:16:37:Infinity":11,"s:38:1:38:Infinity":12}}}
,"C:\\Users\\sn4ke\\dev\\activos\\finanzas-snake\\src\\utils\\formatters.ts": {"path":"C:\\Users\\sn4ke\\dev\\activos\\finanzas-snake\\src\\utils\\formatters.ts","statementMap":{"0":{"start":{"line":10,"column":13},"end":{"line":13,"column":null}},"1":{"start":{"line":11,"column":16},"end":{"line":11,"column":null}},"2":{"start":{"line":12,"column":1},"end":{"line":12,"column":null}}},"fnMap":{"0":{"name":"(anonymous_0)","decl":{"start":{"line":10,"column":13},"end":{"line":10,"column":25}},"loc":{"start":{"line":10,"column":69},"end":{"line":13,"column":null}},"line":10}},"branchMap":{"0":{"loc":{"start":{"line":11,"column":16},"end":{"line":11,"column":null}},"type":"cond-expr","locations":[{"start":{"line":11,"column":44},"end":{"line":11,"column":52}},{"start":{"line":11,"column":52},"end":{"line":11,"column":null}}],"line":11},"1":{"loc":{"start":{"line":11,"column":63},"end":{"line":11,"column":74}},"type":"binary-expr","locations":[{"start":{"line":11,"column":63},"end":{"line":11,"column":72}},{"start":{"line":11,"column":72},"end":{"line":11,"column":74}}],"line":11},"2":{"loc":{"start":{"line":12,"column":8},"end":{"line":12,"column":null}},"type":"cond-expr","locations":[{"start":{"line":12,"column":34},"end":{"line":12,"column":43}},{"start":{"line":12,"column":43},"end":{"line":12,"column":null}}],"line":12}},"s":{"0":6,"1":1853,"2":1853},"f":{"0":1853},"b":{"0":[1020,833],"1":[833,101],"2":[1571,282]},"meta":{"lastBranch":3,"lastFunction":1,"lastStatement":3,"seen":{"s:10:13:13:Infinity":0,"f:10:13:10:25":0,"s:11:16:11:Infinity":1,"b:11:44:11:52:11:52:11:Infinity":0,"b:11:63:11:72:11:72:11:74":1,"s:12:1:12:Infinity":2,"b:12:34:12:43:12:43:12:Infinity":2}}}
}
